<?xml version="1.0" encoding="UTF-8"?>
<robot generator="Robot 3.1.1 (Python 3.7.2 on win32)" generated="20190605 11:23:19.289" rpa="false">
<suite id="s1" name="Spectral Debug Level 24" source="E:\learn\robot\FSS_TEST\spectral_debug_level_24\spectral_debug_level_24.robot">
<kw name="Open Connection And Log In" type="setup">
<kw name="Open Connection" library="Telnet">
<doc>Opens a new Telnet connection to the given host and port.</doc>
<arguments>
<arg>${AC_IP}</arg>
<arg>port=${AC_PORT}</arg>
</arguments>
<msg timestamp="20190605 11:23:19.356" level="INFO">Opening connection to 172.30.103.194:23 with prompt: (&gt;|#)$ (regexp)</msg>
<status status="PASS" starttime="20190605 11:23:19.356" endtime="20190605 11:23:19.364"></status>
</kw>
<kw name="Evaluate" library="BuiltIn">
<doc>Evaluates the given expression in Python and returns the results.</doc>
<arguments>
<arg>chr(int(3))</arg>
</arguments>
<assign>
<var>${CTRL_C}</var>
</assign>
<msg timestamp="20190605 11:23:19.365" level="INFO">${CTRL_C} = </msg>
<status status="PASS" starttime="20190605 11:23:19.364" endtime="20190605 11:23:19.365"></status>
</kw>
<kw name="Set Timeout" library="Telnet">
<doc>Sets the timeout used for waiting output in the current connection.</doc>
<arguments>
<arg>1s</arg>
</arguments>
<status status="PASS" starttime="20190605 11:23:19.365" endtime="20190605 11:23:19.365"></status>
</kw>
<kw name="Sleep" library="BuiltIn">
<doc>Pauses the test executed for the given time.</doc>
<arguments>
<arg>1s</arg>
</arguments>
<msg timestamp="20190605 11:23:20.365" level="INFO">Slept 1 second</msg>
<status status="PASS" starttime="20190605 11:23:19.365" endtime="20190605 11:23:20.365"></status>
</kw>
<kw name="Write Bare" library="Telnet">
<doc>Writes the given text, and nothing else, into the connection.</doc>
<arguments>
<arg>${CTRL_C}</arg>
</arguments>
<status status="PASS" starttime="20190605 11:23:20.365" endtime="20190605 11:23:20.365"></status>
</kw>
<kw name="Read Until Prompt" library="Telnet">
<doc>Reads output until the prompt is encountered.</doc>
<msg timestamp="20190605 11:23:21.381" level="INFO">User Access Verification

Password:
Password:</msg>
<msg timestamp="20190605 11:23:21.381" level="FAIL">Prompt '(&gt;|#)$' not found in 1 second.</msg>
<status status="FAIL" starttime="20190605 11:23:20.365" endtime="20190605 11:23:21.381"></status>
</kw>
<status status="FAIL" starttime="20190605 11:23:19.356" endtime="20190605 11:23:21.382"></status>
</kw>
<test id="s1-t1" name="Test spectral enable radio 1 是否实际生效">
<doc>测试配置是否生效.</doc>
<status status="FAIL" starttime="20190605 11:23:21.401" endtime="20190605 11:23:21.411" critical="yes">Parent suite setup failed:
Prompt '(&gt;|#)$' not found in 1 second.</status>
</test>
<test id="s1-t2" name="Test spectral enable radio 2 是否实际生效">
<status status="FAIL" starttime="20190605 11:23:21.419" endtime="20190605 11:23:21.420" critical="yes">Parent suite setup failed:
Prompt '(&gt;|#)$' not found in 1 second.</status>
</test>
<test id="s1-t3" name="Test spectral enable radio 3 是否实际生效">
<status status="FAIL" starttime="20190605 11:23:21.423" endtime="20190605 11:23:21.424" critical="yes">Parent suite setup failed:
Prompt '(&gt;|#)$' not found in 1 second.</status>
</test>
<test id="s1-t4" name="Test spectral enable radio x 结束">
<status status="FAIL" starttime="20190605 11:23:21.427" endtime="20190605 11:23:21.428" critical="yes">Parent suite setup failed:
Prompt '(&gt;|#)$' not found in 1 second.</status>
</test>
<kw name="Close All Connections" library="Telnet" type="teardown">
<doc>Closes all open connections and empties the connection cache.</doc>
<status status="PASS" starttime="20190605 11:23:21.431" endtime="20190605 11:23:21.431"></status>
</kw>
<doc>使用telnet库 进行spectral enable radio测试的案例，测试需要先配置AC、AP的IP、端口、名字、具体内容看Variables字段</doc>
<status status="FAIL" starttime="20190605 11:23:19.294" endtime="20190605 11:23:21.431">Suite setup failed:
Prompt '(&gt;|#)$' not found in 1 second.</status>
</suite>
<statistics>
<total>
<stat pass="0" fail="4">Critical Tests</stat>
<stat pass="0" fail="4">All Tests</stat>
</total>
<tag>
</tag>
<suite>
<stat pass="0" fail="4" id="s1" name="Spectral Debug Level 24">Spectral Debug Level 24</stat>
</suite>
</statistics>
<errors>
</errors>
</robot>
