<?xml version="1.0" encoding="UTF-8"?>
<robot generator="Robot 3.1.1 (Python 3.7.2 on win32)" generated="20190627 16:23:08.000" rpa="false">
<suite id="s1" name="Spectral Case1 02 5G Low" source="E:\learn\robot\FSS_TEST2\spectral_case1_02_5g_low\spectral_case1_02_5g_low.robot">
<kw name="Open Connection And Login And Disconnet Capwap" type="setup">
<kw name="Open Connection" library="Telnet">
<doc>Opens a new Telnet connection to the given host and port.</doc>
<arguments>
<arg>${AC_IP}</arg>
<arg>port=${AC_PORT}</arg>
</arguments>
<msg timestamp="20190627 16:23:08.513" level="INFO">Opening connection to 172.30.103.15:23 with prompt: (&gt;|#)$ (regexp)</msg>
<status status="PASS" starttime="20190627 16:23:08.513" endtime="20190627 16:23:08.520"></status>
</kw>
<kw name="Evaluate" library="BuiltIn">
<doc>Evaluates the given expression in Python and returns the results.</doc>
<arguments>
<arg>chr(int(3))</arg>
</arguments>
<assign>
<var>${CTRL_C}</var>
</assign>
<msg timestamp="20190627 16:23:08.522" level="INFO">${CTRL_C} = </msg>
<status status="PASS" starttime="20190627 16:23:08.521" endtime="20190627 16:23:08.522"></status>
</kw>
<kw name="Set Timeout" library="Telnet">
<doc>Sets the timeout used for waiting output in the current connection.</doc>
<arguments>
<arg>1s</arg>
</arguments>
<status status="PASS" starttime="20190627 16:23:08.522" endtime="20190627 16:23:08.522"></status>
</kw>
<kw name="Sleep" library="BuiltIn">
<doc>Pauses the test executed for the given time.</doc>
<arguments>
<arg>1s</arg>
</arguments>
<msg timestamp="20190627 16:23:09.523" level="INFO">Slept 1 second</msg>
<status status="PASS" starttime="20190627 16:23:08.522" endtime="20190627 16:23:09.523"></status>
</kw>
<kw name="Write Bare" library="Telnet">
<doc>Writes the given text, and nothing else, into the connection.</doc>
<arguments>
<arg>${CTRL_C}</arg>
</arguments>
<status status="PASS" starttime="20190627 16:23:09.523" endtime="20190627 16:23:09.524"></status>
</kw>
<kw name="Read Until Prompt" library="Telnet">
<doc>Reads output until the prompt is encountered.</doc>
<msg timestamp="20190627 16:23:09.524" level="INFO">WS5308#</msg>
<status status="PASS" starttime="20190627 16:23:09.524" endtime="20190627 16:23:09.524"></status>
</kw>
<kw name="Write" library="Telnet">
<doc>Writes the given text plus a newline into the connection.</doc>
<arguments>
<arg>co</arg>
</arguments>
<status status="PASS" starttime="20190627 16:23:09.524" endtime="20190627 16:23:09.545"></status>
</kw>
<kw name="Write" library="Telnet">
<doc>Writes the given text plus a newline into the connection.</doc>
<arguments>
<arg>ap-config ${AP_MAC}</arg>
</arguments>
<msg timestamp="20190627 16:23:09.572" level="INFO">WS5308#co</msg>
<status status="PASS" starttime="20190627 16:23:09.545" endtime="20190627 16:23:09.572"></status>
</kw>
<kw name="Write" library="Telnet">
<doc>Writes the given text plus a newline into the connection.</doc>
<arguments>
<arg>no spectral enable radio 1</arg>
</arguments>
<msg timestamp="20190627 16:23:09.813" level="INFO">Enter configuration commands, one per line.  End with CNTL/Z.</msg>
<status status="PASS" starttime="20190627 16:23:09.572" endtime="20190627 16:23:09.813"></status>
</kw>
<kw name="Write" library="Telnet">
<doc>Writes the given text plus a newline into the connection.</doc>
<arguments>
<arg>no spectral enable radio 2</arg>
</arguments>
<msg timestamp="20190627 16:23:09.845" level="INFO">WS5308(config)#ap-config 00d0.f822.334c</msg>
<status status="PASS" starttime="20190627 16:23:09.813" endtime="20190627 16:23:09.845"></status>
</kw>
<kw name="Write" library="Telnet">
<doc>Writes the given text plus a newline into the connection.</doc>
<arguments>
<arg>no spectral enable radio 3</arg>
</arguments>
<msg timestamp="20190627 16:23:09.912" level="INFO">You are going to config AP(AP740-I-newFlash), which is online now.</msg>
<status status="PASS" starttime="20190627 16:23:09.845" endtime="20190627 16:23:09.912"></status>
</kw>
<kw name="Write" library="Telnet">
<doc>Writes the given text plus a newline into the connection.</doc>
<arguments>
<arg>no spectral enable</arg>
</arguments>
<msg timestamp="20190627 16:23:09.944" level="INFO">WS5308(config-ap)#no spectral enable radio 1</msg>
<status status="PASS" starttime="20190627 16:23:09.912" endtime="20190627 16:23:09.945"></status>
</kw>
<kw name="Read Until Prompt" library="Telnet">
<doc>Reads output until the prompt is encountered.</doc>
<msg timestamp="20190627 16:23:10.345" level="INFO">WS5308(config-ap)#no spectral enable radio 2
WS5308(config-ap)#no spectral enable radio 3
WS5308(config-ap)#no spectral enable
WS5308(config-ap)#</msg>
<status status="PASS" starttime="20190627 16:23:09.945" endtime="20190627 16:23:10.345"></status>
</kw>
<kw name="Execute Command" library="Telnet">
<doc>Executes the given ``command`` and reads, logs, and returns everything until the prompt.</doc>
<arguments>
<arg>show ap-config running ${AP_NAME}</arg>
</arguments>
<assign>
<var>${output}</var>
</assign>
<msg timestamp="20190627 16:23:10.363" level="INFO">show ap-config running AP740-I-newFlash</msg>
<msg timestamp="20190627 16:23:10.895" level="INFO">Building configuration...
Current configuration: 177 bytes

!
ap-config AP740-I-newFlash
 ap-mac 00d0.f822.334c
 wlan-cap enable 1
 channel 157 radio 2
 chan-width 40 radio 1
 chan-width 40 radio 2
 chan-width 40 radio 3
!
end
WS5308(config-ap)#</msg>
<msg timestamp="20190627 16:23:10.895" level="INFO">${output} = 
Building configuration...
Current configuration: 177 bytes

!
ap-config AP740-I-newFlash
 ap-mac 00d0.f822.334c
 wlan-cap enable 1
 channel 157 radio 2
 chan-width 40 radio 1
 cha...</msg>
<status status="PASS" starttime="20190627 16:23:10.345" endtime="20190627 16:23:10.896"></status>
</kw>
<kw name="Should Not Match" library="BuiltIn">
<doc>Fails if the given ``string`` matches the given ``pattern``.</doc>
<arguments>
<arg>${output}</arg>
<arg>*spectral enable*</arg>
</arguments>
<status status="PASS" starttime="20190627 16:23:10.896" endtime="20190627 16:23:10.896"></status>
</kw>
<kw name="Open Connection" library="Telnet">
<doc>Opens a new Telnet connection to the given host and port.</doc>
<arguments>
<arg>${AP_IP}</arg>
<arg>port=${AP_PORT}</arg>
</arguments>
<msg timestamp="20190627 16:23:10.897" level="INFO">Opening connection to 172.30.103.76:23 with prompt: (&gt;|#)$ (regexp)</msg>
<status status="PASS" starttime="20190627 16:23:10.896" endtime="20190627 16:23:10.898"></status>
</kw>
<kw name="Evaluate" library="BuiltIn">
<doc>Evaluates the given expression in Python and returns the results.</doc>
<arguments>
<arg>chr(int(3))</arg>
</arguments>
<assign>
<var>${CTRL_C}</var>
</assign>
<msg timestamp="20190627 16:23:10.898" level="INFO">${CTRL_C} = </msg>
<status status="PASS" starttime="20190627 16:23:10.898" endtime="20190627 16:23:10.898"></status>
</kw>
<kw name="Set Timeout" library="Telnet">
<doc>Sets the timeout used for waiting output in the current connection.</doc>
<arguments>
<arg>1s</arg>
</arguments>
<status status="PASS" starttime="20190627 16:23:10.898" endtime="20190627 16:23:10.898"></status>
</kw>
<kw name="Sleep" library="BuiltIn">
<doc>Pauses the test executed for the given time.</doc>
<arguments>
<arg>1s</arg>
</arguments>
<msg timestamp="20190627 16:23:11.899" level="INFO">Slept 1 second</msg>
<status status="PASS" starttime="20190627 16:23:10.898" endtime="20190627 16:23:11.899"></status>
</kw>
<kw name="Write Bare" library="Telnet">
<doc>Writes the given text, and nothing else, into the connection.</doc>
<arguments>
<arg>${CTRL_C}</arg>
</arguments>
<status status="PASS" starttime="20190627 16:23:11.899" endtime="20190627 16:23:11.899"></status>
</kw>
<kw name="Read Until" library="Telnet">
<doc>Reads output until ``expected`` text is encountered.</doc>
<arguments>
<arg>Password:</arg>
</arguments>
<msg timestamp="20190627 16:23:11.900" level="INFO">User Access Verification

Password:</msg>
<status status="PASS" starttime="20190627 16:23:11.899" endtime="20190627 16:23:11.900"></status>
</kw>
<kw name="Write" library="Telnet">
<doc>Writes the given text plus a newline into the connection.</doc>
<arguments>
<arg>${AP_PWD}</arg>
</arguments>
<status status="PASS" starttime="20190627 16:23:11.900" endtime="20190627 16:23:11.901"></status>
</kw>
<kw name="Read Until Prompt" library="Telnet">
<doc>Reads output until the prompt is encountered.</doc>
<msg timestamp="20190627 16:23:12.110" level="INFO">Password:

AP740-I-newFlash&gt;</msg>
<status status="PASS" starttime="20190627 16:23:11.902" endtime="20190627 16:23:12.110"></status>
</kw>
<kw name="Write" library="Telnet">
<doc>Writes the given text plus a newline into the connection.</doc>
<arguments>
<arg>enable</arg>
</arguments>
<msg timestamp="20190627 16:23:12.319" level="INFO">enable</msg>
<status status="PASS" starttime="20190627 16:23:12.110" endtime="20190627 16:23:12.319"></status>
</kw>
<kw name="Read Until" library="Telnet">
<doc>Reads output until ``expected`` text is encountered.</doc>
<arguments>
<arg>Password:</arg>
</arguments>
<msg timestamp="20190627 16:23:12.320" level="INFO">Password:</msg>
<status status="PASS" starttime="20190627 16:23:12.320" endtime="20190627 16:23:12.320"></status>
</kw>
<kw name="Write" library="Telnet">
<doc>Writes the given text plus a newline into the connection.</doc>
<arguments>
<arg>${AP_EN_PWD}</arg>
</arguments>
<status status="PASS" starttime="20190627 16:23:12.320" endtime="20190627 16:23:12.322"></status>
</kw>
<kw name="Read Until Prompt" library="Telnet">
<doc>Reads output until the prompt is encountered.</doc>
<msg timestamp="20190627 16:23:12.530" level="INFO">AP740-I-newFlash#</msg>
<status status="PASS" starttime="20190627 16:23:12.323" endtime="20190627 16:23:12.530"></status>
</kw>
<status status="PASS" starttime="20190627 16:23:08.513" endtime="20190627 16:23:12.530"></status>
</kw>
<test id="s1-t1" name="Test bandwidth config and fss config">
<kw name="Switch Connection" library="Telnet">
<doc>Switches between active connections using an index or an alias.</doc>
<arguments>
<arg>1</arg>
</arguments>
<status status="PASS" starttime="20190627 16:23:12.532" endtime="20190627 16:23:12.533"></status>
</kw>
<kw name="Write Bare" library="Telnet">
<doc>Writes the given text, and nothing else, into the connection.</doc>
<arguments>
<arg>\r\n</arg>
</arguments>
<status status="PASS" starttime="20190627 16:23:12.533" endtime="20190627 16:23:12.534"></status>
</kw>
<kw name="Read" library="Telnet">
<doc>Reads everything that is currently available in the output.</doc>
<status status="PASS" starttime="20190627 16:23:12.534" endtime="20190627 16:23:12.535"></status>
</kw>
<kw name="Write" library="Telnet">
<doc>Writes the given text plus a newline into the connection.</doc>
<arguments>
<arg>channel 36 radio 2</arg>
</arguments>
<status status="PASS" starttime="20190627 16:23:12.536" endtime="20190627 16:23:12.554"></status>
</kw>
<kw name="Write" library="Telnet">
<doc>Writes the given text plus a newline into the connection.</doc>
<arguments>
<arg>chan-width 40 radio 2</arg>
</arguments>
<msg timestamp="20190627 16:23:12.612" level="INFO">WS5308(config-ap)#channel 36 radio 2</msg>
<status status="PASS" starttime="20190627 16:23:12.555" endtime="20190627 16:23:12.612"></status>
</kw>
<kw name="Write" library="Telnet">
<doc>Writes the given text plus a newline into the connection.</doc>
<arguments>
<arg>spectral enable radio 2</arg>
</arguments>
<msg timestamp="20190627 16:23:12.697" level="INFO">WS5308(config-ap)#chan-width 40 radio 2</msg>
<status status="PASS" starttime="20190627 16:23:12.613" endtime="20190627 16:23:12.697"></status>
</kw>
<kw name="Execute Command" library="Telnet">
<doc>Executes the given ``command`` and reads, logs, and returns everything until the prompt.</doc>
<arguments>
<arg>show ap-config running ${AP_NAME}</arg>
</arguments>
<assign>
<var>${output}</var>
</assign>
<msg timestamp="20190627 16:23:12.752" level="INFO">WS5308(config-ap)#spectral enable radio 2</msg>
<msg timestamp="20190627 16:23:13.380" level="INFO">WS5308(config-ap)#show ap-config running AP740-I-newFlash

Building configuration...
Current configuration: 202 bytes

!
ap-config AP740-I-newFlash
 ap-mac 00d0.f822.334c
 wlan-cap enable 1
 spectral enable radio 2
 channel 36 radio 2
 chan-width 40 radio 1
 chan-width 40 radio 2
 chan-width 40 radio 3
!
end
WS5308(config-ap)#</msg>
<msg timestamp="20190627 16:23:13.380" level="INFO">${output} = WS5308(config-ap)#show ap-config running AP740-I-newFlash

Building configuration...
Current configuration: 202 bytes

!
ap-config AP740-I-newFlash
 ap-mac 00d0.f822.334c
 wlan-cap ena...</msg>
<status status="PASS" starttime="20190627 16:23:12.698" endtime="20190627 16:23:13.380"></status>
</kw>
<kw name="Should Match" library="BuiltIn">
<doc>Fails if the given ``string`` does not match the given ``pattern``.</doc>
<arguments>
<arg>${output}</arg>
<arg>*${AC_TEST_CMD2}*</arg>
</arguments>
<status status="PASS" starttime="20190627 16:23:13.381" endtime="20190627 16:23:13.381"></status>
</kw>
<kw name="Should Match" library="BuiltIn">
<doc>Fails if the given ``string`` does not match the given ``pattern``.</doc>
<arguments>
<arg>${output}</arg>
<arg>*chan-width 40 radio 2*</arg>
</arguments>
<status status="PASS" starttime="20190627 16:23:13.382" endtime="20190627 16:23:13.382"></status>
</kw>
<kw name="Sleep" library="BuiltIn">
<doc>Pauses the test executed for the given time.</doc>
<arguments>
<arg>1s</arg>
</arguments>
<msg timestamp="20190627 16:23:14.383" level="INFO">Slept 1 second</msg>
<status status="PASS" starttime="20190627 16:23:13.383" endtime="20190627 16:23:14.383"></status>
</kw>
<kw name="Switch Connection" library="Telnet">
<doc>Switches between active connections using an index or an alias.</doc>
<arguments>
<arg>2</arg>
</arguments>
<status status="PASS" starttime="20190627 16:23:14.384" endtime="20190627 16:23:14.384"></status>
</kw>
<kw name="Execute Command" library="Telnet">
<doc>Executes the given ``command`` and reads, logs, and returns everything until the prompt.</doc>
<arguments>
<arg>show running-config | i spectral</arg>
</arguments>
<assign>
<var>${output}</var>
</assign>
<msg timestamp="20190627 16:23:14.389" level="INFO">show running-config | i spectral</msg>
<msg timestamp="20190627 16:23:14.586" level="INFO">spectral
 spectral enable radio 2
 spectral stability bth 1
 spectral stability mwo 1
AP740-I-newFlash#</msg>
<msg timestamp="20190627 16:23:14.586" level="INFO">${output} = spectral
 spectral enable radio 2
 spectral stability bth 1
 spectral stability mwo 1
AP740-I-newFlash#</msg>
<status status="PASS" starttime="20190627 16:23:14.385" endtime="20190627 16:23:14.586"></status>
</kw>
<kw name="Should Match" library="BuiltIn">
<doc>Fails if the given ``string`` does not match the given ``pattern``.</doc>
<arguments>
<arg>${output}</arg>
<arg>*${AC_TEST_CMD2}*</arg>
</arguments>
<status status="PASS" starttime="20190627 16:23:14.587" endtime="20190627 16:23:14.587"></status>
</kw>
<kw name="Execute Command" library="Telnet">
<doc>Executes the given ``command`` and reads, logs, and returns everything until the prompt.</doc>
<arguments>
<arg>show dot11 wireless 2/0 | i Channel width</arg>
</arguments>
<assign>
<var>${output}</var>
</assign>
<msg timestamp="20190627 16:23:14.796" level="INFO">show dot11 wireless 2/0 | i Channel width</msg>
<msg timestamp="20190627 16:23:14.796" level="INFO">Channel width................ 40Mhz
AP740-I-newFlash#</msg>
<msg timestamp="20190627 16:23:14.796" level="INFO">${output} =     Channel width................ 40Mhz
AP740-I-newFlash#</msg>
<status status="PASS" starttime="20190627 16:23:14.589" endtime="20190627 16:23:14.796"></status>
</kw>
<kw name="Should Match" library="BuiltIn">
<doc>Fails if the given ``string`` does not match the given ``pattern``.</doc>
<arguments>
<arg>${output}</arg>
<arg>*40Mhz*</arg>
</arguments>
<status status="PASS" starttime="20190627 16:23:14.797" endtime="20190627 16:23:14.797"></status>
</kw>
<kw name="Write" library="Telnet">
<doc>Writes the given text plus a newline into the connection.</doc>
<arguments>
<arg>terminal monitor</arg>
</arguments>
<msg timestamp="20190627 16:23:14.995" level="INFO">terminal monitor</msg>
<status status="PASS" starttime="20190627 16:23:14.798" endtime="20190627 16:23:14.996"></status>
</kw>
<kw name="Write" library="Telnet">
<doc>Writes the given text plus a newline into the connection.</doc>
<arguments>
<arg>debug syslog limit numbers 0 time 0</arg>
</arguments>
<msg timestamp="20190627 16:23:14.997" level="INFO">*Jun 27 16:24:45: %P2058-7-DEBUG: [classifiler][rj_fss_dbg_dump_result][108]interf_list count = 0</msg>
<status status="PASS" starttime="20190627 16:23:14.996" endtime="20190627 16:23:14.997"></status>
</kw>
<kw name="Write" library="Telnet">
<doc>Writes the given text plus a newline into the connection.</doc>
<arguments>
<arg>y</arg>
</arguments>
<msg timestamp="20190627 16:23:14.998" level="INFO">AP740-I-newFlash#*Jun 27 16:24:45: %P2058-7-DEBUG: [classifiler][rj_fss_dbg_dump_result][101]</msg>
<status status="PASS" starttime="20190627 16:23:14.997" endtime="20190627 16:23:14.998"></status>
</kw>
<kw name="Write" library="Telnet">
<doc>Writes the given text plus a newline into the connection.</doc>
<arguments>
<arg>debug syslog limit reset</arg>
</arguments>
<msg timestamp="20190627 16:23:14.999" level="INFO">*Jun 27 16:24:45: %P2058-7-DEBUG: ========================================</msg>
<status status="PASS" starttime="20190627 16:23:14.998" endtime="20190627 16:23:14.999"></status>
</kw>
<kw name="Write" library="Telnet">
<doc>Writes the given text plus a newline into the connection.</doc>
<arguments>
<arg>co</arg>
</arguments>
<msg timestamp="20190627 16:23:14.999" level="INFO">debug syslog limit numbers 0 time 0</msg>
<status status="PASS" starttime="20190627 16:23:14.999" endtime="20190627 16:23:14.999"></status>
</kw>
<kw name="Write" library="Telnet">
<doc>Writes the given text plus a newline into the connection.</doc>
<arguments>
<arg>spectral</arg>
</arguments>
<msg timestamp="20190627 16:23:15.015" level="INFO">WARNING: debug number and time will not limit, continue? (y/n) [no]: y</msg>
<status status="PASS" starttime="20190627 16:23:15.000" endtime="20190627 16:23:15.016"></status>
</kw>
<kw name="Write" library="Telnet">
<doc>Writes the given text plus a newline into the connection.</doc>
<arguments>
<arg>spectral debug level 24</arg>
</arguments>
<msg timestamp="20190627 16:23:15.019" level="INFO">*Jun 27 16:24:45: %P2058-7-DEBUG: [classifiler][rj_fss_dbg_dump_result][102]radio_id = 1</msg>
<status status="PASS" starttime="20190627 16:23:15.016" endtime="20190627 16:23:15.019"></status>
</kw>
<kw name="Write" library="Telnet">
<doc>Writes the given text plus a newline into the connection.</doc>
<arguments>
<arg>spectral debug level 29</arg>
</arguments>
<msg timestamp="20190627 16:23:15.236" level="INFO">AP740-I-newFlash#debug syslog limit reset</msg>
<status status="PASS" starttime="20190627 16:23:15.020" endtime="20190627 16:23:15.236"></status>
</kw>
<kw name="Write Bare" library="Telnet">
<doc>Writes the given text, and nothing else, into the connection.</doc>
<arguments>
<arg>\r\n</arg>
</arguments>
<status status="PASS" starttime="20190627 16:23:15.236" endtime="20190627 16:23:15.237"></status>
</kw>
<kw name="Sleep" library="BuiltIn">
<doc>Pauses the test executed for the given time.</doc>
<arguments>
<arg>10s</arg>
</arguments>
<msg timestamp="20190627 16:23:25.238" level="INFO">Slept 10 seconds</msg>
<status status="PASS" starttime="20190627 16:23:15.237" endtime="20190627 16:23:25.238"></status>
</kw>
<kw name="Read" library="Telnet">
<doc>Reads everything that is currently available in the output.</doc>
<assign>
<var>${output}</var>
</assign>
<msg timestamp="20190627 16:23:25.266" level="INFO">AP740-I-newFlash#co
Enter configuration commands, one per line.  End with CNTL/Z.
AP740-I-newFlash(config)#spectral
AP740-I-newFlash(config-spectral)#spectral debug level 24
*Jun 27 16:24:45: %P2058-7-DEBUG: [classifiler][rj_fss_dbg_dump_result][103]freq = 2442
AP740-I-newFlash(config-spectral)#spectral debug level 29
AP740-I-newFlash(config-spectral)#*Jun 27 16:24:45: %P2058-7-DEBUG: [classifiler][rj_fss_dbg_dump_result][104]ch_width = 82

AP740-I-newFlash(config-spectral)#*Jun 27 16:24:45: %P2058-7-DEBUG: [classifiler][rj_fss_dbg_dump_result][105]spectral_tstamp = 26862451
*Jun 27 16:24:46: %P2058-7-DEBUG: [classifiler][rj_fss_dbg_dump_result][106]spectral_rssi = 7
*Jun 27 16:24:46: %P2058-7-DEBUG: [classifiler][rj_fss_dbg_dump_result][107]bin_pwr_count = 213
*Jun 27 16:24:46: %P2058-7-DEBUG: [classifiler][rj_fss_dbg_dump_result][108]interf_list count = 0
*Jun 27 16:24:46: %P2058-7-DEBUG: [classifiler][rj_fss_dbg_dump_result][101]
*Jun 27 16:24:46: %P2058-7-DEBUG: ========================================
*Jun 27 16:24:46: %P2058-7-DEBUG: [classifiler][rj_fss_dbg_dump_result][102]radio_id = 1
*Jun 27 16:24:46: %P2058-7-DEBUG: [classifiler][rj_fss_dbg_dump_result][103]freq = 2442
*Jun 27 16:24:46: %P2058-7-DEBUG: [classifiler][rj_fss_dbg_dump_result][104]ch_width = 82
*Jun 27 16:24:46: %P2058-7-DEBUG: [classifiler][rj_fss_dbg_dump_result][105]spectral_tstamp = 26875133
*Jun 27 16:24:46: %P2058-7-DEBUG: [classifiler][rj_fss_dbg_dump_result][106]spectral_rssi = 9
*Jun 27 16:24:46: %P2058-7-DEBUG: [classifiler][rj_fss_dbg_dump_result][107]bin_pwr_count = 213
*Jun 27 16:24:47: %P2058-7-DEBUG: [classifiler][rj_fss_dbg_dump_result][108]interf_list count = 0
*Jun 27 16:24:47: %P2058-7-DEBUG: [classifiler][rj_fss_dbg_dump_result][101]
*Jun 27 16:24:47: %P2058-7-DEBUG: ========================================
*Jun 27 16:24:47: %P2058-7-DEBUG: [classifiler][rj_fss_dbg_dump_result][102]radio_id = 1
*Jun 27 16:24:47: %P2058-7-DEBUG: [classifiler][rj_fss_dbg_dump_result][103]freq = 2442
*Jun 27 16:24:47: %P2058-7-DEBUG: [classifiler][rj_fss_dbg_dump_result][104]ch_width = 82
*Jun 27 16:24:47: %P2058-7-DEBUG: [classifiler][rj_fss_dbg_dump_result][105]spectral_tstamp = 26875343
*Jun 27 16:24:47: %P2058-7-DEBUG: [classifiler][rj_fss_dbg_dump_result][106]spectral_rssi = 9
*Jun 27 16:24:47: %P2058-7-DEBUG: [classifiler][rj_fss_dbg_dump_result][107]bin_pwr_count = 213
*Jun 27 16:24:47: %P2058-7-DEBUG: [classifiler][rj_fss_dbg_dump_result][108]interf_list count = 0
*Jun 27 16:24:48: %P2058-7-DEBUG: [classifiler][rj_fss_dbg_dump_result][101]
*Jun 27 16:24:48: %P2058-7-DEBUG: ========================================
*Jun 27 16:24:48: %P2058-7-DEBUG: [classifiler][rj_fss_dbg_dump_result][102]radio_id = 1
*Jun 27 16:24:48: %P2058-7-DEBUG: [classifiler][rj_fss_dbg_dump_result][103]freq = 2442
*Jun 27 16:24:48: %P2058-7-DEBUG: [classifiler][rj_fss_dbg_dump_result][104]ch_width = 82
*Jun 27 16:24:48: %P2058-7-DEBUG: [classifiler][rj_fss_dbg_dump_result][105]spectral_tstamp = 26875619
*Jun 27 16:24:48: %P2058-7-DEBUG: [classifiler][rj_fss_dbg_dump_result][106]spectral_rssi = 6
*Jun 27 16:24:48: %P2058-7-DEBUG: [classifiler][rj_fss_dbg_dump_result][107]bin_pwr_count = 213
*Jun 27 16:24:48: %P2058-7-DEBUG: [classifiler][rj_fss_dbg_dump_result][108]interf_list count = 0
*Jun 27 16:24:48: %P2058-7-DEBUG: [classifiler][rj_fss_dbg_dump_result][101]
*Jun 27 16:24:48: %P2058-7-DEBUG: ========================================
*Jun 27 16:24:49: %P2058-7-DEBUG: [classifiler][rj_fss_dbg_dump_result][102]radio_id = 1
*Jun 27 16:24:49: %P2058-7-DEBUG: [classifiler][rj_fss_dbg_dump_result][103]freq = 2442
*Jun 27 16:24:49: %P2058-7-DEBUG: [classifiler][rj_fss_dbg_dump_result][104]ch_width = 82
*Jun 27 16:24:49: %P2058-7-DEBUG: [classifiler][rj_fss_dbg_dump_result][105]spectral_tstamp = 26875647
*Jun 27 16:24:49: %P2058-7-DEBUG: [classifiler][rj_fss_dbg_dump_result][106]spectral_rssi = 5
*Jun 27 16:24:49: %P2058-7-DEBUG: [classifiler][rj_fss_dbg_dump_result][107]bin_pwr_count = 213
*Jun 27 16:24:49: %P2058-7-DEBUG: [classifiler][rj_fss_dbg_dump_result][108]interf_list count = 0
*Jun 27 16:24:49: %P2058-7-DEBUG: [classifiler][rj_fss_dbg_dump_result][101]
*Jun 27 16:24:49: %P2058-7-DEBUG: ========================================
*Jun 27 16:24:49: %P2058-7-DEBUG: [classifiler][rj_fss_dbg_dump_result][102]radio_id = 1
*Jun 27 16:24:49: %P2058-7-DEBUG: [classifiler][rj_fss_dbg_dump_result][103]freq = 2442
*Jun 27 16:24:50: %P2058-7-DEBUG: [classifiler][rj_fss_dbg_dump_result][104]ch_width = 82
*Jun 27 16:24:50: %P2058-7-DEBUG: [classifiler][rj_fss_dbg_dump_result][105]spectral_tstamp = 26875674
*Jun 27 16:24:50: %P2058-7-DEBUG: [classifiler][rj_fss_dbg_dump_result][101]
*Jun 27 16:24:50: %P2058-7-DEBUG: ========================================
*Jun 27 16:24:50: %P2058-7-DEBUG: [classifiler][rj_fss_dbg_dump_result][102]radio_id = 2
*Jun 27 16:24:50: %P2058-7-DEBUG: [classifiler][rj_fss_dbg_dump_result][103]freq = 5250
*Jun 27 16:24:50: %P2058-7-DEBUG: [classifiler][rj_fss_dbg_dump_result][104]ch_width = 160
*Jun 27 16:24:50: %P2058-7-DEBUG: [classifiler][rj_fss_dbg_dump_result][105]spectral_tstamp = 55730221
*Jun 27 16:24:50: %P2058-7-DEBUG: [classifiler][rj_fss_dbg_dump_result][106]spectral_rssi = 4
*Jun 27 16:24:50: %P2058-7-DEBUG: [classifiler][rj_fss_dbg_dump_result][107]bin_pwr_count = 416
*Jun 27 16:24:51: %P2058-7-DEBUG: [classifiler][rj_fss_dbg_dump_result][108]interf_list count = 0
*Jun 27 16:24:51: %P2058-7-DEBUG: [classifiler][rj_fss_dbg_dump_result][101]
*Jun 27 16:24:51: %P2058-7-DEBUG: ========================================
*Jun 27 16:24:51: %P2058-7-DEBUG: [classifiler][rj_fss_dbg_dump_result][102]radio_id = 2
*Jun 27 16:24:51: %P2058-7-DEBUG: [classifiler][rj_fss_dbg_dump_result][103]freq = 5250
*Jun 27 16:24:51: %P2058-7-DEBUG: [classifiler][rj_fss_dbg_dump_result][104]ch_width = 160
*Jun 27 16:24:51: %P2058-7-DEBUG: [classifiler][rj_fss_dbg_dump_result][105]spectral_tstamp = 55730269
*Jun 27 16:24:51: %P2058-7-DEBUG: [classifiler][rj_fss_dbg_dump_result][106]spectral_rssi = 4
*Jun 27 16:24:51: %P2058-7-DEBUG: [classifiler][rj_fss_dbg_dump_result][107]bin_pwr_count = 416
*Jun 27 16:24:51: %P2058-7-DEBUG: [classifiler][rj_fss_dbg_dump_result][108]interf_list count = 0
*Jun 27 16:24:51: %P2058-7-DEBUG: [classifiler][rj_fss_dbg_dump_result][101]
*Jun 27 16:24:52: %P2058-7-DEBUG: ========================================
*Jun 27 16:24:52: %P2058-7-DEBUG: [classifiler][rj_fss_dbg_dump_result][102]radio_id = 2
*Jun 27 16:24:52: %P2058-7-DEBUG: [classifiler][rj_fss_dbg_dump_result][103]freq = 5250
*Jun 27 16:24:52: %P2058-7-DEBUG: [classifiler][rj_fss_dbg_dump_result][104]ch_width = 160
*Jun 27 16:24:52: %P2058-7-DEBUG: [classifiler][rj_fss_dbg_dump_result][105]spectral_tstamp = 55730299
*Jun 27 16:24:52: %P2058-7-DEBUG: [classifiler][rj_fss_dbg_dump_result][106]spectral_rssi = 4
*Jun 27 16:24:52: %P2058-7-DEBUG: [classifiler][rj_fss_dbg_dump_result][107]bin_pwr_count = 416
*Jun 27 16:24:52: %P2058-7-DEBUG: [classifiler][rj_fss_dbg_dump_result][108]interf_list count = 0
*Jun 27 16:24:52: %P2058-7-DEBUG: [classifiler][rj_fss_dbg_dump_result][101]
*Jun 27 16:24:52: %P2058-7-DEBUG: ========================================
*Jun 27 16:24:53: %P2058-7-DEBUG: [classifiler][rj_fss_dbg_dump_result][102]radio_id = 2
*Jun 27 16:24:53: %P2058-7-DEBUG: [classifiler][rj_fss_dbg_dump_result][103]freq = 5250
*Jun 27 16:24:53: %P2058-7-DEBUG: [classifiler][rj_fss_dbg_dump_result][104]ch_width = 160
*Jun 27 16:24:53: %P2058-7-DEBUG: [classifiler][rj_fss_dbg_dump_result][105]spectral_tstamp = 55730353
*Jun 27 16:24:53: %P2058-7-DEBUG: [classifiler][rj_fss_dbg_dump_result][106]spectral_rssi = 4
*Jun 27 16:24:53: %P2058-7-DEBUG: [classifiler][rj_fss_dbg_dump_result][107]bin_pwr_count = 416
*Jun 27 16:24:53: %P2058-7-DEBUG: [classifiler][rj_fss_dbg_dump_result][108]interf_list count = 0
*Jun 27 16:24:53: %P2058-7-DEBUG: [classifiler][rj_fss_dbg_dump_result][101]
*Jun 27 16:24:53: %P2058-7-DEBUG: ========================================
*Jun 27 16:24:53: %P2058-7-DEBUG: [classifiler][rj_fss_dbg_dump_result][102]radio_id = 2
*Jun 27 16:24:53: %P2058-7-DEBUG: [classifiler][rj_fss_dbg_dump_result][103]freq = 5250
*Jun 27 16:24:54: %P2058-7-DEBUG: [classifiler][rj_fss_dbg_dump_result][104]ch_width = 160
*Jun 27 16:24:54: %P2058-7-DEBUG: [classifiler][rj_fss_dbg_dump_result][105]spectral_tstamp = 55730380
*Jun 27 16:24:54: %P2058-7-DEBUG: [classifiler][rj_fss_dbg_dump_result][106]spectral_rssi = 5
*Jun 27 16:24:54: %P2058-7-DEBUG: [classifiler][rj_fss_dbg_dump_result][107]bin_pwr_count = 416
*Jun 27 16:24:54: %P2058-7-DEBUG: [classifiler][rj_fss_dbg_dump_result][108]interf_list count = 0
*Jun 27 16:24:54: %P2058-7-DEBUG: [classifiler][rj_fss_dbg_dump_result][101]
*Jun 27 16:24:54: %P2058-7-DEBUG: ========================================
*Jun 27 16:24:54: %P2058-7-DEBUG: [classifiler][rj_fss_dbg_dump_result][102]radio_id = 2
*Jun 27 16:24:54: %P2058-7-DEBUG: [classifiler][rj_fss_dbg_dump_result][103]freq = 5250
*Jun 27 16:24:54: %P2058-7-DEBUG: [classifiler][rj_fss_dbg_dump_result][104]ch_width = 160
*Jun 27 16:24:54: %P2058-7-DEBUG: [classifiler][rj_fss_dbg_dump_result][105]spectral_tstamp = 55730434
*Jun 27 16:24:55: %P2058-7-DEBUG: [classifiler][rj_fss_dbg_dump_result][106]spectral_rssi = 4
*Jun 27 16:24:55: %P2058-7-DEBUG: [classifiler][rj_fss_dbg_dump_result][107]bin_pwr_count = 416
*Jun 27 16:24:55: %P2058-7-DEBUG: [classifiler][rj_fss_dbg_dump_result][108]interf_list count = 0
*Jun 27 16:24:55: %P2058-7-DEBUG: [classifiler][rj_fss_dbg_dump_result][101]
*Jun 27 16:24:55: %P2058-7-DEBUG: ========================================
*Jun 27 16:24:55: %P2058-7-DEBUG: [classifiler][rj_fss_dbg_dump_result][102]radio_id = 2
*Jun 27 16:24:55: %P2058-7-DEBUG: [classifiler][rj_fss_dbg_dump_result][103]freq = 5250
*Jun 27 16:24:55: %P2058-7-DEBUG: [classifiler][rj_fss_dbg_dump_result][104]ch_width = 160</msg>
<msg timestamp="20190627 16:23:25.267" level="INFO">${output} = AP740-I-newFlash#co
Enter configuration commands, one per line.  End with CNTL/Z.
AP740-I-newFlash(config)#spectral
AP740-I-newFlash(config-spectral)#spectral debug level 24
*Jun 27 16:24:45: ...</msg>
<status status="PASS" starttime="20190627 16:23:25.239" endtime="20190627 16:23:25.267"></status>
</kw>
<kw name="Write" library="Telnet">
<doc>Writes the given text plus a newline into the connection.</doc>
<arguments>
<arg>no spectral debug level</arg>
</arguments>
<msg timestamp="20190627 16:23:25.271" level="INFO">no spectral debug level</msg>
<status status="PASS" starttime="20190627 16:23:25.267" endtime="20190627 16:23:25.271"></status>
</kw>
<kw name="Sleep" library="BuiltIn">
<doc>Pauses the test executed for the given time.</doc>
<arguments>
<arg>5s</arg>
</arguments>
<msg timestamp="20190627 16:23:30.273" level="INFO">Slept 5 seconds</msg>
<status status="PASS" starttime="20190627 16:23:25.272" endtime="20190627 16:23:30.273"></status>
</kw>
<kw name="Read" library="Telnet">
<doc>Reads everything that is currently available in the output.</doc>
<assign>
<var>${output}</var>
</assign>
<msg timestamp="20190627 16:23:30.288" level="INFO">*Jun 27 16:24:55: %P2058-7-DEBUG: [classifiler][rj_fss_dbg_dump_result][105]spectral_tstamp = 55730464
AP740-I-newFlash(config-spectral)#*Jun 27 16:24:55: %P2058-7-DEBUG: [classifiler][rj_fss_dbg_dump_result][106]spectral_rssi = 5
*Jun 27 16:24:56: %P2058-7-DEBUG: [classifiler][rj_fss_dbg_dump_result][107]bin_pwr_count = 416
*Jun 27 16:24:56: %P2058-7-DEBUG: [classifiler][rj_fss_dbg_dump_result][108]interf_list count = 0
*Jun 27 16:24:56: %P2058-7-DEBUG: [classifiler][rj_fss_dbg_dump_result][101]
*Jun 27 16:24:56: %P2058-7-DEBUG: ========================================
*Jun 27 16:24:56: %P2058-7-DEBUG: [classifiler][rj_fss_dbg_dump_result][102]radio_id = 2
*Jun 27 16:24:56: %P2058-7-DEBUG: [classifiler][rj_fss_dbg_dump_result][103]freq = 5250
*Jun 27 16:24:56: %P2058-7-DEBUG: [classifiler][rj_fss_dbg_dump_result][104]ch_width = 160
*Jun 27 16:24:56: %P2058-7-DEBUG: [classifiler][rj_fss_dbg_dump_result][105]spectral_tstamp = 55730518
*Jun 27 16:24:56: %P2058-7-DEBUG: [classifiler][rj_fss_dbg_dump_result][106]spectral_rssi = 3
*Jun 27 16:24:56: %P2058-7-DEBUG: [classifiler][rj_fss_dbg_dump_result][107]bin_pwr_count = 416
*Jun 27 16:24:57: %P2058-7-DEBUG: [classifiler][rj_fss_dbg_dump_result][108]interf_list count = 0
*Jun 27 16:24:57: %P2058-7-DEBUG: [classifiler][rj_fss_dbg_dump_result][101]
*Jun 27 16:24:57: %P2058-7-DEBUG: ========================================
*Jun 27 16:24:57: %P2058-7-DEBUG: [classifiler][rj_fss_dbg_dump_result][102]radio_id = 2
*Jun 27 16:24:57: %P2058-7-DEBUG: [classifiler][rj_fss_dbg_dump_result][103]freq = 5250
*Jun 27 16:24:57: %P2058-7-DEBUG: [classifiler][rj_fss_dbg_dump_result][104]ch_width = 160
*Jun 27 16:24:57: %P2058-7-DEBUG: [classifiler][rj_fss_dbg_dump_result][105]spectral_tstamp = 55730545
*Jun 27 16:24:57: %P2058-7-DEBUG: [classifiler][rj_fss_dbg_dump_result][106]spectral_rssi = 4
*Jun 27 16:24:57: %P2058-7-DEBUG: [classifiler][rj_fss_dbg_dump_result][107]bin_pwr_count = 416
*Jun 27 16:24:57: %P2058-7-DEBUG: [classifiler][rj_fss_dbg_dump_result][108]interf_list count = 0
*Jun 27 16:24:57: %P2058-7-DEBUG: [classifiler][rj_fss_dbg_dump_result][101]
*Jun 27 16:24:58: %P2058-7-DEBUG: ========================================
*Jun 27 16:24:58: %P2058-7-DEBUG: [classifiler][rj_fss_dbg_dump_result][102]radio_id = 2
*Jun 27 16:24:58: %P2058-7-DEBUG: [classifiler][rj_fss_dbg_dump_result][103]freq = 5250
*Jun 27 16:24:58: %P2058-7-DEBUG: [classifiler][rj_fss_dbg_dump_result][104]ch_width = 160
*Jun 27 16:24:58: %P2058-7-DEBUG: [classifiler][rj_fss_dbg_dump_result][105]spectral_tstamp = 55730602
*Jun 27 16:24:58: %P2058-7-DEBUG: [classifiler][rj_fss_dbg_dump_result][106]spectral_rssi = 4
*Jun 27 16:24:58: %P2058-7-DEBUG: [classifiler][rj_fss_dbg_dump_result][107]bin_pwr_count = 416
*Jun 27 16:24:58: %P2058-7-DEBUG: [classifiler][rj_fss_dbg_dump_result][108]interf_list count = 0
*Jun 27 16:24:58: %P2058-7-DEBUG: [classifiler][rj_fss_dbg_dump_result][101]
*Jun 27 16:24:58: %P2058-7-DEBUG: ========================================
*Jun 27 16:24:58: %P2058-7-DEBUG: [classifiler][rj_fss_dbg_dump_result][102]radio_id = 2
*Jun 27 16:24:59: %P2058-7-DEBUG: [classifiler][rj_fss_dbg_dump_result][103]freq = 5250
*Jun 27 16:24:59: %P2058-7-DEBUG: [classifiler][rj_fss_dbg_dump_result][104]ch_width = 160
*Jun 27 16:24:59: %P2058-7-DEBUG: [classifiler][rj_fss_dbg_dump_result][105]spectral_tstamp = 55730629
*Jun 27 16:24:59: %P2058-7-DEBUG: [classifiler][rj_fss_dbg_dump_result][106]spectral_rssi = 5
*Jun 27 16:24:59: %P2058-7-DEBUG: [classifiler][rj_fss_dbg_dump_result][107]bin_pwr_count = 416
*Jun 27 16:24:59: %P2058-7-DEBUG: [classifiler][rj_fss_dbg_dump_result][108]interf_list count = 0
*Jun 27 16:24:59: %P2058-7-DEBUG: [classifiler][rj_fss_dbg_dump_result][101]
*Jun 27 16:24:59: %P2058-7-DEBUG: ========================================
*Jun 27 16:24:59: %P2058-7-DEBUG: [classifiler][rj_fss_dbg_dump_result][102]radio_id = 2
*Jun 27 16:24:59: %P2058-7-DEBUG: [classifiler][rj_fss_dbg_dump_result][103]freq = 5250
*Jun 27 16:25:00: %P2058-7-DEBUG: [classifiler][rj_fss_dbg_dump_result][104]ch_width = 160
*Jun 27 16:25:00: %P2058-7-DEBUG: [classifiler][rj_fss_dbg_dump_result][105]spectral_tstamp = 55730781
*Jun 27 16:25:00: %P2058-7-DEBUG: [classifiler][rj_fss_dbg_dump_result][106]spectral_rssi = 5
*Jun 27 16:25:00: %P2058-7-DEBUG: [classifiler][rj_fss_dbg_dump_result][107]bin_pwr_count = 416
*Jun 27 16:25:00: %P2058-7-DEBUG: [classifiler][rj_fss_dbg_dump_result][108]interf_list count = 0
*Jun 27 16:25:00: %P2058-7-DEBUG: [classifiler][rj_fss_dbg_dump_result][101]
*Jun 27 16:25:00: %P2058-7-DEBUG: ========================================
*Jun 27 16:25:00: %P2058-7-DEBUG: [classifiler][rj_fss_dbg_dump_result][102]radio_id = 2
*Jun 27 16:25:00: %P2058-7-DEBUG: [classifiler][rj_fss_dbg_dump_result][103]freq = 5250</msg>
<msg timestamp="20190627 16:23:30.288" level="INFO">${output} = *Jun 27 16:24:55: %P2058-7-DEBUG: [classifiler][rj_fss_dbg_dump_result][105]spectral_tstamp = 55730464
AP740-I-newFlash(config-spectral)#*Jun 27 16:24:55: %P2058-7-DEBUG: [classifiler][rj_fss_dbg_dum...</msg>
<status status="PASS" starttime="20190627 16:23:30.276" endtime="20190627 16:23:30.288"></status>
</kw>
<kw name="Fss Check String" library="string_compare">
<arguments>
<arg>${output}</arg>
<arg>${RADIO_EQ}</arg>
<arg>${RADIO_EQ_1}</arg>
</arguments>
<assign>
<var>${ret}</var>
</assign>
<msg timestamp="20190627 16:23:30.289" level="INFO">str1=radio_id =

arg=radio_id = 2

len=54
string_list=['*Jun 27 16:24:55: %P2058-7-DEBUG: [classifiler][rj_fss_dbg_dump_result][105]spectral_tstamp = 55730464', 'AP740-I-newFlash(config-spectral)#*Jun 27 16:24:55: %P2058-7-DEBUG: [classifiler][rj_fss_dbg_dump_result][106]spectral_rssi = 5', '*Jun 27 16:24:56: %P2058-7-DEBUG: [classifiler][rj_fss_dbg_dump_result][107]bin_pwr_count = 416', '*Jun 27 16:24:56: %P2058-7-DEBUG: [classifiler][rj_fss_dbg_dump_result][108]interf_list count = 0', '*Jun 27 16:24:56: %P2058-7-DEBUG: [classifiler][rj_fss_dbg_dump_result][101]', '*Jun 27 16:24:56: %P2058-7-DEBUG: ========================================', '*Jun 27 16:24:56: %P2058-7-DEBUG: [classifiler][rj_fss_dbg_dump_result][102]radio_id = 2', '*Jun 27 16:24:56: %P2058-7-DEBUG: [classifiler][rj_fss_dbg_dump_result][103]freq = 5250', '*Jun 27 16:24:56: %P2058-7-DEBUG: [classifiler][rj_fss_dbg_dump_result][104]ch_width = 160', '*Jun 27 16:24:56: %P2058-7-DEBUG: [classifiler][rj_fss_dbg_dump_result][105]spectral_tstamp = 55730518', '*Jun 27 16:24:56: %P2058-7-DEBUG: [classifiler][rj_fss_dbg_dump_result][106]spectral_rssi = 3', '*Jun 27 16:24:56: %P2058-7-DEBUG: [classifiler][rj_fss_dbg_dump_result][107]bin_pwr_count = 416', '*Jun 27 16:24:57: %P2058-7-DEBUG: [classifiler][rj_fss_dbg_dump_result][108]interf_list count = 0', '*Jun 27 16:24:57: %P2058-7-DEBUG: [classifiler][rj_fss_dbg_dump_result][101]', '*Jun 27 16:24:57: %P2058-7-DEBUG: ========================================', '*Jun 27 16:24:57: %P2058-7-DEBUG: [classifiler][rj_fss_dbg_dump_result][102]radio_id = 2', '*Jun 27 16:24:57: %P2058-7-DEBUG: [classifiler][rj_fss_dbg_dump_result][103]freq = 5250', '*Jun 27 16:24:57: %P2058-7-DEBUG: [classifiler][rj_fss_dbg_dump_result][104]ch_width = 160', '*Jun 27 16:24:57: %P2058-7-DEBUG: [classifiler][rj_fss_dbg_dump_result][105]spectral_tstamp = 55730545', '*Jun 27 16:24:57: %P2058-7-DEBUG: [classifiler][rj_fss_dbg_dump_result][106]spectral_rssi = 4', '*Jun 27 16:24:57: %P2058-7-DEBUG: [classifiler][rj_fss_dbg_dump_result][107]bin_pwr_count = 416', '*Jun 27 16:24:57: %P2058-7-DEBUG: [classifiler][rj_fss_dbg_dump_result][108]interf_list count = 0', '*Jun 27 16:24:57: %P2058-7-DEBUG: [classifiler][rj_fss_dbg_dump_result][101]', '*Jun 27 16:24:58: %P2058-7-DEBUG: ========================================', '*Jun 27 16:24:58: %P2058-7-DEBUG: [classifiler][rj_fss_dbg_dump_result][102]radio_id = 2', '*Jun 27 16:24:58: %P2058-7-DEBUG: [classifiler][rj_fss_dbg_dump_result][103]freq = 5250', '*Jun 27 16:24:58: %P2058-7-DEBUG: [classifiler][rj_fss_dbg_dump_result][104]ch_width = 160', '*Jun 27 16:24:58: %P2058-7-DEBUG: [classifiler][rj_fss_dbg_dump_result][105]spectral_tstamp = 55730602', '*Jun 27 16:24:58: %P2058-7-DEBUG: [classifiler][rj_fss_dbg_dump_result][106]spectral_rssi = 4', '*Jun 27 16:24:58: %P2058-7-DEBUG: [classifiler][rj_fss_dbg_dump_result][107]bin_pwr_count = 416', '*Jun 27 16:24:58: %P2058-7-DEBUG: [classifiler][rj_fss_dbg_dump_result][108]interf_list count = 0', '*Jun 27 16:24:58: %P2058-7-DEBUG: [classifiler][rj_fss_dbg_dump_result][101]', '*Jun 27 16:24:58: %P2058-7-DEBUG: ========================================', '*Jun 27 16:24:58: %P2058-7-DEBUG: [classifiler][rj_fss_dbg_dump_result][102]radio_id = 2', '*Jun 27 16:24:59: %P2058-7-DEBUG: [classifiler][rj_fss_dbg_dump_result][103]freq = 5250', '*Jun 27 16:24:59: %P2058-7-DEBUG: [classifiler][rj_fss_dbg_dump_result][104]ch_width = 160', '*Jun 27 16:24:59: %P2058-7-DEBUG: [classifiler][rj_fss_dbg_dump_result][105]spectral_tstamp = 55730629', '*Jun 27 16:24:59: %P2058-7-DEBUG: [classifiler][rj_fss_dbg_dump_result][106]spectral_rssi = 5', '*Jun 27 16:24:59: %P2058-7-DEBUG: [classifiler][rj_fss_dbg_dump_result][107]bin_pwr_count = 416', '*Jun 27 16:24:59: %P2058-7-DEBUG: [classifiler][rj_fss_dbg_dump_result][108]interf_list count = 0', '*Jun 27 16:24:59: %P2058-7-DEBUG: [classifiler][rj_fss_dbg_dump_result][101]', '*Jun 27 16:24:59: %P2058-7-DEBUG: ========================================', '*Jun 27 16:24:59: %P2058-7-DEBUG: [classifiler][rj_fss_dbg_dump_result][102]radio_id = 2', '*Jun 27 16:24:59: %P2058-7-DEBUG: [classifiler][rj_fss_dbg_dump_result][103]freq = 5250', '*Jun 27 16:25:00: %P2058-7-DEBUG: [classifiler][rj_fss_dbg_dump_result][104]ch_width = 160', '*Jun 27 16:25:00: %P2058-7-DEBUG: [classifiler][rj_fss_dbg_dump_result][105]spectral_tstamp = 55730781', '*Jun 27 16:25:00: %P2058-7-DEBUG: [classifiler][rj_fss_dbg_dump_result][106]spectral_rssi = 5', '*Jun 27 16:25:00: %P2058-7-DEBUG: [classifiler][rj_fss_dbg_dump_result][107]bin_pwr_count = 416', '*Jun 27 16:25:00: %P2058-7-DEBUG: [classifiler][rj_fss_dbg_dump_result][108]interf_list count = 0', '*Jun 27 16:25:00: %P2058-7-DEBUG: [classifiler][rj_fss_dbg_dump_result][101]', '*Jun 27 16:25:00: %P2058-7-DEBUG: ========================================', '*Jun 27 16:25:00: %P2058-7-DEBUG: [classifiler][rj_fss_dbg_dump_result][102]radio_id = 2', '*Jun 27 16:25:00: %P2058-7-DEBUG: [classifiler][rj_fss_dbg_dump_result][103]freq = 5250', '']

-------------------------------------------------------------

index=0
no find:*Jun 27 16:24:55: %P2058-7-DEBUG: [classifiler][rj_fss_dbg_dump_result][105]spectral_tstamp = 55730464
index=1
no find:AP740-I-newFlash(config-spectral)#*Jun 27 16:24:55: %P2058-7-DEBUG: [classifiler][rj_fss_dbg_dump_result][106]spectral_rssi = 5
index=2
no find:*Jun 27 16:24:56: %P2058-7-DEBUG: [classifiler][rj_fss_dbg_dump_result][107]bin_pwr_count = 416
index=3
no find:*Jun 27 16:24:56: %P2058-7-DEBUG: [classifiler][rj_fss_dbg_dump_result][108]interf_list count = 0
index=4
no find:*Jun 27 16:24:56: %P2058-7-DEBUG: [classifiler][rj_fss_dbg_dump_result][101]
index=5
no find:*Jun 27 16:24:56: %P2058-7-DEBUG: ========================================
index=6
find:*Jun 27 16:24:56: %P2058-7-DEBUG: [classifiler][rj_fss_dbg_dump_result][102]radio_id = 2
true:*Jun 27 16:24:56: %P2058-7-DEBUG: [classifiler][rj_fss_dbg_dump_result][102]radio_id = 2
index=7
no find:*Jun 27 16:24:56: %P2058-7-DEBUG: [classifiler][rj_fss_dbg_dump_result][103]freq = 5250
index=8
no find:*Jun 27 16:24:56: %P2058-7-DEBUG: [classifiler][rj_fss_dbg_dump_result][104]ch_width = 160
index=9
no find:*Jun 27 16:24:56: %P2058-7-DEBUG: [classifiler][rj_fss_dbg_dump_result][105]spectral_tstamp = 55730518
index=10
no find:*Jun 27 16:24:56: %P2058-7-DEBUG: [classifiler][rj_fss_dbg_dump_result][106]spectral_rssi = 3
index=11
no find:*Jun 27 16:24:56: %P2058-7-DEBUG: [classifiler][rj_fss_dbg_dump_result][107]bin_pwr_count = 416
index=12
no find:*Jun 27 16:24:57: %P2058-7-DEBUG: [classifiler][rj_fss_dbg_dump_result][108]interf_list count = 0
index=13
no find:*Jun 27 16:24:57: %P2058-7-DEBUG: [classifiler][rj_fss_dbg_dump_result][101]
index=14
no find:*Jun 27 16:24:57: %P2058-7-DEBUG: ========================================
index=15
find:*Jun 27 16:24:57: %P2058-7-DEBUG: [classifiler][rj_fss_dbg_dump_result][102]radio_id = 2
true:*Jun 27 16:24:57: %P2058-7-DEBUG: [classifiler][rj_fss_dbg_dump_result][102]radio_id = 2
index=16
no find:*Jun 27 16:24:57: %P2058-7-DEBUG: [classifiler][rj_fss_dbg_dump_result][103]freq = 5250
index=17
no find:*Jun 27 16:24:57: %P2058-7-DEBUG: [classifiler][rj_fss_dbg_dump_result][104]ch_width = 160
index=18
no find:*Jun 27 16:24:57: %P2058-7-DEBUG: [classifiler][rj_fss_dbg_dump_result][105]spectral_tstamp = 55730545
index=19
no find:*Jun 27 16:24:57: %P2058-7-DEBUG: [classifiler][rj_fss_dbg_dump_result][106]spectral_rssi = 4
index=20
no find:*Jun 27 16:24:57: %P2058-7-DEBUG: [classifiler][rj_fss_dbg_dump_result][107]bin_pwr_count = 416
index=21
no find:*Jun 27 16:24:57: %P2058-7-DEBUG: [classifiler][rj_fss_dbg_dump_result][108]interf_list count = 0
index=22
no find:*Jun 27 16:24:57: %P2058-7-DEBUG: [classifiler][rj_fss_dbg_dump_result][101]
index=23
no find:*Jun 27 16:24:58: %P2058-7-DEBUG: ========================================
index=24
find:*Jun 27 16:24:58: %P2058-7-DEBUG: [classifiler][rj_fss_dbg_dump_result][102]radio_id = 2
true:*Jun 27 16:24:58: %P2058-7-DEBUG: [classifiler][rj_fss_dbg_dump_result][102]radio_id = 2
index=25
no find:*Jun 27 16:24:58: %P2058-7-DEBUG: [classifiler][rj_fss_dbg_dump_result][103]freq = 5250
index=26
no find:*Jun 27 16:24:58: %P2058-7-DEBUG: [classifiler][rj_fss_dbg_dump_result][104]ch_width = 160
index=27
no find:*Jun 27 16:24:58: %P2058-7-DEBUG: [classifiler][rj_fss_dbg_dump_result][105]spectral_tstamp = 55730602
index=28
no find:*Jun 27 16:24:58: %P2058-7-DEBUG: [classifiler][rj_fss_dbg_dump_result][106]spectral_rssi = 4
index=29
no find:*Jun 27 16:24:58: %P2058-7-DEBUG: [classifiler][rj_fss_dbg_dump_result][107]bin_pwr_count = 416
index=30
no find:*Jun 27 16:24:58: %P2058-7-DEBUG: [classifiler][rj_fss_dbg_dump_result][108]interf_list count = 0
index=31
no find:*Jun 27 16:24:58: %P2058-7-DEBUG: [classifiler][rj_fss_dbg_dump_result][101]
index=32
no find:*Jun 27 16:24:58: %P2058-7-DEBUG: ========================================
index=33
find:*Jun 27 16:24:58: %P2058-7-DEBUG: [classifiler][rj_fss_dbg_dump_result][102]radio_id = 2
true:*Jun 27 16:24:58: %P2058-7-DEBUG: [classifiler][rj_fss_dbg_dump_result][102]radio_id = 2
index=34
no find:*Jun 27 16:24:59: %P2058-7-DEBUG: [classifiler][rj_fss_dbg_dump_result][103]freq = 5250
index=35
no find:*Jun 27 16:24:59: %P2058-7-DEBUG: [classifiler][rj_fss_dbg_dump_result][104]ch_width = 160
index=36
no find:*Jun 27 16:24:59: %P2058-7-DEBUG: [classifiler][rj_fss_dbg_dump_result][105]spectral_tstamp = 55730629
index=37
no find:*Jun 27 16:24:59: %P2058-7-DEBUG: [classifiler][rj_fss_dbg_dump_result][106]spectral_rssi = 5
index=38
no find:*Jun 27 16:24:59: %P2058-7-DEBUG: [classifiler][rj_fss_dbg_dump_result][107]bin_pwr_count = 416
index=39
no find:*Jun 27 16:24:59: %P2058-7-DEBUG: [classifiler][rj_fss_dbg_dump_result][108]interf_list count = 0
index=40
no find:*Jun 27 16:24:59: %P2058-7-DEBUG: [classifiler][rj_fss_dbg_dump_result][101]
index=41
no find:*Jun 27 16:24:59: %P2058-7-DEBUG: ========================================
index=42
find:*Jun 27 16:24:59: %P2058-7-DEBUG: [classifiler][rj_fss_dbg_dump_result][102]radio_id = 2
true:*Jun 27 16:24:59: %P2058-7-DEBUG: [classifiler][rj_fss_dbg_dump_result][102]radio_id = 2
index=43
no find:*Jun 27 16:24:59: %P2058-7-DEBUG: [classifiler][rj_fss_dbg_dump_result][103]freq = 5250
index=44
no find:*Jun 27 16:25:00: %P2058-7-DEBUG: [classifiler][rj_fss_dbg_dump_result][104]ch_width = 160
index=45
no find:*Jun 27 16:25:00: %P2058-7-DEBUG: [classifiler][rj_fss_dbg_dump_result][105]spectral_tstamp = 55730781
index=46
no find:*Jun 27 16:25:00: %P2058-7-DEBUG: [classifiler][rj_fss_dbg_dump_result][106]spectral_rssi = 5
index=47
no find:*Jun 27 16:25:00: %P2058-7-DEBUG: [classifiler][rj_fss_dbg_dump_result][107]bin_pwr_count = 416
index=48
no find:*Jun 27 16:25:00: %P2058-7-DEBUG: [classifiler][rj_fss_dbg_dump_result][108]interf_list count = 0
index=49
no find:*Jun 27 16:25:00: %P2058-7-DEBUG: [classifiler][rj_fss_dbg_dump_result][101]
index=50
no find:*Jun 27 16:25:00: %P2058-7-DEBUG: ========================================
index=51
find:*Jun 27 16:25:00: %P2058-7-DEBUG: [classifiler][rj_fss_dbg_dump_result][102]radio_id = 2
true:*Jun 27 16:25:00: %P2058-7-DEBUG: [classifiler][rj_fss_dbg_dump_result][102]radio_id = 2
index=52
no find:*Jun 27 16:25:00: %P2058-7-DEBUG: [classifiler][rj_fss_dbg_dump_result][103]freq = 5250
-------------------------------------------------------------</msg>
<msg timestamp="20190627 16:23:30.289" level="INFO">${ret} = 1</msg>
<status status="PASS" starttime="20190627 16:23:30.289" endtime="20190627 16:23:30.289"></status>
</kw>
<kw name="Run Keyword If" library="BuiltIn">
<doc>Runs the given keyword with the given arguments, if ``condition`` is true.</doc>
<arguments>
<arg>${ret}==1</arg>
<arg>log</arg>
<arg>${ret}</arg>
<arg>ELSE</arg>
<arg>Should Match</arg>
<arg>${output}</arg>
<arg>*no find ${RADIO_EQ_1}*</arg>
</arguments>
<kw name="Log" library="BuiltIn">
<doc>Logs the given message with the given level.</doc>
<arguments>
<arg>${ret}</arg>
</arguments>
<msg timestamp="20190627 16:23:30.291" level="INFO">1</msg>
<status status="PASS" starttime="20190627 16:23:30.291" endtime="20190627 16:23:30.291"></status>
</kw>
<status status="PASS" starttime="20190627 16:23:30.290" endtime="20190627 16:23:30.291"></status>
</kw>
<kw name="Fss Check String" library="string_compare">
<arguments>
<arg>${output}</arg>
<arg>freq =</arg>
<arg>freq = 5250</arg>
</arguments>
<assign>
<var>${ret}</var>
</assign>
<msg timestamp="20190627 16:23:30.292" level="INFO">str1=freq =

arg=freq = 5250

len=54
string_list=['*Jun 27 16:24:55: %P2058-7-DEBUG: [classifiler][rj_fss_dbg_dump_result][105]spectral_tstamp = 55730464', 'AP740-I-newFlash(config-spectral)#*Jun 27 16:24:55: %P2058-7-DEBUG: [classifiler][rj_fss_dbg_dump_result][106]spectral_rssi = 5', '*Jun 27 16:24:56: %P2058-7-DEBUG: [classifiler][rj_fss_dbg_dump_result][107]bin_pwr_count = 416', '*Jun 27 16:24:56: %P2058-7-DEBUG: [classifiler][rj_fss_dbg_dump_result][108]interf_list count = 0', '*Jun 27 16:24:56: %P2058-7-DEBUG: [classifiler][rj_fss_dbg_dump_result][101]', '*Jun 27 16:24:56: %P2058-7-DEBUG: ========================================', '*Jun 27 16:24:56: %P2058-7-DEBUG: [classifiler][rj_fss_dbg_dump_result][102]radio_id = 2', '*Jun 27 16:24:56: %P2058-7-DEBUG: [classifiler][rj_fss_dbg_dump_result][103]freq = 5250', '*Jun 27 16:24:56: %P2058-7-DEBUG: [classifiler][rj_fss_dbg_dump_result][104]ch_width = 160', '*Jun 27 16:24:56: %P2058-7-DEBUG: [classifiler][rj_fss_dbg_dump_result][105]spectral_tstamp = 55730518', '*Jun 27 16:24:56: %P2058-7-DEBUG: [classifiler][rj_fss_dbg_dump_result][106]spectral_rssi = 3', '*Jun 27 16:24:56: %P2058-7-DEBUG: [classifiler][rj_fss_dbg_dump_result][107]bin_pwr_count = 416', '*Jun 27 16:24:57: %P2058-7-DEBUG: [classifiler][rj_fss_dbg_dump_result][108]interf_list count = 0', '*Jun 27 16:24:57: %P2058-7-DEBUG: [classifiler][rj_fss_dbg_dump_result][101]', '*Jun 27 16:24:57: %P2058-7-DEBUG: ========================================', '*Jun 27 16:24:57: %P2058-7-DEBUG: [classifiler][rj_fss_dbg_dump_result][102]radio_id = 2', '*Jun 27 16:24:57: %P2058-7-DEBUG: [classifiler][rj_fss_dbg_dump_result][103]freq = 5250', '*Jun 27 16:24:57: %P2058-7-DEBUG: [classifiler][rj_fss_dbg_dump_result][104]ch_width = 160', '*Jun 27 16:24:57: %P2058-7-DEBUG: [classifiler][rj_fss_dbg_dump_result][105]spectral_tstamp = 55730545', '*Jun 27 16:24:57: %P2058-7-DEBUG: [classifiler][rj_fss_dbg_dump_result][106]spectral_rssi = 4', '*Jun 27 16:24:57: %P2058-7-DEBUG: [classifiler][rj_fss_dbg_dump_result][107]bin_pwr_count = 416', '*Jun 27 16:24:57: %P2058-7-DEBUG: [classifiler][rj_fss_dbg_dump_result][108]interf_list count = 0', '*Jun 27 16:24:57: %P2058-7-DEBUG: [classifiler][rj_fss_dbg_dump_result][101]', '*Jun 27 16:24:58: %P2058-7-DEBUG: ========================================', '*Jun 27 16:24:58: %P2058-7-DEBUG: [classifiler][rj_fss_dbg_dump_result][102]radio_id = 2', '*Jun 27 16:24:58: %P2058-7-DEBUG: [classifiler][rj_fss_dbg_dump_result][103]freq = 5250', '*Jun 27 16:24:58: %P2058-7-DEBUG: [classifiler][rj_fss_dbg_dump_result][104]ch_width = 160', '*Jun 27 16:24:58: %P2058-7-DEBUG: [classifiler][rj_fss_dbg_dump_result][105]spectral_tstamp = 55730602', '*Jun 27 16:24:58: %P2058-7-DEBUG: [classifiler][rj_fss_dbg_dump_result][106]spectral_rssi = 4', '*Jun 27 16:24:58: %P2058-7-DEBUG: [classifiler][rj_fss_dbg_dump_result][107]bin_pwr_count = 416', '*Jun 27 16:24:58: %P2058-7-DEBUG: [classifiler][rj_fss_dbg_dump_result][108]interf_list count = 0', '*Jun 27 16:24:58: %P2058-7-DEBUG: [classifiler][rj_fss_dbg_dump_result][101]', '*Jun 27 16:24:58: %P2058-7-DEBUG: ========================================', '*Jun 27 16:24:58: %P2058-7-DEBUG: [classifiler][rj_fss_dbg_dump_result][102]radio_id = 2', '*Jun 27 16:24:59: %P2058-7-DEBUG: [classifiler][rj_fss_dbg_dump_result][103]freq = 5250', '*Jun 27 16:24:59: %P2058-7-DEBUG: [classifiler][rj_fss_dbg_dump_result][104]ch_width = 160', '*Jun 27 16:24:59: %P2058-7-DEBUG: [classifiler][rj_fss_dbg_dump_result][105]spectral_tstamp = 55730629', '*Jun 27 16:24:59: %P2058-7-DEBUG: [classifiler][rj_fss_dbg_dump_result][106]spectral_rssi = 5', '*Jun 27 16:24:59: %P2058-7-DEBUG: [classifiler][rj_fss_dbg_dump_result][107]bin_pwr_count = 416', '*Jun 27 16:24:59: %P2058-7-DEBUG: [classifiler][rj_fss_dbg_dump_result][108]interf_list count = 0', '*Jun 27 16:24:59: %P2058-7-DEBUG: [classifiler][rj_fss_dbg_dump_result][101]', '*Jun 27 16:24:59: %P2058-7-DEBUG: ========================================', '*Jun 27 16:24:59: %P2058-7-DEBUG: [classifiler][rj_fss_dbg_dump_result][102]radio_id = 2', '*Jun 27 16:24:59: %P2058-7-DEBUG: [classifiler][rj_fss_dbg_dump_result][103]freq = 5250', '*Jun 27 16:25:00: %P2058-7-DEBUG: [classifiler][rj_fss_dbg_dump_result][104]ch_width = 160', '*Jun 27 16:25:00: %P2058-7-DEBUG: [classifiler][rj_fss_dbg_dump_result][105]spectral_tstamp = 55730781', '*Jun 27 16:25:00: %P2058-7-DEBUG: [classifiler][rj_fss_dbg_dump_result][106]spectral_rssi = 5', '*Jun 27 16:25:00: %P2058-7-DEBUG: [classifiler][rj_fss_dbg_dump_result][107]bin_pwr_count = 416', '*Jun 27 16:25:00: %P2058-7-DEBUG: [classifiler][rj_fss_dbg_dump_result][108]interf_list count = 0', '*Jun 27 16:25:00: %P2058-7-DEBUG: [classifiler][rj_fss_dbg_dump_result][101]', '*Jun 27 16:25:00: %P2058-7-DEBUG: ========================================', '*Jun 27 16:25:00: %P2058-7-DEBUG: [classifiler][rj_fss_dbg_dump_result][102]radio_id = 2', '*Jun 27 16:25:00: %P2058-7-DEBUG: [classifiler][rj_fss_dbg_dump_result][103]freq = 5250', '']

-------------------------------------------------------------

index=0
no find:*Jun 27 16:24:55: %P2058-7-DEBUG: [classifiler][rj_fss_dbg_dump_result][105]spectral_tstamp = 55730464
index=1
no find:AP740-I-newFlash(config-spectral)#*Jun 27 16:24:55: %P2058-7-DEBUG: [classifiler][rj_fss_dbg_dump_result][106]spectral_rssi = 5
index=2
no find:*Jun 27 16:24:56: %P2058-7-DEBUG: [classifiler][rj_fss_dbg_dump_result][107]bin_pwr_count = 416
index=3
no find:*Jun 27 16:24:56: %P2058-7-DEBUG: [classifiler][rj_fss_dbg_dump_result][108]interf_list count = 0
index=4
no find:*Jun 27 16:24:56: %P2058-7-DEBUG: [classifiler][rj_fss_dbg_dump_result][101]
index=5
no find:*Jun 27 16:24:56: %P2058-7-DEBUG: ========================================
index=6
no find:*Jun 27 16:24:56: %P2058-7-DEBUG: [classifiler][rj_fss_dbg_dump_result][102]radio_id = 2
index=7
find:*Jun 27 16:24:56: %P2058-7-DEBUG: [classifiler][rj_fss_dbg_dump_result][103]freq = 5250
true:*Jun 27 16:24:56: %P2058-7-DEBUG: [classifiler][rj_fss_dbg_dump_result][103]freq = 5250
index=8
no find:*Jun 27 16:24:56: %P2058-7-DEBUG: [classifiler][rj_fss_dbg_dump_result][104]ch_width = 160
index=9
no find:*Jun 27 16:24:56: %P2058-7-DEBUG: [classifiler][rj_fss_dbg_dump_result][105]spectral_tstamp = 55730518
index=10
no find:*Jun 27 16:24:56: %P2058-7-DEBUG: [classifiler][rj_fss_dbg_dump_result][106]spectral_rssi = 3
index=11
no find:*Jun 27 16:24:56: %P2058-7-DEBUG: [classifiler][rj_fss_dbg_dump_result][107]bin_pwr_count = 416
index=12
no find:*Jun 27 16:24:57: %P2058-7-DEBUG: [classifiler][rj_fss_dbg_dump_result][108]interf_list count = 0
index=13
no find:*Jun 27 16:24:57: %P2058-7-DEBUG: [classifiler][rj_fss_dbg_dump_result][101]
index=14
no find:*Jun 27 16:24:57: %P2058-7-DEBUG: ========================================
index=15
no find:*Jun 27 16:24:57: %P2058-7-DEBUG: [classifiler][rj_fss_dbg_dump_result][102]radio_id = 2
index=16
find:*Jun 27 16:24:57: %P2058-7-DEBUG: [classifiler][rj_fss_dbg_dump_result][103]freq = 5250
true:*Jun 27 16:24:57: %P2058-7-DEBUG: [classifiler][rj_fss_dbg_dump_result][103]freq = 5250
index=17
no find:*Jun 27 16:24:57: %P2058-7-DEBUG: [classifiler][rj_fss_dbg_dump_result][104]ch_width = 160
index=18
no find:*Jun 27 16:24:57: %P2058-7-DEBUG: [classifiler][rj_fss_dbg_dump_result][105]spectral_tstamp = 55730545
index=19
no find:*Jun 27 16:24:57: %P2058-7-DEBUG: [classifiler][rj_fss_dbg_dump_result][106]spectral_rssi = 4
index=20
no find:*Jun 27 16:24:57: %P2058-7-DEBUG: [classifiler][rj_fss_dbg_dump_result][107]bin_pwr_count = 416
index=21
no find:*Jun 27 16:24:57: %P2058-7-DEBUG: [classifiler][rj_fss_dbg_dump_result][108]interf_list count = 0
index=22
no find:*Jun 27 16:24:57: %P2058-7-DEBUG: [classifiler][rj_fss_dbg_dump_result][101]
index=23
no find:*Jun 27 16:24:58: %P2058-7-DEBUG: ========================================
index=24
no find:*Jun 27 16:24:58: %P2058-7-DEBUG: [classifiler][rj_fss_dbg_dump_result][102]radio_id = 2
index=25
find:*Jun 27 16:24:58: %P2058-7-DEBUG: [classifiler][rj_fss_dbg_dump_result][103]freq = 5250
true:*Jun 27 16:24:58: %P2058-7-DEBUG: [classifiler][rj_fss_dbg_dump_result][103]freq = 5250
index=26
no find:*Jun 27 16:24:58: %P2058-7-DEBUG: [classifiler][rj_fss_dbg_dump_result][104]ch_width = 160
index=27
no find:*Jun 27 16:24:58: %P2058-7-DEBUG: [classifiler][rj_fss_dbg_dump_result][105]spectral_tstamp = 55730602
index=28
no find:*Jun 27 16:24:58: %P2058-7-DEBUG: [classifiler][rj_fss_dbg_dump_result][106]spectral_rssi = 4
index=29
no find:*Jun 27 16:24:58: %P2058-7-DEBUG: [classifiler][rj_fss_dbg_dump_result][107]bin_pwr_count = 416
index=30
no find:*Jun 27 16:24:58: %P2058-7-DEBUG: [classifiler][rj_fss_dbg_dump_result][108]interf_list count = 0
index=31
no find:*Jun 27 16:24:58: %P2058-7-DEBUG: [classifiler][rj_fss_dbg_dump_result][101]
index=32
no find:*Jun 27 16:24:58: %P2058-7-DEBUG: ========================================
index=33
no find:*Jun 27 16:24:58: %P2058-7-DEBUG: [classifiler][rj_fss_dbg_dump_result][102]radio_id = 2
index=34
find:*Jun 27 16:24:59: %P2058-7-DEBUG: [classifiler][rj_fss_dbg_dump_result][103]freq = 5250
true:*Jun 27 16:24:59: %P2058-7-DEBUG: [classifiler][rj_fss_dbg_dump_result][103]freq = 5250
index=35
no find:*Jun 27 16:24:59: %P2058-7-DEBUG: [classifiler][rj_fss_dbg_dump_result][104]ch_width = 160
index=36
no find:*Jun 27 16:24:59: %P2058-7-DEBUG: [classifiler][rj_fss_dbg_dump_result][105]spectral_tstamp = 55730629
index=37
no find:*Jun 27 16:24:59: %P2058-7-DEBUG: [classifiler][rj_fss_dbg_dump_result][106]spectral_rssi = 5
index=38
no find:*Jun 27 16:24:59: %P2058-7-DEBUG: [classifiler][rj_fss_dbg_dump_result][107]bin_pwr_count = 416
index=39
no find:*Jun 27 16:24:59: %P2058-7-DEBUG: [classifiler][rj_fss_dbg_dump_result][108]interf_list count = 0
index=40
no find:*Jun 27 16:24:59: %P2058-7-DEBUG: [classifiler][rj_fss_dbg_dump_result][101]
index=41
no find:*Jun 27 16:24:59: %P2058-7-DEBUG: ========================================
index=42
no find:*Jun 27 16:24:59: %P2058-7-DEBUG: [classifiler][rj_fss_dbg_dump_result][102]radio_id = 2
index=43
find:*Jun 27 16:24:59: %P2058-7-DEBUG: [classifiler][rj_fss_dbg_dump_result][103]freq = 5250
true:*Jun 27 16:24:59: %P2058-7-DEBUG: [classifiler][rj_fss_dbg_dump_result][103]freq = 5250
index=44
no find:*Jun 27 16:25:00: %P2058-7-DEBUG: [classifiler][rj_fss_dbg_dump_result][104]ch_width = 160
index=45
no find:*Jun 27 16:25:00: %P2058-7-DEBUG: [classifiler][rj_fss_dbg_dump_result][105]spectral_tstamp = 55730781
index=46
no find:*Jun 27 16:25:00: %P2058-7-DEBUG: [classifiler][rj_fss_dbg_dump_result][106]spectral_rssi = 5
index=47
no find:*Jun 27 16:25:00: %P2058-7-DEBUG: [classifiler][rj_fss_dbg_dump_result][107]bin_pwr_count = 416
index=48
no find:*Jun 27 16:25:00: %P2058-7-DEBUG: [classifiler][rj_fss_dbg_dump_result][108]interf_list count = 0
index=49
no find:*Jun 27 16:25:00: %P2058-7-DEBUG: [classifiler][rj_fss_dbg_dump_result][101]
index=50
no find:*Jun 27 16:25:00: %P2058-7-DEBUG: ========================================
index=51
no find:*Jun 27 16:25:00: %P2058-7-DEBUG: [classifiler][rj_fss_dbg_dump_result][102]radio_id = 2
index=52
find:*Jun 27 16:25:00: %P2058-7-DEBUG: [classifiler][rj_fss_dbg_dump_result][103]freq = 5250
true:*Jun 27 16:25:00: %P2058-7-DEBUG: [classifiler][rj_fss_dbg_dump_result][103]freq = 5250
-------------------------------------------------------------</msg>
<msg timestamp="20190627 16:23:30.292" level="INFO">${ret} = 1</msg>
<status status="PASS" starttime="20190627 16:23:30.292" endtime="20190627 16:23:30.292"></status>
</kw>
<kw name="Run Keyword If" library="BuiltIn">
<doc>Runs the given keyword with the given arguments, if ``condition`` is true.</doc>
<arguments>
<arg>${ret}==1</arg>
<arg>log</arg>
<arg>${ret}</arg>
<arg>ELSE</arg>
<arg>Should Match</arg>
<arg>${output}</arg>
<arg>*no find freq = 5250*</arg>
</arguments>
<kw name="Log" library="BuiltIn">
<doc>Logs the given message with the given level.</doc>
<arguments>
<arg>${ret}</arg>
</arguments>
<msg timestamp="20190627 16:23:30.293" level="INFO">1</msg>
<status status="PASS" starttime="20190627 16:23:30.293" endtime="20190627 16:23:30.293"></status>
</kw>
<status status="PASS" starttime="20190627 16:23:30.293" endtime="20190627 16:23:30.293"></status>
</kw>
<kw name="Fss Check String" library="string_compare">
<arguments>
<arg>${output}</arg>
<arg>ch_width =</arg>
<arg>ch_width = 160</arg>
</arguments>
<assign>
<var>${ret}</var>
</assign>
<msg timestamp="20190627 16:23:30.295" level="INFO">str1=ch_width =

arg=ch_width = 160

len=54
string_list=['*Jun 27 16:24:55: %P2058-7-DEBUG: [classifiler][rj_fss_dbg_dump_result][105]spectral_tstamp = 55730464', 'AP740-I-newFlash(config-spectral)#*Jun 27 16:24:55: %P2058-7-DEBUG: [classifiler][rj_fss_dbg_dump_result][106]spectral_rssi = 5', '*Jun 27 16:24:56: %P2058-7-DEBUG: [classifiler][rj_fss_dbg_dump_result][107]bin_pwr_count = 416', '*Jun 27 16:24:56: %P2058-7-DEBUG: [classifiler][rj_fss_dbg_dump_result][108]interf_list count = 0', '*Jun 27 16:24:56: %P2058-7-DEBUG: [classifiler][rj_fss_dbg_dump_result][101]', '*Jun 27 16:24:56: %P2058-7-DEBUG: ========================================', '*Jun 27 16:24:56: %P2058-7-DEBUG: [classifiler][rj_fss_dbg_dump_result][102]radio_id = 2', '*Jun 27 16:24:56: %P2058-7-DEBUG: [classifiler][rj_fss_dbg_dump_result][103]freq = 5250', '*Jun 27 16:24:56: %P2058-7-DEBUG: [classifiler][rj_fss_dbg_dump_result][104]ch_width = 160', '*Jun 27 16:24:56: %P2058-7-DEBUG: [classifiler][rj_fss_dbg_dump_result][105]spectral_tstamp = 55730518', '*Jun 27 16:24:56: %P2058-7-DEBUG: [classifiler][rj_fss_dbg_dump_result][106]spectral_rssi = 3', '*Jun 27 16:24:56: %P2058-7-DEBUG: [classifiler][rj_fss_dbg_dump_result][107]bin_pwr_count = 416', '*Jun 27 16:24:57: %P2058-7-DEBUG: [classifiler][rj_fss_dbg_dump_result][108]interf_list count = 0', '*Jun 27 16:24:57: %P2058-7-DEBUG: [classifiler][rj_fss_dbg_dump_result][101]', '*Jun 27 16:24:57: %P2058-7-DEBUG: ========================================', '*Jun 27 16:24:57: %P2058-7-DEBUG: [classifiler][rj_fss_dbg_dump_result][102]radio_id = 2', '*Jun 27 16:24:57: %P2058-7-DEBUG: [classifiler][rj_fss_dbg_dump_result][103]freq = 5250', '*Jun 27 16:24:57: %P2058-7-DEBUG: [classifiler][rj_fss_dbg_dump_result][104]ch_width = 160', '*Jun 27 16:24:57: %P2058-7-DEBUG: [classifiler][rj_fss_dbg_dump_result][105]spectral_tstamp = 55730545', '*Jun 27 16:24:57: %P2058-7-DEBUG: [classifiler][rj_fss_dbg_dump_result][106]spectral_rssi = 4', '*Jun 27 16:24:57: %P2058-7-DEBUG: [classifiler][rj_fss_dbg_dump_result][107]bin_pwr_count = 416', '*Jun 27 16:24:57: %P2058-7-DEBUG: [classifiler][rj_fss_dbg_dump_result][108]interf_list count = 0', '*Jun 27 16:24:57: %P2058-7-DEBUG: [classifiler][rj_fss_dbg_dump_result][101]', '*Jun 27 16:24:58: %P2058-7-DEBUG: ========================================', '*Jun 27 16:24:58: %P2058-7-DEBUG: [classifiler][rj_fss_dbg_dump_result][102]radio_id = 2', '*Jun 27 16:24:58: %P2058-7-DEBUG: [classifiler][rj_fss_dbg_dump_result][103]freq = 5250', '*Jun 27 16:24:58: %P2058-7-DEBUG: [classifiler][rj_fss_dbg_dump_result][104]ch_width = 160', '*Jun 27 16:24:58: %P2058-7-DEBUG: [classifiler][rj_fss_dbg_dump_result][105]spectral_tstamp = 55730602', '*Jun 27 16:24:58: %P2058-7-DEBUG: [classifiler][rj_fss_dbg_dump_result][106]spectral_rssi = 4', '*Jun 27 16:24:58: %P2058-7-DEBUG: [classifiler][rj_fss_dbg_dump_result][107]bin_pwr_count = 416', '*Jun 27 16:24:58: %P2058-7-DEBUG: [classifiler][rj_fss_dbg_dump_result][108]interf_list count = 0', '*Jun 27 16:24:58: %P2058-7-DEBUG: [classifiler][rj_fss_dbg_dump_result][101]', '*Jun 27 16:24:58: %P2058-7-DEBUG: ========================================', '*Jun 27 16:24:58: %P2058-7-DEBUG: [classifiler][rj_fss_dbg_dump_result][102]radio_id = 2', '*Jun 27 16:24:59: %P2058-7-DEBUG: [classifiler][rj_fss_dbg_dump_result][103]freq = 5250', '*Jun 27 16:24:59: %P2058-7-DEBUG: [classifiler][rj_fss_dbg_dump_result][104]ch_width = 160', '*Jun 27 16:24:59: %P2058-7-DEBUG: [classifiler][rj_fss_dbg_dump_result][105]spectral_tstamp = 55730629', '*Jun 27 16:24:59: %P2058-7-DEBUG: [classifiler][rj_fss_dbg_dump_result][106]spectral_rssi = 5', '*Jun 27 16:24:59: %P2058-7-DEBUG: [classifiler][rj_fss_dbg_dump_result][107]bin_pwr_count = 416', '*Jun 27 16:24:59: %P2058-7-DEBUG: [classifiler][rj_fss_dbg_dump_result][108]interf_list count = 0', '*Jun 27 16:24:59: %P2058-7-DEBUG: [classifiler][rj_fss_dbg_dump_result][101]', '*Jun 27 16:24:59: %P2058-7-DEBUG: ========================================', '*Jun 27 16:24:59: %P2058-7-DEBUG: [classifiler][rj_fss_dbg_dump_result][102]radio_id = 2', '*Jun 27 16:24:59: %P2058-7-DEBUG: [classifiler][rj_fss_dbg_dump_result][103]freq = 5250', '*Jun 27 16:25:00: %P2058-7-DEBUG: [classifiler][rj_fss_dbg_dump_result][104]ch_width = 160', '*Jun 27 16:25:00: %P2058-7-DEBUG: [classifiler][rj_fss_dbg_dump_result][105]spectral_tstamp = 55730781', '*Jun 27 16:25:00: %P2058-7-DEBUG: [classifiler][rj_fss_dbg_dump_result][106]spectral_rssi = 5', '*Jun 27 16:25:00: %P2058-7-DEBUG: [classifiler][rj_fss_dbg_dump_result][107]bin_pwr_count = 416', '*Jun 27 16:25:00: %P2058-7-DEBUG: [classifiler][rj_fss_dbg_dump_result][108]interf_list count = 0', '*Jun 27 16:25:00: %P2058-7-DEBUG: [classifiler][rj_fss_dbg_dump_result][101]', '*Jun 27 16:25:00: %P2058-7-DEBUG: ========================================', '*Jun 27 16:25:00: %P2058-7-DEBUG: [classifiler][rj_fss_dbg_dump_result][102]radio_id = 2', '*Jun 27 16:25:00: %P2058-7-DEBUG: [classifiler][rj_fss_dbg_dump_result][103]freq = 5250', '']

-------------------------------------------------------------

index=0
no find:*Jun 27 16:24:55: %P2058-7-DEBUG: [classifiler][rj_fss_dbg_dump_result][105]spectral_tstamp = 55730464
index=1
no find:AP740-I-newFlash(config-spectral)#*Jun 27 16:24:55: %P2058-7-DEBUG: [classifiler][rj_fss_dbg_dump_result][106]spectral_rssi = 5
index=2
no find:*Jun 27 16:24:56: %P2058-7-DEBUG: [classifiler][rj_fss_dbg_dump_result][107]bin_pwr_count = 416
index=3
no find:*Jun 27 16:24:56: %P2058-7-DEBUG: [classifiler][rj_fss_dbg_dump_result][108]interf_list count = 0
index=4
no find:*Jun 27 16:24:56: %P2058-7-DEBUG: [classifiler][rj_fss_dbg_dump_result][101]
index=5
no find:*Jun 27 16:24:56: %P2058-7-DEBUG: ========================================
index=6
no find:*Jun 27 16:24:56: %P2058-7-DEBUG: [classifiler][rj_fss_dbg_dump_result][102]radio_id = 2
index=7
no find:*Jun 27 16:24:56: %P2058-7-DEBUG: [classifiler][rj_fss_dbg_dump_result][103]freq = 5250
index=8
find:*Jun 27 16:24:56: %P2058-7-DEBUG: [classifiler][rj_fss_dbg_dump_result][104]ch_width = 160
true:*Jun 27 16:24:56: %P2058-7-DEBUG: [classifiler][rj_fss_dbg_dump_result][104]ch_width = 160
index=9
no find:*Jun 27 16:24:56: %P2058-7-DEBUG: [classifiler][rj_fss_dbg_dump_result][105]spectral_tstamp = 55730518
index=10
no find:*Jun 27 16:24:56: %P2058-7-DEBUG: [classifiler][rj_fss_dbg_dump_result][106]spectral_rssi = 3
index=11
no find:*Jun 27 16:24:56: %P2058-7-DEBUG: [classifiler][rj_fss_dbg_dump_result][107]bin_pwr_count = 416
index=12
no find:*Jun 27 16:24:57: %P2058-7-DEBUG: [classifiler][rj_fss_dbg_dump_result][108]interf_list count = 0
index=13
no find:*Jun 27 16:24:57: %P2058-7-DEBUG: [classifiler][rj_fss_dbg_dump_result][101]
index=14
no find:*Jun 27 16:24:57: %P2058-7-DEBUG: ========================================
index=15
no find:*Jun 27 16:24:57: %P2058-7-DEBUG: [classifiler][rj_fss_dbg_dump_result][102]radio_id = 2
index=16
no find:*Jun 27 16:24:57: %P2058-7-DEBUG: [classifiler][rj_fss_dbg_dump_result][103]freq = 5250
index=17
find:*Jun 27 16:24:57: %P2058-7-DEBUG: [classifiler][rj_fss_dbg_dump_result][104]ch_width = 160
true:*Jun 27 16:24:57: %P2058-7-DEBUG: [classifiler][rj_fss_dbg_dump_result][104]ch_width = 160
index=18
no find:*Jun 27 16:24:57: %P2058-7-DEBUG: [classifiler][rj_fss_dbg_dump_result][105]spectral_tstamp = 55730545
index=19
no find:*Jun 27 16:24:57: %P2058-7-DEBUG: [classifiler][rj_fss_dbg_dump_result][106]spectral_rssi = 4
index=20
no find:*Jun 27 16:24:57: %P2058-7-DEBUG: [classifiler][rj_fss_dbg_dump_result][107]bin_pwr_count = 416
index=21
no find:*Jun 27 16:24:57: %P2058-7-DEBUG: [classifiler][rj_fss_dbg_dump_result][108]interf_list count = 0
index=22
no find:*Jun 27 16:24:57: %P2058-7-DEBUG: [classifiler][rj_fss_dbg_dump_result][101]
index=23
no find:*Jun 27 16:24:58: %P2058-7-DEBUG: ========================================
index=24
no find:*Jun 27 16:24:58: %P2058-7-DEBUG: [classifiler][rj_fss_dbg_dump_result][102]radio_id = 2
index=25
no find:*Jun 27 16:24:58: %P2058-7-DEBUG: [classifiler][rj_fss_dbg_dump_result][103]freq = 5250
index=26
find:*Jun 27 16:24:58: %P2058-7-DEBUG: [classifiler][rj_fss_dbg_dump_result][104]ch_width = 160
true:*Jun 27 16:24:58: %P2058-7-DEBUG: [classifiler][rj_fss_dbg_dump_result][104]ch_width = 160
index=27
no find:*Jun 27 16:24:58: %P2058-7-DEBUG: [classifiler][rj_fss_dbg_dump_result][105]spectral_tstamp = 55730602
index=28
no find:*Jun 27 16:24:58: %P2058-7-DEBUG: [classifiler][rj_fss_dbg_dump_result][106]spectral_rssi = 4
index=29
no find:*Jun 27 16:24:58: %P2058-7-DEBUG: [classifiler][rj_fss_dbg_dump_result][107]bin_pwr_count = 416
index=30
no find:*Jun 27 16:24:58: %P2058-7-DEBUG: [classifiler][rj_fss_dbg_dump_result][108]interf_list count = 0
index=31
no find:*Jun 27 16:24:58: %P2058-7-DEBUG: [classifiler][rj_fss_dbg_dump_result][101]
index=32
no find:*Jun 27 16:24:58: %P2058-7-DEBUG: ========================================
index=33
no find:*Jun 27 16:24:58: %P2058-7-DEBUG: [classifiler][rj_fss_dbg_dump_result][102]radio_id = 2
index=34
no find:*Jun 27 16:24:59: %P2058-7-DEBUG: [classifiler][rj_fss_dbg_dump_result][103]freq = 5250
index=35
find:*Jun 27 16:24:59: %P2058-7-DEBUG: [classifiler][rj_fss_dbg_dump_result][104]ch_width = 160
true:*Jun 27 16:24:59: %P2058-7-DEBUG: [classifiler][rj_fss_dbg_dump_result][104]ch_width = 160
index=36
no find:*Jun 27 16:24:59: %P2058-7-DEBUG: [classifiler][rj_fss_dbg_dump_result][105]spectral_tstamp = 55730629
index=37
no find:*Jun 27 16:24:59: %P2058-7-DEBUG: [classifiler][rj_fss_dbg_dump_result][106]spectral_rssi = 5
index=38
no find:*Jun 27 16:24:59: %P2058-7-DEBUG: [classifiler][rj_fss_dbg_dump_result][107]bin_pwr_count = 416
index=39
no find:*Jun 27 16:24:59: %P2058-7-DEBUG: [classifiler][rj_fss_dbg_dump_result][108]interf_list count = 0
index=40
no find:*Jun 27 16:24:59: %P2058-7-DEBUG: [classifiler][rj_fss_dbg_dump_result][101]
index=41
no find:*Jun 27 16:24:59: %P2058-7-DEBUG: ========================================
index=42
no find:*Jun 27 16:24:59: %P2058-7-DEBUG: [classifiler][rj_fss_dbg_dump_result][102]radio_id = 2
index=43
no find:*Jun 27 16:24:59: %P2058-7-DEBUG: [classifiler][rj_fss_dbg_dump_result][103]freq = 5250
index=44
find:*Jun 27 16:25:00: %P2058-7-DEBUG: [classifiler][rj_fss_dbg_dump_result][104]ch_width = 160
true:*Jun 27 16:25:00: %P2058-7-DEBUG: [classifiler][rj_fss_dbg_dump_result][104]ch_width = 160
index=45
no find:*Jun 27 16:25:00: %P2058-7-DEBUG: [classifiler][rj_fss_dbg_dump_result][105]spectral_tstamp = 55730781
index=46
no find:*Jun 27 16:25:00: %P2058-7-DEBUG: [classifiler][rj_fss_dbg_dump_result][106]spectral_rssi = 5
index=47
no find:*Jun 27 16:25:00: %P2058-7-DEBUG: [classifiler][rj_fss_dbg_dump_result][107]bin_pwr_count = 416
index=48
no find:*Jun 27 16:25:00: %P2058-7-DEBUG: [classifiler][rj_fss_dbg_dump_result][108]interf_list count = 0
index=49
no find:*Jun 27 16:25:00: %P2058-7-DEBUG: [classifiler][rj_fss_dbg_dump_result][101]
index=50
no find:*Jun 27 16:25:00: %P2058-7-DEBUG: ========================================
index=51
no find:*Jun 27 16:25:00: %P2058-7-DEBUG: [classifiler][rj_fss_dbg_dump_result][102]radio_id = 2
index=52
no find:*Jun 27 16:25:00: %P2058-7-DEBUG: [classifiler][rj_fss_dbg_dump_result][103]freq = 5250
-------------------------------------------------------------</msg>
<msg timestamp="20190627 16:23:30.295" level="INFO">${ret} = 1</msg>
<status status="PASS" starttime="20190627 16:23:30.295" endtime="20190627 16:23:30.295"></status>
</kw>
<kw name="Run Keyword If" library="BuiltIn">
<doc>Runs the given keyword with the given arguments, if ``condition`` is true.</doc>
<arguments>
<arg>${ret}==1</arg>
<arg>log</arg>
<arg>${ret}</arg>
<arg>ELSE</arg>
<arg>Should Match</arg>
<arg>${output}</arg>
<arg>*no find ch_width = 160*</arg>
</arguments>
<kw name="Log" library="BuiltIn">
<doc>Logs the given message with the given level.</doc>
<arguments>
<arg>${ret}</arg>
</arguments>
<msg timestamp="20190627 16:23:30.297" level="INFO">1</msg>
<status status="PASS" starttime="20190627 16:23:30.296" endtime="20190627 16:23:30.297"></status>
</kw>
<status status="PASS" starttime="20190627 16:23:30.296" endtime="20190627 16:23:30.297"></status>
</kw>
<kw name="Fss Check String" library="string_compare">
<arguments>
<arg>${output}</arg>
<arg>bin_pwr_count =</arg>
<arg>bin_pwr_count = 416</arg>
</arguments>
<assign>
<var>${ret}</var>
</assign>
<msg timestamp="20190627 16:23:30.298" level="INFO">str1=bin_pwr_count =

arg=bin_pwr_count = 416

len=54
string_list=['*Jun 27 16:24:55: %P2058-7-DEBUG: [classifiler][rj_fss_dbg_dump_result][105]spectral_tstamp = 55730464', 'AP740-I-newFlash(config-spectral)#*Jun 27 16:24:55: %P2058-7-DEBUG: [classifiler][rj_fss_dbg_dump_result][106]spectral_rssi = 5', '*Jun 27 16:24:56: %P2058-7-DEBUG: [classifiler][rj_fss_dbg_dump_result][107]bin_pwr_count = 416', '*Jun 27 16:24:56: %P2058-7-DEBUG: [classifiler][rj_fss_dbg_dump_result][108]interf_list count = 0', '*Jun 27 16:24:56: %P2058-7-DEBUG: [classifiler][rj_fss_dbg_dump_result][101]', '*Jun 27 16:24:56: %P2058-7-DEBUG: ========================================', '*Jun 27 16:24:56: %P2058-7-DEBUG: [classifiler][rj_fss_dbg_dump_result][102]radio_id = 2', '*Jun 27 16:24:56: %P2058-7-DEBUG: [classifiler][rj_fss_dbg_dump_result][103]freq = 5250', '*Jun 27 16:24:56: %P2058-7-DEBUG: [classifiler][rj_fss_dbg_dump_result][104]ch_width = 160', '*Jun 27 16:24:56: %P2058-7-DEBUG: [classifiler][rj_fss_dbg_dump_result][105]spectral_tstamp = 55730518', '*Jun 27 16:24:56: %P2058-7-DEBUG: [classifiler][rj_fss_dbg_dump_result][106]spectral_rssi = 3', '*Jun 27 16:24:56: %P2058-7-DEBUG: [classifiler][rj_fss_dbg_dump_result][107]bin_pwr_count = 416', '*Jun 27 16:24:57: %P2058-7-DEBUG: [classifiler][rj_fss_dbg_dump_result][108]interf_list count = 0', '*Jun 27 16:24:57: %P2058-7-DEBUG: [classifiler][rj_fss_dbg_dump_result][101]', '*Jun 27 16:24:57: %P2058-7-DEBUG: ========================================', '*Jun 27 16:24:57: %P2058-7-DEBUG: [classifiler][rj_fss_dbg_dump_result][102]radio_id = 2', '*Jun 27 16:24:57: %P2058-7-DEBUG: [classifiler][rj_fss_dbg_dump_result][103]freq = 5250', '*Jun 27 16:24:57: %P2058-7-DEBUG: [classifiler][rj_fss_dbg_dump_result][104]ch_width = 160', '*Jun 27 16:24:57: %P2058-7-DEBUG: [classifiler][rj_fss_dbg_dump_result][105]spectral_tstamp = 55730545', '*Jun 27 16:24:57: %P2058-7-DEBUG: [classifiler][rj_fss_dbg_dump_result][106]spectral_rssi = 4', '*Jun 27 16:24:57: %P2058-7-DEBUG: [classifiler][rj_fss_dbg_dump_result][107]bin_pwr_count = 416', '*Jun 27 16:24:57: %P2058-7-DEBUG: [classifiler][rj_fss_dbg_dump_result][108]interf_list count = 0', '*Jun 27 16:24:57: %P2058-7-DEBUG: [classifiler][rj_fss_dbg_dump_result][101]', '*Jun 27 16:24:58: %P2058-7-DEBUG: ========================================', '*Jun 27 16:24:58: %P2058-7-DEBUG: [classifiler][rj_fss_dbg_dump_result][102]radio_id = 2', '*Jun 27 16:24:58: %P2058-7-DEBUG: [classifiler][rj_fss_dbg_dump_result][103]freq = 5250', '*Jun 27 16:24:58: %P2058-7-DEBUG: [classifiler][rj_fss_dbg_dump_result][104]ch_width = 160', '*Jun 27 16:24:58: %P2058-7-DEBUG: [classifiler][rj_fss_dbg_dump_result][105]spectral_tstamp = 55730602', '*Jun 27 16:24:58: %P2058-7-DEBUG: [classifiler][rj_fss_dbg_dump_result][106]spectral_rssi = 4', '*Jun 27 16:24:58: %P2058-7-DEBUG: [classifiler][rj_fss_dbg_dump_result][107]bin_pwr_count = 416', '*Jun 27 16:24:58: %P2058-7-DEBUG: [classifiler][rj_fss_dbg_dump_result][108]interf_list count = 0', '*Jun 27 16:24:58: %P2058-7-DEBUG: [classifiler][rj_fss_dbg_dump_result][101]', '*Jun 27 16:24:58: %P2058-7-DEBUG: ========================================', '*Jun 27 16:24:58: %P2058-7-DEBUG: [classifiler][rj_fss_dbg_dump_result][102]radio_id = 2', '*Jun 27 16:24:59: %P2058-7-DEBUG: [classifiler][rj_fss_dbg_dump_result][103]freq = 5250', '*Jun 27 16:24:59: %P2058-7-DEBUG: [classifiler][rj_fss_dbg_dump_result][104]ch_width = 160', '*Jun 27 16:24:59: %P2058-7-DEBUG: [classifiler][rj_fss_dbg_dump_result][105]spectral_tstamp = 55730629', '*Jun 27 16:24:59: %P2058-7-DEBUG: [classifiler][rj_fss_dbg_dump_result][106]spectral_rssi = 5', '*Jun 27 16:24:59: %P2058-7-DEBUG: [classifiler][rj_fss_dbg_dump_result][107]bin_pwr_count = 416', '*Jun 27 16:24:59: %P2058-7-DEBUG: [classifiler][rj_fss_dbg_dump_result][108]interf_list count = 0', '*Jun 27 16:24:59: %P2058-7-DEBUG: [classifiler][rj_fss_dbg_dump_result][101]', '*Jun 27 16:24:59: %P2058-7-DEBUG: ========================================', '*Jun 27 16:24:59: %P2058-7-DEBUG: [classifiler][rj_fss_dbg_dump_result][102]radio_id = 2', '*Jun 27 16:24:59: %P2058-7-DEBUG: [classifiler][rj_fss_dbg_dump_result][103]freq = 5250', '*Jun 27 16:25:00: %P2058-7-DEBUG: [classifiler][rj_fss_dbg_dump_result][104]ch_width = 160', '*Jun 27 16:25:00: %P2058-7-DEBUG: [classifiler][rj_fss_dbg_dump_result][105]spectral_tstamp = 55730781', '*Jun 27 16:25:00: %P2058-7-DEBUG: [classifiler][rj_fss_dbg_dump_result][106]spectral_rssi = 5', '*Jun 27 16:25:00: %P2058-7-DEBUG: [classifiler][rj_fss_dbg_dump_result][107]bin_pwr_count = 416', '*Jun 27 16:25:00: %P2058-7-DEBUG: [classifiler][rj_fss_dbg_dump_result][108]interf_list count = 0', '*Jun 27 16:25:00: %P2058-7-DEBUG: [classifiler][rj_fss_dbg_dump_result][101]', '*Jun 27 16:25:00: %P2058-7-DEBUG: =
[...]
index=6
no find:*Jun 27 16:24:56: %P2058-7-DEBUG: [classifiler][rj_fss_dbg_dump_result][102]radio_id = 2
index=7
no find:*Jun 27 16:24:56: %P2058-7-DEBUG: [classifiler][rj_fss_dbg_dump_result][103]freq = 5250
index=8
no find:*Jun 27 16:24:56: %P2058-7-DEBUG: [classifiler][rj_fss_dbg_dump_result][104]ch_width = 160
index=9
no find:*Jun 27 16:24:56: %P2058-7-DEBUG: [classifiler][rj_fss_dbg_dump_result][105]spectral_tstamp = 55730518
index=10
no find:*Jun 27 16:24:56: %P2058-7-DEBUG: [classifiler][rj_fss_dbg_dump_result][106]spectral_rssi = 3
index=11
find:*Jun 27 16:24:56: %P2058-7-DEBUG: [classifiler][rj_fss_dbg_dump_result][107]bin_pwr_count = 416
true:*Jun 27 16:24:56: %P2058-7-DEBUG: [classifiler][rj_fss_dbg_dump_result][107]bin_pwr_count = 416
index=12
no find:*Jun 27 16:24:57: %P2058-7-DEBUG: [classifiler][rj_fss_dbg_dump_result][108]interf_list count = 0
index=13
no find:*Jun 27 16:24:57: %P2058-7-DEBUG: [classifiler][rj_fss_dbg_dump_result][101]
index=14
no find:*Jun 27 16:24:57: %P2058-7-DEBUG: ========================================
index=15
no find:*Jun 27 16:24:57: %P2058-7-DEBUG: [classifiler][rj_fss_dbg_dump_result][102]radio_id = 2
index=16
no find:*Jun 27 16:24:57: %P2058-7-DEBUG: [classifiler][rj_fss_dbg_dump_result][103]freq = 5250
index=17
no find:*Jun 27 16:24:57: %P2058-7-DEBUG: [classifiler][rj_fss_dbg_dump_result][104]ch_width = 160
index=18
no find:*Jun 27 16:24:57: %P2058-7-DEBUG: [classifiler][rj_fss_dbg_dump_result][105]spectral_tstamp = 55730545
index=19
no find:*Jun 27 16:24:57: %P2058-7-DEBUG: [classifiler][rj_fss_dbg_dump_result][106]spectral_rssi = 4
index=20
find:*Jun 27 16:24:57: %P2058-7-DEBUG: [classifiler][rj_fss_dbg_dump_result][107]bin_pwr_count = 416
true:*Jun 27 16:24:57: %P2058-7-DEBUG: [classifiler][rj_fss_dbg_dump_result][107]bin_pwr_count = 416
index=21
no find:*Jun 27 16:24:57: %P2058-7-DEBUG: [classifiler][rj_fss_dbg_dump_result][108]interf_list count = 0
index=22
no find:*Jun 27 16:24:57: %P2058-7-DEBUG: [classifiler][rj_fss_dbg_dump_result][101]
index=23
no find:*Jun 27 16:24:58: %P2058-7-DEBUG: ========================================
index=24
no find:*Jun 27 16:24:58: %P2058-7-DEBUG: [classifiler][rj_fss_dbg_dump_result][102]radio_id = 2
index=25
no find:*Jun 27 16:24:58: %P2058-7-DEBUG: [classifiler][rj_fss_dbg_dump_result][103]freq = 5250
index=26
no find:*Jun 27 16:24:58: %P2058-7-DEBUG: [classifiler][rj_fss_dbg_dump_result][104]ch_width = 160
index=27
no find:*Jun 27 16:24:58: %P2058-7-DEBUG: [classifiler][rj_fss_dbg_dump_result][105]spectral_tstamp = 55730602
index=28
no find:*Jun 27 16:24:58: %P2058-7-DEBUG: [classifiler][rj_fss_dbg_dump_result][106]spectral_rssi = 4
index=29
find:*Jun 27 16:24:58: %P2058-7-DEBUG: [classifiler][rj_fss_dbg_dump_result][107]bin_pwr_count = 416
true:*Jun 27 16:24:58: %P2058-7-DEBUG: [classifiler][rj_fss_dbg_dump_result][107]bin_pwr_count = 416
index=30
no find:*Jun 27 16:24:58: %P2058-7-DEBUG: [classifiler][rj_fss_dbg_dump_result][108]interf_list count = 0
index=31
no find:*Jun 27 16:24:58: %P2058-7-DEBUG: [classifiler][rj_fss_dbg_dump_result][101]
index=32
no find:*Jun 27 16:24:58: %P2058-7-DEBUG: ========================================
index=33
no find:*Jun 27 16:24:58: %P2058-7-DEBUG: [classifiler][rj_fss_dbg_dump_result][102]radio_id = 2
index=34
no find:*Jun 27 16:24:59: %P2058-7-DEBUG: [classifiler][rj_fss_dbg_dump_result][103]freq = 5250
index=35
no find:*Jun 27 16:24:59: %P2058-7-DEBUG: [classifiler][rj_fss_dbg_dump_result][104]ch_width = 160
index=36
no find:*Jun 27 16:24:59: %P2058-7-DEBUG: [classifiler][rj_fss_dbg_dump_result][105]spectral_tstamp = 55730629
index=37
no find:*Jun 27 16:24:59: %P2058-7-DEBUG: [classifiler][rj_fss_dbg_dump_result][106]spectral_rssi = 5
index=38
find:*Jun 27 16:24:59: %P2058-7-DEBUG: [classifiler][rj_fss_dbg_dump_result][107]bin_pwr_count = 416
true:*Jun 27 16:24:59: %P2058-7-DEBUG: [classifiler][rj_fss_dbg_dump_result][107]bin_pwr_count = 416
index=39
no find:*Jun 27 16:24:59: %P2058-7-DEBUG: [classifiler][rj_fss_dbg_dump_result][108]interf_list count = 0
index=40
no find:*Jun 27 16:24:59: %P2058-7-DEBUG: [classifiler][rj_fss_dbg_dump_result][101]
index=41
no find:*Jun 27 16:24:59: %P2058-7-DEBUG: ========================================
index=42
no find:*Jun 27 16:24:59: %P2058-7-DEBUG: [classifiler][rj_fss_dbg_dump_result][102]radio_id = 2
index=43
no find:*Jun 27 16:24:59: %P2058-7-DEBUG: [classifiler][rj_fss_dbg_dump_result][103]freq = 5250
index=44
no find:*Jun 27 16:25:00: %P2058-7-DEBUG: [classifiler][rj_fss_dbg_dump_result][104]ch_width = 160
index=45
no find:*Jun 27 16:25:00: %P2058-7-DEBUG: [classifiler][rj_fss_dbg_dump_result][105]spectral_tstamp = 55730781
index=46
no find:*Jun 27 16:25:00: %P2058-7-DEBUG: [classifiler][rj_fss_dbg_dump_result][106]spectral_rssi = 5
index=47
find:*Jun 27 16:25:00: %P2058-7-DEBUG: [classifiler][rj_fss_dbg_dump_result][107]bin_pwr_count = 416
true:*Jun 27 16:25:00: %P2058-7-DEBUG: [classifiler][rj_fss_dbg_dump_result][107]bin_pwr_count = 416
index=48
no find:*Jun 27 16:25:00: %P2058-7-DEBUG: [classifiler][rj_fss_dbg_dump_result][108]interf_list count = 0
index=49
no find:*Jun 27 16:25:00: %P2058-7-DEBUG: [classifiler][rj_fss_dbg_dump_result][101]
index=50
no find:*Jun 27 16:25:00: %P2058-7-DEBUG: ========================================
index=51
no find:*Jun 27 16:25:00: %P2058-7-DEBUG: [classifiler][rj_fss_dbg_dump_result][102]radio_id = 2
index=52
no find:*Jun 27 16:25:00: %P2058-7-DEBUG: [classifiler][rj_fss_dbg_dump_result][103]freq = 5250
-------------------------------------------------------------</msg>
<msg timestamp="20190627 16:23:30.299" level="INFO">${ret} = 1</msg>
<status status="PASS" starttime="20190627 16:23:30.298" endtime="20190627 16:23:30.299"></status>
</kw>
<kw name="Run Keyword If" library="BuiltIn">
<doc>Runs the given keyword with the given arguments, if ``condition`` is true.</doc>
<arguments>
<arg>${ret}==1</arg>
<arg>log</arg>
<arg>${ret}</arg>
<arg>ELSE</arg>
<arg>Should Match</arg>
<arg>${output}</arg>
<arg>*no find bin_pwr_count = 416*</arg>
</arguments>
<kw name="Log" library="BuiltIn">
<doc>Logs the given message with the given level.</doc>
<arguments>
<arg>${ret}</arg>
</arguments>
<msg timestamp="20190627 16:23:30.300" level="INFO">1</msg>
<status status="PASS" starttime="20190627 16:23:30.300" endtime="20190627 16:23:30.300"></status>
</kw>
<status status="PASS" starttime="20190627 16:23:30.299" endtime="20190627 16:23:30.300"></status>
</kw>
<kw name="Sleep" library="BuiltIn">
<doc>Pauses the test executed for the given time.</doc>
<arguments>
<arg>5s</arg>
</arguments>
<msg timestamp="20190627 16:23:35.300" level="INFO">Slept 5 seconds</msg>
<status status="PASS" starttime="20190627 16:23:30.300" endtime="20190627 16:23:35.300"></status>
</kw>
<doc>配置频宽，使能radio2的频谱检测</doc>
<status status="PASS" starttime="20190627 16:23:12.530" endtime="20190627 16:23:35.301" critical="yes"></status>
</test>
<test id="s1-t2" name="Test end and reset configure">
<kw name="Switch Connection" library="Telnet">
<doc>Switches between active connections using an index or an alias.</doc>
<arguments>
<arg>1</arg>
</arguments>
<status status="PASS" starttime="20190627 16:23:35.305" endtime="20190627 16:23:35.306"></status>
</kw>
<kw name="Write Bare" library="Telnet">
<doc>Writes the given text, and nothing else, into the connection.</doc>
<arguments>
<arg>\r\n</arg>
</arguments>
<status status="PASS" starttime="20190627 16:23:35.306" endtime="20190627 16:23:35.306"></status>
</kw>
<kw name="Read Until Prompt" library="Telnet">
<doc>Reads output until the prompt is encountered.</doc>
<msg timestamp="20190627 16:23:35.522" level="INFO">WS5308(config-ap)#</msg>
<status status="PASS" starttime="20190627 16:23:35.306" endtime="20190627 16:23:35.523"></status>
</kw>
<kw name="Write" library="Telnet">
<doc>Writes the given text plus a newline into the connection.</doc>
<arguments>
<arg>no spectral enable radio 1</arg>
</arguments>
<msg timestamp="20190627 16:23:35.543" level="INFO">no spectral enable radio 1</msg>
<status status="PASS" starttime="20190627 16:23:35.523" endtime="20190627 16:23:35.543"></status>
</kw>
<kw name="Write" library="Telnet">
<doc>Writes the given text plus a newline into the connection.</doc>
<arguments>
<arg>no spectral enable radio 2</arg>
</arguments>
<msg timestamp="20190627 16:23:35.611" level="INFO">WS5308(config-ap)#no spectral enable radio 2</msg>
<status status="PASS" starttime="20190627 16:23:35.544" endtime="20190627 16:23:35.612"></status>
</kw>
<kw name="Write" library="Telnet">
<doc>Writes the given text plus a newline into the connection.</doc>
<arguments>
<arg>no spectral enable radio 3</arg>
</arguments>
<msg timestamp="20190627 16:23:35.684" level="INFO">WS5308(config-ap)#no spectral enable radio 3</msg>
<status status="PASS" starttime="20190627 16:23:35.612" endtime="20190627 16:23:35.685"></status>
</kw>
<kw name="Write" library="Telnet">
<doc>Writes the given text plus a newline into the connection.</doc>
<arguments>
<arg>no spectral enable</arg>
</arguments>
<msg timestamp="20190627 16:23:35.942" level="INFO">WS5308(config-ap)#no spectral enable</msg>
<status status="PASS" starttime="20190627 16:23:35.685" endtime="20190627 16:23:35.942"></status>
</kw>
<kw name="Write" library="Telnet">
<doc>Writes the given text plus a newline into the connection.</doc>
<arguments>
<arg>no device mode</arg>
</arguments>
<msg timestamp="20190627 16:23:35.963" level="INFO">WS5308(config-ap)#no device mode</msg>
<status status="PASS" starttime="20190627 16:23:35.943" endtime="20190627 16:23:35.963"></status>
</kw>
<kw name="Read Until Prompt" library="Telnet">
<doc>Reads output until the prompt is encountered.</doc>
<msg timestamp="20190627 16:23:36.162" level="INFO">WS5308(config-ap)#</msg>
<status status="PASS" starttime="20190627 16:23:35.964" endtime="20190627 16:23:36.162"></status>
</kw>
<kw name="Execute Command" library="Telnet">
<doc>Executes the given ``command`` and reads, logs, and returns everything until the prompt.</doc>
<arguments>
<arg>show ap-config running ${AP_NAME}</arg>
</arguments>
<assign>
<var>${output}</var>
</assign>
<msg timestamp="20190627 16:23:36.183" level="INFO">show ap-config running AP740-I-newFlash</msg>
<msg timestamp="20190627 16:23:36.672" level="INFO">Building configuration...
Current configuration: 176 bytes

!
ap-config AP740-I-newFlash
 ap-mac 00d0.f822.334c
 wlan-cap enable 1
 channel 36 radio 2
 chan-width 40 radio 1
 chan-width 40 radio 2
 chan-width 40 radio 3
!
end
WS5308(config-ap)#</msg>
<msg timestamp="20190627 16:23:36.672" level="INFO">${output} = 
Building configuration...
Current configuration: 176 bytes

!
ap-config AP740-I-newFlash
 ap-mac 00d0.f822.334c
 wlan-cap enable 1
 channel 36 radio 2
 chan-width 40 radio 1
 chan...</msg>
<status status="PASS" starttime="20190627 16:23:36.165" endtime="20190627 16:23:36.672"></status>
</kw>
<kw name="Should Not Match" library="BuiltIn">
<doc>Fails if the given ``string`` matches the given ``pattern``.</doc>
<arguments>
<arg>${output}</arg>
<arg>*spectral enable*</arg>
</arguments>
<status status="PASS" starttime="20190627 16:23:36.674" endtime="20190627 16:23:36.674"></status>
</kw>
<kw name="Switch Connection" library="Telnet">
<doc>Switches between active connections using an index or an alias.</doc>
<arguments>
<arg>2</arg>
</arguments>
<status status="PASS" starttime="20190627 16:23:36.675" endtime="20190627 16:23:36.675"></status>
</kw>
<kw name="Write Bare" library="Telnet">
<doc>Writes the given text, and nothing else, into the connection.</doc>
<arguments>
<arg>\r\n</arg>
</arguments>
<status status="PASS" starttime="20190627 16:23:36.676" endtime="20190627 16:23:36.677"></status>
</kw>
<kw name="Read" library="Telnet">
<doc>Reads everything that is currently available in the output.</doc>
<msg timestamp="20190627 16:23:36.693" level="INFO">*Jun 27 16:25:00: %P2058-7-DEBUG: [classifiler][rj_fss_dbg_dump_result][104]ch_width = 160
*Jun 27 16:25:00: %P2058-7-DEBUG: [classifiler][rj_fss_dbg_dump_result][105]spectral_tstamp = 55730809
*Jun 27 16:25:01: %P2058-7-DEBUG: [classifiler][rj_fss_dbg_dump_result][106]spectral_rssi = 3
*Jun 27 16:25:01: %P2058-7-DEBUG: [classifiler][rj_fss_dbg_dump_result][107]bin_pwr_count = 416
*Jun 27 16:25:01: %P2058-7-DEBUG: [classifiler][rj_fss_dbg_dump_result][108]interf_list count = 0
*Jun 27 16:25:01: %P2058-7-DEBUG: [classifiler][rj_fss_dbg_dump_result][101]
*Jun 27 16:25:01: %P2058-7-DEBUG: ========================================
*Jun 27 16:25:01: %P2058-7-DEBUG: [classifiler][rj_fss_dbg_dump_result][102]radio_id = 2
*Jun 27 16:25:01: %P2058-7-DEBUG: [classifiler][rj_fss_dbg_dump_result][103]freq = 5250
*Jun 27 16:25:01: %P2058-7-DEBUG: [classifiler][rj_fss_dbg_dump_result][104]ch_width = 160
*Jun 27 16:25:01: %P2058-7-DEBUG: [classifiler][rj_fss_dbg_dump_result][105]spectral_tstamp = 55730836
*Jun 27 16:25:01: %P2058-7-DEBUG: [classifiler][rj_fss_dbg_dump_result][106]spectral_rssi = 5
*Jun 27 16:25:02: %P2058-7-DEBUG: [classifiler][rj_fss_dbg_dump_result][107]bin_pwr_count = 416
*Jun 27 16:25:02: %P2058-7-DEBUG: [classifiler][rj_fss_dbg_dump_result][108]interf_list count = 0
*Jun 27 16:25:02: %P2058-7-DEBUG: [classifiler][rj_fss_dbg_dump_result][101]
*Jun 27 16:25:02: %P2058-7-DEBUG: ========================================
*Jun 27 16:25:02: %P2058-7-DEBUG: [classifiler][rj_fss_dbg_dump_result][102]radio_id = 2
*Jun 27 16:25:02: %P2058-7-DEBUG: [classifiler][rj_fss_dbg_dump_result][103]freq = 5250
*Jun 27 16:25:02: %P2058-7-DEBUG: [classifiler][rj_fss_dbg_dump_result][104]ch_width = 160
*Jun 27 16:25:02: %P2058-7-DEBUG: [classifiler][rj_fss_dbg_dump_result][105]spectral_tstamp = 55730863
*Jun 27 16:25:02: %P2058-7-DEBUG: [classifiler][rj_fss_dbg_dump_result][106]spectral_rssi = 5
*Jun 27 16:25:02: %P2058-7-DEBUG: [classifiler][rj_fss_dbg_dump_result][107]bin_pwr_count = 416
*Jun 27 16:25:02: %P2058-7-DEBUG: [classifiler][rj_fss_dbg_dump_result][108]interf_list count = 0
*Jun 27 16:25:03: %P2058-7-DEBUG: [classifiler][rj_fss_dbg_dump_result][101]
*Jun 27 16:25:03: %P2058-7-DEBUG: ========================================
*Jun 27 16:25:03: %P2058-7-DEBUG: [classifiler][rj_fss_dbg_dump_result][102]radio_id = 2
*Jun 27 16:25:03: %P2058-7-DEBUG: [classifiler][rj_fss_dbg_dump_result][103]freq = 5250
*Jun 27 16:25:03: %P2058-7-DEBUG: [classifiler][rj_fss_dbg_dump_result][104]ch_width = 160
*Jun 27 16:25:03: %P2058-7-DEBUG: [classifiler][rj_fss_dbg_dump_result][105]spectral_tstamp = 55730890
*Jun 27 16:25:03: %P2058-7-DEBUG: [classifiler][rj_fss_dbg_dump_result][106]spectral_rssi = 4
*Jun 27 16:25:03: %P2058-7-DEBUG: [classifiler][rj_fss_dbg_dump_result][107]bin_pwr_count = 416
*Jun 27 16:25:03: %P2058-7-DEBUG: [classifiler][rj_fss_dbg_dump_result][108]interf_list count = 0
*Jun 27 16:25:03: %P2058-7-DEBUG: [classifiler][rj_fss_dbg_dump_result][101]
*Jun 27 16:25:04: %P2058-7-DEBUG: ========================================
*Jun 27 16:25:04: %P2058-7-DEBUG: [classifiler][rj_fss_dbg_dump_result][102]radio_id = 2
*Jun 27 16:25:04: %P2058-7-DEBUG: [classifiler][rj_fss_dbg_dump_result][103]freq = 5250
*Jun 27 16:25:04: %P2058-7-DEBUG: [classifiler][rj_fss_dbg_dump_result][104]ch_width = 160
*Jun 27 16:25:04: %P2058-7-DEBUG: [classifiler][rj_fss_dbg_dump_result][105]spectral_tstamp = 55730920
*Jun 27 16:25:04: %P2058-7-DEBUG: [classifiler][rj_fss_dbg_dump_result][106]spectral_rssi = 4
*Jun 27 16:25:04: %P2058-7-DEBUG: [classifiler][rj_fss_dbg_dump_result][107]bin_pwr_count = 416
*Jun 27 16:25:04: %P2058-7-DEBUG: [classifiler][rj_fss_dbg_dump_result][108]interf_list count = 0
*Jun 27 16:25:04: %P2058-7-DEBUG: [classifiler][rj_fss_dbg_dump_result][101]
*Jun 27 16:25:04: %P2058-7-DEBUG: ========================================
*Jun 27 16:25:04: %P2058-7-DEBUG: [classifiler][rj_fss_dbg_dump_result][102]radio_id = 2
*Jun 27 16:25:05: %P2058-7-DEBUG: [classifiler][rj_fss_dbg_dump_result][103]freq = 5250
*Jun 27 16:25:05: %P2058-7-DEBUG: [classifiler][rj_fss_dbg_dump_result][104]ch_width = 160
*Jun 27 16:25:05: %P2058-7-DEBUG: [classifiler][rj_fss_dbg_dump_result][105]spectral_tstamp = 55730948
*Jun 27 16:25:05: %P2058-7-DEBUG: [classifiler][rj_fss_dbg_dump_result][106]spectral_rssi = 4
*Jun 27 16:25:05: %P2058-7-DEBUG: [classifiler][rj_fss_dbg_dump_result][107]bin_pwr_count = 416
*Jun 27 16:25:05: %P2058-7-DEBUG: [classifiler][rj_fss_dbg_dump_result][108]interf_list count = 0
*Jun 27 16:25:05: %P2058-7-DEBUG: [classifiler][rj_fss_dbg_dump_result][101]
*Jun 27 16:25:05: %P2058-7-DEBUG: ========================================
*Jun 27 16:25:05: %P2058-7-DEBUG: [classifiler][rj_fss_dbg_dump_result][102]radio_id = 2
*Jun 27 16:25:05: %P2058-7-DEBUG: [classifiler][rj_fss_dbg_dump_result][103]freq = 5250
*Jun 27 16:25:06: %P2058-7-DEBUG: [classifiler][rj_fss_dbg_dump_result][104]ch_width = 160
*Jun 27 16:25:06: %P2058-7-DEBUG: [classifiler][rj_fss_dbg_dump_result][105]spectral_tstamp = 55730975
*Jun 27 16:25:06: %P2058-7-DEBUG: [classifiler][rj_fss_dbg_dump_result][106]spectral_rssi = 3
*Jun 27 16:25:06: %P2058-7-DEBUG: [classifiler][rj_fss_dbg_dump_result][107]bin_pwr_count = 416
*Jun 27 16:25:06: %P2058-7-DEBUG: [classifiler][rj_fss_dbg_dump_result][108]interf_list count = 0
*Jun 27 16:25:06: %P2058-7-DEBUG: [classifiler][rj_fss_dbg_dump_result][101]
*Jun 27 16:25:06: %P2058-7-DEBUG: ========================================
*Jun 27 16:25:06: %P2058-7-DEBUG: [classifiler][rj_fss_dbg_dump_result][102]radio_id = 2
*Jun 27 16:25:06: %P2058-7-DEBUG: [classifiler][rj_fss_dbg_dump_result][103]freq = 5250
*Jun 27 16:25:06: %P2058-7-DEBUG: [classifiler][rj_fss_dbg_dump_result][104]ch_width = 160
*Jun 27 16:25:06: %P2058-7-DEBUG: [classifiler][rj_fss_dbg_dump_result][105]spectral_tstamp = 55731089
*Jun 27 16:25:07: %P2058-7-DEBUG: [classifiler][rj_fss_dbg_dump_result][106]spectral_rssi = 5
*Jun 27 16:25:07: %P2058-7-DEBUG: [classifiler][rj_fss_dbg_dump_result][107]bin_pwr_count = 416</msg>
<status status="PASS" starttime="20190627 16:23:36.677" endtime="20190627 16:23:36.693"></status>
</kw>
<kw name="Write" library="Telnet">
<doc>Writes the given text plus a newline into the connection.</doc>
<arguments>
<arg>no spectral debug level</arg>
</arguments>
<msg timestamp="20190627 16:23:36.695" level="INFO">*Jun 27 16:25:07: %P2058-7-DEBUG: [classifiler][rj_fss_dbg_dump_result][108]interf_list count = 0</msg>
<status status="PASS" starttime="20190627 16:23:36.694" endtime="20190627 16:23:36.695"></status>
</kw>
<kw name="Write" library="Telnet">
<doc>Writes the given text plus a newline into the connection.</doc>
<arguments>
<arg>end</arg>
</arguments>
<msg timestamp="20190627 16:23:36.698" level="INFO">AP740-I-newFlash(config-spectral)#no spectral debug level</msg>
<status status="PASS" starttime="20190627 16:23:36.696" endtime="20190627 16:23:36.698"></status>
</kw>
<status status="PASS" starttime="20190627 16:23:35.304" endtime="20190627 16:23:36.699" critical="yes"></status>
</test>
<kw name="Close All Connections" library="Telnet" type="teardown">
<doc>Closes all open connections and empties the connection cache.</doc>
<status status="PASS" starttime="20190627 16:23:36.702" endtime="20190627 16:23:36.702"></status>
</kw>
<status status="PASS" starttime="20190627 16:23:08.003" endtime="20190627 16:23:36.702"></status>
</suite>
<statistics>
<total>
<stat pass="2" fail="0">Critical Tests</stat>
<stat pass="2" fail="0">All Tests</stat>
</total>
<tag>
</tag>
<suite>
<stat pass="2" fail="0" id="s1" name="Spectral Case1 02 5G Low">Spectral Case1 02 5G Low</stat>
</suite>
</statistics>
<errors>
</errors>
</robot>
