<?xml version="1.0" encoding="UTF-8"?>
<robot generator="Robot 3.1.1 (Python 3.7.2 on win32)" generated="20190527 22:02:38.187" rpa="false">
<suite id="s1" name="Spectral Radio Up Down" source="E:\learn\robot\FSS_TEST\spectral_radio_up_down\spectral_radio_up_down.robot">
<kw name="Open Connection And Login And Disconnet Capwap" type="setup">
<kw name="Open Connection" library="Telnet">
<doc>Opens a new Telnet connection to the given host and port.</doc>
<arguments>
<arg>${AC_IP}</arg>
<arg>port=${AC_PORT}</arg>
</arguments>
<msg timestamp="20190527 22:02:38.690" level="INFO">Opening connection to 172.30.103.194:23 with prompt: (&gt;|#)$ (regexp)</msg>
<status status="PASS" starttime="20190527 22:02:38.690" endtime="20190527 22:02:38.698"></status>
</kw>
<kw name="Evaluate" library="BuiltIn">
<doc>Evaluates the given expression in Python and returns the results.</doc>
<arguments>
<arg>chr(int(3))</arg>
</arguments>
<assign>
<var>${CTRL_C}</var>
</assign>
<msg timestamp="20190527 22:02:38.698" level="INFO">${CTRL_C} = </msg>
<status status="PASS" starttime="20190527 22:02:38.698" endtime="20190527 22:02:38.698"></status>
</kw>
<kw name="Set Timeout" library="Telnet">
<doc>Sets the timeout used for waiting output in the current connection.</doc>
<arguments>
<arg>1s</arg>
</arguments>
<status status="PASS" starttime="20190527 22:02:38.699" endtime="20190527 22:02:38.699"></status>
</kw>
<kw name="Sleep" library="BuiltIn">
<doc>Pauses the test executed for the given time.</doc>
<arguments>
<arg>1s</arg>
</arguments>
<msg timestamp="20190527 22:02:39.699" level="INFO">Slept 1 second</msg>
<status status="PASS" starttime="20190527 22:02:38.699" endtime="20190527 22:02:39.699"></status>
</kw>
<kw name="Write Bare" library="Telnet">
<doc>Writes the given text, and nothing else, into the connection.</doc>
<arguments>
<arg>${CTRL_C}</arg>
</arguments>
<status status="PASS" starttime="20190527 22:02:39.700" endtime="20190527 22:02:39.702"></status>
</kw>
<kw name="Read Until Prompt" library="Telnet">
<doc>Reads output until the prompt is encountered.</doc>
<msg timestamp="20190527 22:02:39.704" level="INFO">WS5308#</msg>
<status status="PASS" starttime="20190527 22:02:39.702" endtime="20190527 22:02:39.705"></status>
</kw>
<kw name="Write" library="Telnet">
<doc>Writes the given text plus a newline into the connection.</doc>
<arguments>
<arg>co</arg>
</arguments>
<status status="PASS" starttime="20190527 22:02:39.705" endtime="20190527 22:02:39.911"></status>
</kw>
<kw name="Write" library="Telnet">
<doc>Writes the given text plus a newline into the connection.</doc>
<arguments>
<arg>ap-config ${AP_MAC}</arg>
</arguments>
<msg timestamp="20190527 22:02:39.911" level="INFO">WS5308#co</msg>
<status status="PASS" starttime="20190527 22:02:39.911" endtime="20190527 22:02:39.912"></status>
</kw>
<kw name="Write" library="Telnet">
<doc>Writes the given text plus a newline into the connection.</doc>
<arguments>
<arg>no spectral enable radio 1</arg>
</arguments>
<msg timestamp="20190527 22:02:39.967" level="INFO">Enter configuration commands, one per line.  End with CNTL/Z.</msg>
<status status="PASS" starttime="20190527 22:02:39.912" endtime="20190527 22:02:39.968"></status>
</kw>
<kw name="Write" library="Telnet">
<doc>Writes the given text plus a newline into the connection.</doc>
<arguments>
<arg>no spectral enable radio 2</arg>
</arguments>
<msg timestamp="20190527 22:02:40.015" level="INFO">WS5308(config)#ap-config 00d0.f822.334c</msg>
<status status="PASS" starttime="20190527 22:02:39.968" endtime="20190527 22:02:40.015"></status>
</kw>
<kw name="Write" library="Telnet">
<doc>Writes the given text plus a newline into the connection.</doc>
<arguments>
<arg>no spectral enable radio 3</arg>
</arguments>
<msg timestamp="20190527 22:02:40.075" level="INFO">You are going to config AP(AP740-I-newFlash), which is online now.</msg>
<status status="PASS" starttime="20190527 22:02:40.016" endtime="20190527 22:02:40.075"></status>
</kw>
<kw name="Write" library="Telnet">
<doc>Writes the given text plus a newline into the connection.</doc>
<arguments>
<arg>no spectral enable</arg>
</arguments>
<msg timestamp="20190527 22:02:40.104" level="INFO">WS5308(config-ap)#no spectral enable radio 1</msg>
<status status="PASS" starttime="20190527 22:02:40.076" endtime="20190527 22:02:40.104"></status>
</kw>
<kw name="Read Until Prompt" library="Telnet">
<doc>Reads output until the prompt is encountered.</doc>
<msg timestamp="20190527 22:02:40.502" level="INFO">WS5308(config-ap)#no spectral enable radio 2
WS5308(config-ap)#no spectral enable radio 3
WS5308(config-ap)#no spectral enable
WS5308(config-ap)#</msg>
<status status="PASS" starttime="20190527 22:02:40.104" endtime="20190527 22:02:40.502"></status>
</kw>
<kw name="Execute Command" library="Telnet">
<doc>Executes the given ``command`` and reads, logs, and returns everything until the prompt.</doc>
<arguments>
<arg>show ap-config running ${AP_NAME}</arg>
</arguments>
<assign>
<var>${output}</var>
</assign>
<msg timestamp="20190527 22:02:40.525" level="INFO">show ap-config running AP740-I-newFlash</msg>
<msg timestamp="20190527 22:02:41.026" level="INFO">Building configuration...
Current configuration: 83 bytes

!
ap-config AP740-I-newFlash
 ap-mac 00d0.f822.334c
 wlan-cap enable 1
!
end
WS5308(config-ap)#</msg>
<msg timestamp="20190527 22:02:41.026" level="INFO">${output} = 
Building configuration...
Current configuration: 83 bytes

!
ap-config AP740-I-newFlash
 ap-mac 00d0.f822.334c
 wlan-cap enable 1
!
end
WS5308(config-ap)#</msg>
<status status="PASS" starttime="20190527 22:02:40.503" endtime="20190527 22:02:41.026"></status>
</kw>
<kw name="Should Not Match" library="BuiltIn">
<doc>Fails if the given ``string`` matches the given ``pattern``.</doc>
<arguments>
<arg>${output}</arg>
<arg>*spectral enable*</arg>
</arguments>
<status status="PASS" starttime="20190527 22:02:41.026" endtime="20190527 22:02:41.027"></status>
</kw>
<kw name="Open Connection" library="Telnet">
<doc>Opens a new Telnet connection to the given host and port.</doc>
<arguments>
<arg>${AP_IP}</arg>
<arg>port=${AP_PORT}</arg>
</arguments>
<msg timestamp="20190527 22:02:41.027" level="INFO">Opening connection to 172.30.103.147:23 with prompt: (&gt;|#)$ (regexp)</msg>
<status status="PASS" starttime="20190527 22:02:41.027" endtime="20190527 22:02:41.028"></status>
</kw>
<kw name="Evaluate" library="BuiltIn">
<doc>Evaluates the given expression in Python and returns the results.</doc>
<arguments>
<arg>chr(int(3))</arg>
</arguments>
<assign>
<var>${CTRL_C}</var>
</assign>
<msg timestamp="20190527 22:02:41.029" level="INFO">${CTRL_C} = </msg>
<status status="PASS" starttime="20190527 22:02:41.029" endtime="20190527 22:02:41.029"></status>
</kw>
<kw name="Set Timeout" library="Telnet">
<doc>Sets the timeout used for waiting output in the current connection.</doc>
<arguments>
<arg>1s</arg>
</arguments>
<status status="PASS" starttime="20190527 22:02:41.029" endtime="20190527 22:02:41.029"></status>
</kw>
<kw name="Sleep" library="BuiltIn">
<doc>Pauses the test executed for the given time.</doc>
<arguments>
<arg>1s</arg>
</arguments>
<msg timestamp="20190527 22:02:42.029" level="INFO">Slept 1 second</msg>
<status status="PASS" starttime="20190527 22:02:41.029" endtime="20190527 22:02:42.029"></status>
</kw>
<kw name="Write Bare" library="Telnet">
<doc>Writes the given text, and nothing else, into the connection.</doc>
<arguments>
<arg>${CTRL_C}</arg>
</arguments>
<status status="PASS" starttime="20190527 22:02:42.029" endtime="20190527 22:02:42.029"></status>
</kw>
<kw name="Read Until" library="Telnet">
<doc>Reads output until ``expected`` text is encountered.</doc>
<arguments>
<arg>Password:</arg>
</arguments>
<msg timestamp="20190527 22:02:42.030" level="INFO">User Access Verification

Password:</msg>
<status status="PASS" starttime="20190527 22:02:42.029" endtime="20190527 22:02:42.030"></status>
</kw>
<kw name="Write" library="Telnet">
<doc>Writes the given text plus a newline into the connection.</doc>
<arguments>
<arg>${AP_PWD}</arg>
</arguments>
<status status="PASS" starttime="20190527 22:02:42.030" endtime="20190527 22:02:42.067"></status>
</kw>
<kw name="Read Until Prompt" library="Telnet">
<doc>Reads output until the prompt is encountered.</doc>
<msg timestamp="20190527 22:02:42.271" level="INFO">Password:

AP740-I-newFlash&gt;</msg>
<status status="PASS" starttime="20190527 22:02:42.068" endtime="20190527 22:02:42.272"></status>
</kw>
<kw name="Write" library="Telnet">
<doc>Writes the given text plus a newline into the connection.</doc>
<arguments>
<arg>enable</arg>
</arguments>
<msg timestamp="20190527 22:02:42.472" level="INFO">enable</msg>
<status status="PASS" starttime="20190527 22:02:42.272" endtime="20190527 22:02:42.472"></status>
</kw>
<kw name="Read Until" library="Telnet">
<doc>Reads output until ``expected`` text is encountered.</doc>
<arguments>
<arg>Password:</arg>
</arguments>
<msg timestamp="20190527 22:02:42.473" level="INFO">Password:</msg>
<status status="PASS" starttime="20190527 22:02:42.472" endtime="20190527 22:02:42.473"></status>
</kw>
<kw name="Write" library="Telnet">
<doc>Writes the given text plus a newline into the connection.</doc>
<arguments>
<arg>${AP_EN_PWD}</arg>
</arguments>
<status status="PASS" starttime="20190527 22:02:42.473" endtime="20190527 22:02:42.476"></status>
</kw>
<kw name="Read Until Prompt" library="Telnet">
<doc>Reads output until the prompt is encountered.</doc>
<msg timestamp="20190527 22:02:42.682" level="INFO">AP740-I-newFlash#</msg>
<status status="PASS" starttime="20190527 22:02:42.476" endtime="20190527 22:02:42.682"></status>
</kw>
<status status="PASS" starttime="20190527 22:02:38.690" endtime="20190527 22:02:42.682"></status>
</kw>
<test id="s1-t1" name="Test AP radio 1 shutdown and config spectral enable radio 1">
<kw name="Write Bare" library="Telnet">
<doc>Writes the given text, and nothing else, into the connection.</doc>
<arguments>
<arg>\r\n</arg>
</arguments>
<status status="PASS" starttime="20190527 22:02:42.691" endtime="20190527 22:02:42.692"></status>
</kw>
<kw name="Read" library="Telnet">
<doc>Reads everything that is currently available in the output.</doc>
<status status="PASS" starttime="20190527 22:02:42.693" endtime="20190527 22:02:42.694"></status>
</kw>
<kw name="Write" library="Telnet">
<doc>Writes the given text plus a newline into the connection.</doc>
<arguments>
<arg>configure</arg>
</arguments>
<status status="PASS" starttime="20190527 22:02:42.695" endtime="20190527 22:02:42.696"></status>
</kw>
<kw name="Write" library="Telnet">
<doc>Writes the given text plus a newline into the connection.</doc>
<arguments>
<arg>int dot11radio 1/0</arg>
</arguments>
<msg timestamp="20190527 22:02:42.912" level="INFO">AP740-I-newFlash#configure</msg>
<status status="PASS" starttime="20190527 22:02:42.697" endtime="20190527 22:02:42.912"></status>
</kw>
<kw name="Write" library="Telnet">
<doc>Writes the given text plus a newline into the connection.</doc>
<arguments>
<arg>shutdown</arg>
</arguments>
<msg timestamp="20190527 22:02:42.914" level="INFO">Enter configuration commands, one per line.  End with CNTL/Z.</msg>
<status status="PASS" starttime="20190527 22:02:42.913" endtime="20190527 22:02:42.914"></status>
</kw>
<kw name="Read" library="Telnet">
<doc>Reads everything that is currently available in the output.</doc>
<msg timestamp="20190527 22:02:42.916" level="INFO">AP740-I-newFlash(config)#int dot11radio 1/0
AP740-I-newFlash(config-if-Dot11radio 1/0)#</msg>
<status status="PASS" starttime="20190527 22:02:42.915" endtime="20190527 22:02:42.916"></status>
</kw>
<kw name="Execute Command" library="Telnet">
<doc>Executes the given ``command`` and reads, logs, and returns everything until the prompt.</doc>
<arguments>
<arg>show running-config | i spectral</arg>
</arguments>
<assign>
<var>${output}</var>
</assign>
<msg timestamp="20190527 22:02:42.917" level="INFO">shutdown</msg>
<msg timestamp="20190527 22:02:43.142" level="INFO">AP740-I-newFlash(config-if-Dot11radio 1/0)#show running-config | i spectral
spectral
AP740-I-newFlash(config-if-Dot11radio 1/0)#</msg>
<msg timestamp="20190527 22:02:43.142" level="INFO">${output} = AP740-I-newFlash(config-if-Dot11radio 1/0)#show running-config | i spectral
spectral
AP740-I-newFlash(config-if-Dot11radio 1/0)#</msg>
<status status="PASS" starttime="20190527 22:02:42.917" endtime="20190527 22:02:43.142"></status>
</kw>
<kw name="Should Not Match" library="BuiltIn">
<doc>Fails if the given ``string`` matches the given ``pattern``.</doc>
<arguments>
<arg>${output}</arg>
<arg>*${AC_TEST_CMD1}*</arg>
</arguments>
<status status="PASS" starttime="20190527 22:02:43.143" endtime="20190527 22:02:43.144"></status>
</kw>
<kw name="Write" library="Telnet">
<doc>Writes the given text plus a newline into the connection.</doc>
<arguments>
<arg>end</arg>
</arguments>
<msg timestamp="20190527 22:02:43.147" level="INFO">end</msg>
<status status="PASS" starttime="20190527 22:02:43.145" endtime="20190527 22:02:43.147"></status>
</kw>
<kw name="Switch Connection" library="Telnet">
<doc>Switches between active connections using an index or an alias.</doc>
<arguments>
<arg>1</arg>
</arguments>
<status status="PASS" starttime="20190527 22:02:43.150" endtime="20190527 22:02:43.150"></status>
</kw>
<kw name="Write Bare" library="Telnet">
<doc>Writes the given text, and nothing else, into the connection.</doc>
<arguments>
<arg>\r\n</arg>
</arguments>
<status status="PASS" starttime="20190527 22:02:43.151" endtime="20190527 22:02:43.152"></status>
</kw>
<kw name="Read" library="Telnet">
<doc>Reads everything that is currently available in the output.</doc>
<status status="PASS" starttime="20190527 22:02:43.153" endtime="20190527 22:02:43.153"></status>
</kw>
<kw name="Write" library="Telnet">
<doc>Writes the given text plus a newline into the connection.</doc>
<arguments>
<arg>spectral enable radio 1</arg>
</arguments>
<status status="PASS" starttime="20190527 22:02:43.153" endtime="20190527 22:02:43.166"></status>
</kw>
<kw name="Execute Command" library="Telnet">
<doc>Executes the given ``command`` and reads, logs, and returns everything until the prompt.</doc>
<arguments>
<arg>show ap-config running ${AP_NAME}</arg>
</arguments>
<assign>
<var>${output}</var>
</assign>
<msg timestamp="20190527 22:02:43.214" level="INFO">WS5308(config-ap)#spectral enable radio 1</msg>
<msg timestamp="20190527 22:02:43.811" level="INFO">WS5308(config-ap)#show ap-config running AP740-I-newFlash

Building configuration...
Current configuration: 109 bytes

!
ap-config AP740-I-newFlash
 ap-mac 00d0.f822.334c
 wlan-cap enable 1
 spectral enable radio 1
!
end
WS5308(config-ap)#</msg>
<msg timestamp="20190527 22:02:43.812" level="INFO">${output} = WS5308(config-ap)#show ap-config running AP740-I-newFlash

Building configuration...
Current configuration: 109 bytes

!
ap-config AP740-I-newFlash
 ap-mac 00d0.f822.334c
 wlan-cap ena...</msg>
<status status="PASS" starttime="20190527 22:02:43.167" endtime="20190527 22:02:43.812"></status>
</kw>
<kw name="Should Match" library="BuiltIn">
<doc>Fails if the given ``string`` does not match the given ``pattern``.</doc>
<arguments>
<arg>${output}</arg>
<arg>*${AC_TEST_CMD1}*</arg>
</arguments>
<status status="PASS" starttime="20190527 22:02:43.813" endtime="20190527 22:02:43.813"></status>
</kw>
<kw name="Sleep" library="BuiltIn">
<doc>Pauses the test executed for the given time.</doc>
<arguments>
<arg>2s</arg>
</arguments>
<msg timestamp="20190527 22:02:45.814" level="INFO">Slept 2 seconds</msg>
<status status="PASS" starttime="20190527 22:02:43.814" endtime="20190527 22:02:45.814"></status>
</kw>
<kw name="Switch Connection" library="Telnet">
<doc>Switches between active connections using an index or an alias.</doc>
<arguments>
<arg>2</arg>
</arguments>
<status status="PASS" starttime="20190527 22:02:45.815" endtime="20190527 22:02:45.815"></status>
</kw>
<kw name="Write" library="Telnet">
<doc>Writes the given text plus a newline into the connection.</doc>
<arguments>
<arg>1</arg>
</arguments>
<msg timestamp="20190527 22:02:45.821" level="INFO">AP740-I-newFlash#1</msg>
<status status="PASS" starttime="20190527 22:02:45.817" endtime="20190527 22:02:45.821"></status>
</kw>
<kw name="Read" library="Telnet">
<doc>Reads everything that is currently available in the output.</doc>
<status status="PASS" starttime="20190527 22:02:45.821" endtime="20190527 22:02:45.821"></status>
</kw>
<kw name="Execute Command" library="Telnet">
<doc>Executes the given ``command`` and reads, logs, and returns everything until the prompt.</doc>
<arguments>
<arg>show running-config | i spectral</arg>
</arguments>
<assign>
<var>${output}</var>
</assign>
<msg timestamp="20190527 22:02:46.041" level="INFO">1 is not an open connection</msg>
<msg timestamp="20190527 22:02:46.041" level="INFO">AP740-I-newFlash#show running-config | i spectral
spectral
 spectral enable radio 1
AP740-I-newFlash#</msg>
<msg timestamp="20190527 22:02:46.041" level="INFO">${output} = AP740-I-newFlash#show running-config | i spectral
spectral
 spectral enable radio 1
AP740-I-newFlash#</msg>
<status status="PASS" starttime="20190527 22:02:45.821" endtime="20190527 22:02:46.041"></status>
</kw>
<kw name="Should Match" library="BuiltIn">
<doc>Fails if the given ``string`` does not match the given ``pattern``.</doc>
<arguments>
<arg>${output}</arg>
<arg>*${AC_TEST_CMD1}*</arg>
</arguments>
<status status="PASS" starttime="20190527 22:02:46.042" endtime="20190527 22:02:46.042"></status>
</kw>
<kw name="Write" library="Telnet">
<doc>Writes the given text plus a newline into the connection.</doc>
<arguments>
<arg>terminal monitor</arg>
</arguments>
<msg timestamp="20190527 22:02:46.047" level="INFO">terminal monitor</msg>
<status status="PASS" starttime="20190527 22:02:46.043" endtime="20190527 22:02:46.047"></status>
</kw>
<kw name="Write" library="Telnet">
<doc>Writes the given text plus a newline into the connection.</doc>
<arguments>
<arg>debug syslog limit numbers 0 time 0</arg>
</arguments>
<msg timestamp="20190527 22:02:46.064" level="INFO">AP740-I-newFlash#debug syslog limit numbers 0 time 0</msg>
<status status="PASS" starttime="20190527 22:02:46.048" endtime="20190527 22:02:46.065"></status>
</kw>
<kw name="Write" library="Telnet">
<doc>Writes the given text plus a newline into the connection.</doc>
<arguments>
<arg>y</arg>
</arguments>
<msg timestamp="20190527 22:02:46.281" level="INFO">WARNING: debug number and time will not limit, continue? (y/n) [no]: y</msg>
<status status="PASS" starttime="20190527 22:02:46.066" endtime="20190527 22:02:46.281"></status>
</kw>
<kw name="Write" library="Telnet">
<doc>Writes the given text plus a newline into the connection.</doc>
<arguments>
<arg>debug syslog limit reset</arg>
</arguments>
<msg timestamp="20190527 22:02:46.480" level="INFO">AP740-I-newFlash#debug syslog limit reset</msg>
<status status="PASS" starttime="20190527 22:02:46.283" endtime="20190527 22:02:46.480"></status>
</kw>
<kw name="Read" library="Telnet">
<doc>Reads everything that is currently available in the output.</doc>
<msg timestamp="20190527 22:02:46.481" level="INFO">AP740-I-newFlash#</msg>
<status status="PASS" starttime="20190527 22:02:46.481" endtime="20190527 22:02:46.481"></status>
</kw>
<kw name="Write" library="Telnet">
<doc>Writes the given text plus a newline into the connection.</doc>
<arguments>
<arg>co</arg>
</arguments>
<msg timestamp="20190527 22:02:46.485" level="INFO">co</msg>
<status status="PASS" starttime="20190527 22:02:46.482" endtime="20190527 22:02:46.485"></status>
</kw>
<kw name="Write" library="Telnet">
<doc>Writes the given text plus a newline into the connection.</doc>
<arguments>
<arg>spectral</arg>
</arguments>
<msg timestamp="20190527 22:02:46.539" level="INFO">Enter configuration commands, one per line.  End with CNTL/Z.</msg>
<status status="PASS" starttime="20190527 22:02:46.485" endtime="20190527 22:02:46.539"></status>
</kw>
<kw name="Write" library="Telnet">
<doc>Writes the given text plus a newline into the connection.</doc>
<arguments>
<arg>spectral debug level 24</arg>
</arguments>
<msg timestamp="20190527 22:02:46.740" level="INFO">AP740-I-newFlash(config)#spectral</msg>
<status status="PASS" starttime="20190527 22:02:46.540" endtime="20190527 22:02:46.740"></status>
</kw>
<kw name="Read" library="Telnet">
<doc>Reads everything that is currently available in the output.</doc>
<msg timestamp="20190527 22:02:46.741" level="INFO">AP740-I-newFlash(config-spectral)#spectral debug level 24
AP740-I-newFlash(config-spectral)#</msg>
<status status="PASS" starttime="20190527 22:02:46.741" endtime="20190527 22:02:46.741"></status>
</kw>
<kw name="Sleep" library="BuiltIn">
<doc>Pauses the test executed for the given time.</doc>
<arguments>
<arg>10s</arg>
</arguments>
<msg timestamp="20190527 22:02:56.742" level="INFO">Slept 10 seconds</msg>
<status status="PASS" starttime="20190527 22:02:46.742" endtime="20190527 22:02:56.742"></status>
</kw>
<kw name="Write Bare" library="Telnet">
<doc>Writes the given text, and nothing else, into the connection.</doc>
<arguments>
<arg>\r\n</arg>
</arguments>
<status status="PASS" starttime="20190527 22:02:56.744" endtime="20190527 22:02:56.745"></status>
</kw>
<kw name="Read" library="Telnet">
<doc>Reads everything that is currently available in the output.</doc>
<assign>
<var>${output}</var>
</assign>
<msg timestamp="20190527 22:02:56.747" level="INFO">*May 27 22:04:47: %NFPP_ARP_GUARD-4-DOS_DETECTED: Host&lt;IP=N/A,MAC=0074.9c71.dd43,port=Gi0/1,VLAN=1&gt; was detected.(2019-5-27 22:3:0)</msg>
<msg timestamp="20190527 22:02:56.747" level="INFO">${output} = *May 27 22:04:47: %NFPP_ARP_GUARD-4-DOS_DETECTED: Host&lt;IP=N/A,MAC=0074.9c71.dd43,port=Gi0/1,VLAN=1&gt; was detected.(2019-5-27 22:3:0)
</msg>
<status status="PASS" starttime="20190527 22:02:56.746" endtime="20190527 22:02:56.747"></status>
</kw>
<kw name="Should Not Match" library="BuiltIn">
<doc>Fails if the given ``string`` matches the given ``pattern``.</doc>
<arguments>
<arg>${output}</arg>
<arg>*freq(24*</arg>
</arguments>
<status status="PASS" starttime="20190527 22:02:56.749" endtime="20190527 22:02:56.749"></status>
</kw>
<kw name="Write" library="Telnet">
<doc>Writes the given text plus a newline into the connection.</doc>
<arguments>
<arg>end</arg>
</arguments>
<status status="PASS" starttime="20190527 22:02:56.750" endtime="20190527 22:02:56.750"></status>
</kw>
<kw name="Write" library="Telnet">
<doc>Writes the given text plus a newline into the connection.</doc>
<arguments>
<arg>configure</arg>
</arguments>
<msg timestamp="20190527 22:02:56.761" level="INFO">AP740-I-newFlash(config-spectral)#end</msg>
<status status="PASS" starttime="20190527 22:02:56.752" endtime="20190527 22:02:56.761"></status>
</kw>
<kw name="Write" library="Telnet">
<doc>Writes the given text plus a newline into the connection.</doc>
<arguments>
<arg>int dot11radio 1/0</arg>
</arguments>
<msg timestamp="20190527 22:02:56.790" level="INFO">*May 27 22:04:55: %SYS-5-CONFIG_I: Configured from console by vty0(172.30.103.117)</msg>
<status status="PASS" starttime="20190527 22:02:56.762" endtime="20190527 22:02:56.790"></status>
</kw>
<kw name="Write" library="Telnet">
<doc>Writes the given text plus a newline into the connection.</doc>
<arguments>
<arg>no shutdown</arg>
</arguments>
<msg timestamp="20190527 22:02:56.993" level="INFO">AP740-I-newFlash#configure</msg>
<status status="PASS" starttime="20190527 22:02:56.792" endtime="20190527 22:02:56.993"></status>
</kw>
<kw name="Read Until Prompt" library="Telnet">
<doc>Reads output until the prompt is encountered.</doc>
<msg timestamp="20190527 22:02:56.995" level="INFO">Enter configuration commands, one per line.  End with CNTL/Z.
AP740-I-newFlash(config)#int dot11radio 1/0
AP740-I-newFlash(config-if-Dot11radio 1/0)#no shutdown
AP740-I-newFlash(config-if-Dot11radio 1/0)#</msg>
<status status="PASS" starttime="20190527 22:02:56.994" endtime="20190527 22:02:56.995"></status>
</kw>
<kw name="Sleep" library="BuiltIn">
<doc>Pauses the test executed for the given time.</doc>
<arguments>
<arg>10s</arg>
</arguments>
<msg timestamp="20190527 22:03:06.996" level="INFO">Slept 10 seconds</msg>
<status status="PASS" starttime="20190527 22:02:56.995" endtime="20190527 22:03:06.996"></status>
</kw>
<kw name="Read" library="Telnet">
<doc>Reads everything that is currently available in the output.</doc>
<assign>
<var>${output}</var>
</assign>
<msg timestamp="20190527 22:03:07.001" level="INFO">*May 27 22:04:58: %LINK-3-UPDOWN: Interface Dot11radio 1/0, changed state to up.
*May 27 22:04:58: %LINEPROTO-5-UPDOWN: Line protocol on Interface Dot11radio 1/0, changed state to up.
*May 27 22:05:01: %P2057-7-DEBUG: [classifiler][classifier_process_spectral_msg][1469]freq(2412) cnt(0) tstamp(-706938019, 26327226, 32)</msg>
<msg timestamp="20190527 22:03:07.002" level="INFO">${output} = *May 27 22:04:58: %LINK-3-UPDOWN: Interface Dot11radio 1/0, changed state to up.
*May 27 22:04:58: %LINEPROTO-5-UPDOWN: Line protocol on Interface Dot11radio 1/0, changed state to up.
*May 27 22:05:...</msg>
<status status="PASS" starttime="20190527 22:03:06.998" endtime="20190527 22:03:07.002"></status>
</kw>
<kw name="Write" library="Telnet">
<doc>Writes the given text plus a newline into the connection.</doc>
<arguments>
<arg>shutdown</arg>
</arguments>
<msg timestamp="20190527 22:03:07.011" level="INFO">shutdown</msg>
<status status="PASS" starttime="20190527 22:03:07.005" endtime="20190527 22:03:07.011"></status>
</kw>
<kw name="Sleep" library="BuiltIn">
<doc>Pauses the test executed for the given time.</doc>
<arguments>
<arg>2s</arg>
</arguments>
<msg timestamp="20190527 22:03:09.012" level="INFO">Slept 2 seconds</msg>
<status status="PASS" starttime="20190527 22:03:07.012" endtime="20190527 22:03:09.012"></status>
</kw>
<kw name="Write" library="Telnet">
<doc>Writes the given text plus a newline into the connection.</doc>
<arguments>
<arg>1</arg>
</arguments>
<msg timestamp="20190527 22:03:09.021" level="INFO">AP740-I-newFlash(config-if-Dot11radio 1/0)#1</msg>
<status status="PASS" starttime="20190527 22:03:09.015" endtime="20190527 22:03:09.022"></status>
</kw>
<kw name="Write" library="Telnet">
<doc>Writes the given text plus a newline into the connection.</doc>
<arguments>
<arg>end</arg>
</arguments>
<msg timestamp="20190527 22:03:09.027" level="INFO">*May 27 22:05:07: %LINK-5-CHANGED: Interface Dot11radio 1/0, changed state to administratively down.</msg>
<status status="PASS" starttime="20190527 22:03:09.022" endtime="20190527 22:03:09.027"></status>
</kw>
<kw name="Should Match" library="BuiltIn">
<doc>Fails if the given ``string`` does not match the given ``pattern``.</doc>
<arguments>
<arg>${output}</arg>
<arg>*freq(24*</arg>
</arguments>
<status status="PASS" starttime="20190527 22:03:09.028" endtime="20190527 22:03:09.028"></status>
</kw>
<doc>先radio 1 关闭，配置radio 1，能看到配置，但是需要配置不能生效</doc>
<status status="PASS" starttime="20190527 22:02:42.682" endtime="20190527 22:03:09.029" critical="yes"></status>
</test>
<test id="s1-t2" name="Test AP radio 2 shutdown and config spectral enable radio 2">
<kw name="Write Bare" library="Telnet">
<doc>Writes the given text, and nothing else, into the connection.</doc>
<arguments>
<arg>\r\n</arg>
</arguments>
<status status="PASS" starttime="20190527 22:03:09.035" endtime="20190527 22:03:09.035"></status>
</kw>
<kw name="Read" library="Telnet">
<doc>Reads everything that is currently available in the output.</doc>
<status status="PASS" starttime="20190527 22:03:09.035" endtime="20190527 22:03:09.036"></status>
</kw>
<kw name="Write" library="Telnet">
<doc>Writes the given text plus a newline into the connection.</doc>
<arguments>
<arg>configure</arg>
</arguments>
<msg timestamp="20190527 22:03:09.036" level="INFO">% Incomplete command.</msg>
<status status="PASS" starttime="20190527 22:03:09.036" endtime="20190527 22:03:09.036"></status>
</kw>
<kw name="Write" library="Telnet">
<doc>Writes the given text plus a newline into the connection.</doc>
<arguments>
<arg>int dot11radio 2/0</arg>
</arguments>
<status status="PASS" starttime="20190527 22:03:09.037" endtime="20190527 22:03:09.037"></status>
</kw>
<kw name="Write" library="Telnet">
<doc>Writes the given text plus a newline into the connection.</doc>
<arguments>
<arg>shutdown</arg>
</arguments>
<msg timestamp="20190527 22:03:09.038" level="INFO">*May 27 22:05:07: %LINEPROTO-5-UPDOWN: Line protocol on Interface Dot11radio 1/0, changed state to down.</msg>
<status status="PASS" starttime="20190527 22:03:09.037" endtime="20190527 22:03:09.038"></status>
</kw>
<kw name="Read" library="Telnet">
<doc>Reads everything that is currently available in the output.</doc>
<status status="PASS" starttime="20190527 22:03:09.038" endtime="20190527 22:03:09.038"></status>
</kw>
<kw name="Execute Command" library="Telnet">
<doc>Executes the given ``command`` and reads, logs, and returns everything until the prompt.</doc>
<arguments>
<arg>show running-config | i spectral</arg>
</arguments>
<assign>
<var>${output}</var>
</assign>
<msg timestamp="20190527 22:03:09.043" level="INFO">AP740-I-newFlash(config-if-Dot11radio 1/0)#end</msg>
<msg timestamp="20190527 22:03:09.445" level="INFO">*May 27 22:05:07: %SYS-5-CONFIG_I: Configured from console by vty0(172.30.103.117)
AP740-I-newFlash#
AP740-I-newFlash#configure
Enter configuration commands, one per line.  End with CNTL/Z.
AP740-I-newFlash(config)#int dot11radio 2/0
AP740-I-newFlash(config-if-Dot11radio 2/0)#shutdown
AP740-I-newFlash(config-if-Dot11radio 2/0)#show running-config | i spectral
spectral
 spectral enable radio 1
AP740-I-newFlash(config-if-Dot11radio 2/0)#</msg>
<msg timestamp="20190527 22:03:09.446" level="INFO">${output} = *May 27 22:05:07: %SYS-5-CONFIG_I: Configured from console by vty0(172.30.103.117)
AP740-I-newFlash#
AP740-I-newFlash#configure
Enter configuration commands, one per line.  End with CNTL/Z.
AP7...</msg>
<status status="PASS" starttime="20190527 22:03:09.038" endtime="20190527 22:03:09.446"></status>
</kw>
<kw name="Should Not Match" library="BuiltIn">
<doc>Fails if the given ``string`` matches the given ``pattern``.</doc>
<arguments>
<arg>${output}</arg>
<arg>*${AC_TEST_CMD2}*</arg>
</arguments>
<status status="PASS" starttime="20190527 22:03:09.447" endtime="20190527 22:03:09.449"></status>
</kw>
<kw name="Write" library="Telnet">
<doc>Writes the given text plus a newline into the connection.</doc>
<arguments>
<arg>end</arg>
</arguments>
<msg timestamp="20190527 22:03:09.455" level="INFO">end</msg>
<status status="PASS" starttime="20190527 22:03:09.451" endtime="20190527 22:03:09.456"></status>
</kw>
<kw name="Switch Connection" library="Telnet">
<doc>Switches between active connections using an index or an alias.</doc>
<arguments>
<arg>1</arg>
</arguments>
<status status="PASS" starttime="20190527 22:03:09.460" endtime="20190527 22:03:09.461"></status>
</kw>
<kw name="Write Bare" library="Telnet">
<doc>Writes the given text, and nothing else, into the connection.</doc>
<arguments>
<arg>\r\n</arg>
</arguments>
<status status="PASS" starttime="20190527 22:03:09.462" endtime="20190527 22:03:09.463"></status>
</kw>
<kw name="Read" library="Telnet">
<doc>Reads everything that is currently available in the output.</doc>
<status status="PASS" starttime="20190527 22:03:09.465" endtime="20190527 22:03:09.465"></status>
</kw>
<kw name="Write" library="Telnet">
<doc>Writes the given text plus a newline into the connection.</doc>
<arguments>
<arg>${AC_TEST_CMD2}</arg>
</arguments>
<status status="PASS" starttime="20190527 22:03:09.467" endtime="20190527 22:03:09.486"></status>
</kw>
<kw name="Execute Command" library="Telnet">
<doc>Executes the given ``command`` and reads, logs, and returns everything until the prompt.</doc>
<arguments>
<arg>show ap-config running ${AP_NAME}</arg>
</arguments>
<assign>
<var>${output}</var>
</assign>
<msg timestamp="20190527 22:03:09.533" level="INFO">WS5308(config-ap)#spectral enable radio 2</msg>
<msg timestamp="20190527 22:03:10.136" level="INFO">WS5308(config-ap)#show ap-config running AP740-I-newFlash

Building configuration...
Current configuration: 135 bytes

!
ap-config AP740-I-newFlash
 ap-mac 00d0.f822.334c
 wlan-cap enable 1
 spectral enable radio 1
 spectral enable radio 2
!
end
WS5308(config-ap)#</msg>
<msg timestamp="20190527 22:03:10.137" level="INFO">${output} = WS5308(config-ap)#show ap-config running AP740-I-newFlash

Building configuration...
Current configuration: 135 bytes

!
ap-config AP740-I-newFlash
 ap-mac 00d0.f822.334c
 wlan-cap ena...</msg>
<status status="PASS" starttime="20190527 22:03:09.486" endtime="20190527 22:03:10.137"></status>
</kw>
<kw name="Should Match" library="BuiltIn">
<doc>Fails if the given ``string`` does not match the given ``pattern``.</doc>
<arguments>
<arg>${output}</arg>
<arg>*${AC_TEST_CMD2}*</arg>
</arguments>
<status status="PASS" starttime="20190527 22:03:10.139" endtime="20190527 22:03:10.141"></status>
</kw>
<kw name="Sleep" library="BuiltIn">
<doc>Pauses the test executed for the given time.</doc>
<arguments>
<arg>2s</arg>
</arguments>
<msg timestamp="20190527 22:03:12.143" level="INFO">Slept 2 seconds</msg>
<status status="PASS" starttime="20190527 22:03:10.142" endtime="20190527 22:03:12.143"></status>
</kw>
<kw name="Switch Connection" library="Telnet">
<doc>Switches between active connections using an index or an alias.</doc>
<arguments>
<arg>2</arg>
</arguments>
<status status="PASS" starttime="20190527 22:03:12.144" endtime="20190527 22:03:12.144"></status>
</kw>
<kw name="Write" library="Telnet">
<doc>Writes the given text plus a newline into the connection.</doc>
<arguments>
<arg>1</arg>
</arguments>
<msg timestamp="20190527 22:03:12.148" level="INFO">*May 27 22:05:08: %SYS-5-CONFIG_I: Configured from console by vty0(172.30.103.117)</msg>
<status status="PASS" starttime="20190527 22:03:12.147" endtime="20190527 22:03:12.148"></status>
</kw>
<kw name="Read" library="Telnet">
<doc>Reads everything that is currently available in the output.</doc>
<msg timestamp="20190527 22:03:12.151" level="INFO">AP740-I-newFlash#*May 27 22:05:09: %LINK-5-CHANGED: Interface Dot11radio 2/0, changed state to administratively down.
*May 27 22:05:09: %LINEPROTO-5-UPDOWN: Line protocol on Interface Dot11radio 2/0, changed state to down.
1</msg>
<status status="PASS" starttime="20190527 22:03:12.149" endtime="20190527 22:03:12.151"></status>
</kw>
<kw name="Execute Command" library="Telnet">
<doc>Executes the given ``command`` and reads, logs, and returns everything until the prompt.</doc>
<arguments>
<arg>show running-config | i spectral</arg>
</arguments>
<assign>
<var>${output}</var>
</assign>
<msg timestamp="20190527 22:03:12.175" level="INFO">1 is not an open connection</msg>
<msg timestamp="20190527 22:03:12.372" level="INFO">AP740-I-newFlash#show running-config | i spectral
spectral
 spectral enable radio 1
 spectral enable radio 2
AP740-I-newFlash#</msg>
<msg timestamp="20190527 22:03:12.373" level="INFO">${output} = AP740-I-newFlash#show running-config | i spectral
spectral
 spectral enable radio 1
 spectral enable radio 2
AP740-I-newFlash#</msg>
<status status="PASS" starttime="20190527 22:03:12.152" endtime="20190527 22:03:12.373"></status>
</kw>
<kw name="Should Match" library="BuiltIn">
<doc>Fails if the given ``string`` does not match the given ``pattern``.</doc>
<arguments>
<arg>${output}</arg>
<arg>*${AC_TEST_CMD2}*</arg>
</arguments>
<status status="PASS" starttime="20190527 22:03:12.374" endtime="20190527 22:03:12.376"></status>
</kw>
<kw name="Sleep" library="BuiltIn">
<doc>Pauses the test executed for the given time.</doc>
<arguments>
<arg>10s</arg>
</arguments>
<msg timestamp="20190527 22:03:22.377" level="INFO">Slept 10 seconds</msg>
<status status="PASS" starttime="20190527 22:03:12.377" endtime="20190527 22:03:22.377"></status>
</kw>
<kw name="Write Bare" library="Telnet">
<doc>Writes the given text, and nothing else, into the connection.</doc>
<arguments>
<arg>\r\n</arg>
</arguments>
<status status="PASS" starttime="20190527 22:03:22.378" endtime="20190527 22:03:22.378"></status>
</kw>
<kw name="Read" library="Telnet">
<doc>Reads everything that is currently available in the output.</doc>
<assign>
<var>${output}</var>
</assign>
<msg timestamp="20190527 22:03:22.380" level="INFO">*May 27 22:05:17: %NFPP_ARP_GUARD-4-SCAN: Host&lt;IP=172.30.103.1,MAC=0074.9c71.dd43,port=Gi0/1,VLAN=1&gt; was detected.(2019-5-27 22:3:1)</msg>
<msg timestamp="20190527 22:03:22.380" level="INFO">${output} = *May 27 22:05:17: %NFPP_ARP_GUARD-4-SCAN: Host&lt;IP=172.30.103.1,MAC=0074.9c71.dd43,port=Gi0/1,VLAN=1&gt; was detected.(2019-5-27 22:3:1)
</msg>
<status status="PASS" starttime="20190527 22:03:22.379" endtime="20190527 22:03:22.380"></status>
</kw>
<kw name="Should Not Match" library="BuiltIn">
<doc>Fails if the given ``string`` matches the given ``pattern``.</doc>
<arguments>
<arg>${output}</arg>
<arg>*freq(5*</arg>
</arguments>
<status status="PASS" starttime="20190527 22:03:22.382" endtime="20190527 22:03:22.383"></status>
</kw>
<kw name="Write" library="Telnet">
<doc>Writes the given text plus a newline into the connection.</doc>
<arguments>
<arg>end</arg>
</arguments>
<status status="PASS" starttime="20190527 22:03:22.384" endtime="20190527 22:03:22.385"></status>
</kw>
<kw name="Write" library="Telnet">
<doc>Writes the given text plus a newline into the connection.</doc>
<arguments>
<arg>configure</arg>
</arguments>
<msg timestamp="20190527 22:03:22.395" level="INFO">AP740-I-newFlash#end</msg>
<status status="PASS" starttime="20190527 22:03:22.386" endtime="20190527 22:03:22.395"></status>
</kw>
<kw name="Write" library="Telnet">
<doc>Writes the given text plus a newline into the connection.</doc>
<arguments>
<arg>int dot11radio 2/0</arg>
</arguments>
<status status="PASS" starttime="20190527 22:03:22.396" endtime="20190527 22:03:22.429"></status>
</kw>
<kw name="Write" library="Telnet">
<doc>Writes the given text plus a newline into the connection.</doc>
<arguments>
<arg>no shutdown</arg>
</arguments>
<msg timestamp="20190527 22:03:22.630" level="INFO">Translating "end"...</msg>
<status status="PASS" starttime="20190527 22:03:22.431" endtime="20190527 22:03:22.630"></status>
</kw>
<kw name="Read" library="Telnet">
<doc>Reads everything that is currently available in the output.</doc>
<msg timestamp="20190527 22:03:22.635" level="INFO">% Unrecognized host or address, or protocol not running.
AP740-I-newFlash#configure
Enter configuration commands, one per line.  End with CNTL/Z.
AP740-I-newFlash(config)#int dot11radio 2/0
AP740-I-newFlash(config-if-Dot11radio 2/0)#no shutdown
AP740-I-newFlash(config-if-Dot11radio 2/0)#</msg>
<status status="PASS" starttime="20190527 22:03:22.632" endtime="20190527 22:03:22.635"></status>
</kw>
<kw name="Sleep" library="BuiltIn">
<doc>Pauses the test executed for the given time.</doc>
<arguments>
<arg>20s</arg>
</arguments>
<msg timestamp="20190527 22:03:42.638" level="INFO">Slept 20 seconds</msg>
<status status="PASS" starttime="20190527 22:03:22.637" endtime="20190527 22:03:42.638"></status>
</kw>
<kw name="Read" library="Telnet">
<doc>Reads everything that is currently available in the output.</doc>
<assign>
<var>${output}</var>
</assign>
<msg timestamp="20190527 22:03:42.644" level="INFO">*May 27 22:05:24: %LINK-3-UPDOWN: Interface Dot11radio 2/0, changed state to up.
*May 27 22:05:24: %LINEPROTO-5-UPDOWN: Line protocol on Interface Dot11radio 2/0, changed state to up.
*May 27 22:05:27: %P2057-7-DEBUG: [classifiler][classifier_process_spectral_msg][1469]freq(5180) cnt(0) tstamp(-675312329, 31625690, 26) 
*May 27 22:05:32: %P2057-7-DEBUG: [classifiler][classifier_process_spectral_msg][1469]freq(5200) cnt(0) tstamp(-670030974, 5281355, 5) 
*May 27 22:05:37: %P2057-7-DEBUG: [classifiler][classifier_process_spectral_msg][1469]freq(5220) cnt(0) tstamp(-664749375, 5281599, 5)</msg>
<msg timestamp="20190527 22:03:42.645" level="INFO">${output} = *May 27 22:05:24: %LINK-3-UPDOWN: Interface Dot11radio 2/0, changed state to up.
*May 27 22:05:24: %LINEPROTO-5-UPDOWN: Line protocol on Interface Dot11radio 2/0, changed state to up.
*May 27 22:05:...</msg>
<status status="PASS" starttime="20190527 22:03:42.639" endtime="20190527 22:03:42.645"></status>
</kw>
<kw name="Write" library="Telnet">
<doc>Writes the given text plus a newline into the connection.</doc>
<arguments>
<arg>shutdown</arg>
</arguments>
<msg timestamp="20190527 22:03:42.650" level="INFO">shutdown</msg>
<status status="PASS" starttime="20190527 22:03:42.647" endtime="20190527 22:03:42.650"></status>
</kw>
<kw name="Sleep" library="BuiltIn">
<doc>Pauses the test executed for the given time.</doc>
<arguments>
<arg>2s</arg>
</arguments>
<msg timestamp="20190527 22:03:44.651" level="INFO">Slept 2 seconds</msg>
<status status="PASS" starttime="20190527 22:03:42.651" endtime="20190527 22:03:44.651"></status>
</kw>
<kw name="Write" library="Telnet">
<doc>Writes the given text plus a newline into the connection.</doc>
<arguments>
<arg>1</arg>
</arguments>
<msg timestamp="20190527 22:03:44.655" level="INFO">AP740-I-newFlash(config-if-Dot11radio 2/0)#1</msg>
<status status="PASS" starttime="20190527 22:03:44.652" endtime="20190527 22:03:44.655"></status>
</kw>
<kw name="Write" library="Telnet">
<doc>Writes the given text plus a newline into the connection.</doc>
<arguments>
<arg>end</arg>
</arguments>
<msg timestamp="20190527 22:03:44.662" level="INFO">% Incomplete command.</msg>
<status status="PASS" starttime="20190527 22:03:44.656" endtime="20190527 22:03:44.662"></status>
</kw>
<kw name="Should Match" library="BuiltIn">
<doc>Fails if the given ``string`` does not match the given ``pattern``.</doc>
<arguments>
<arg>${output}</arg>
<arg>*freq(5*</arg>
</arguments>
<status status="PASS" starttime="20190527 22:03:44.663" endtime="20190527 22:03:44.665"></status>
</kw>
<doc>先radio 2 关闭，配置radio 2，能看到配置，但是配置不生效</doc>
<status status="PASS" starttime="20190527 22:03:09.032" endtime="20190527 22:03:44.666" critical="yes"></status>
</test>
<test id="s1-t3" name="Test AP radio 3 shutdown and config spectral enable radio 3">
<kw name="Write Bare" library="Telnet">
<doc>Writes the given text, and nothing else, into the connection.</doc>
<arguments>
<arg>\r\n</arg>
</arguments>
<status status="PASS" starttime="20190527 22:03:44.684" endtime="20190527 22:03:44.685"></status>
</kw>
<kw name="Read" library="Telnet">
<doc>Reads everything that is currently available in the output.</doc>
<msg timestamp="20190527 22:03:44.687" level="INFO">*May 27 22:05:43: %LINK-5-CHANGED: Interface Dot11radio 2/0, changed state to administratively down.
*May 27 22:05:43: %LINEPROTO-5-UPDOWN: Line protocol on Interface Dot11radio 2/0, changed state to down.
AP740-I-newFlash(config-if-Dot11radio 2/0)#end</msg>
<status status="PASS" starttime="20190527 22:03:44.686" endtime="20190527 22:03:44.687"></status>
</kw>
<kw name="Write" library="Telnet">
<doc>Writes the given text plus a newline into the connection.</doc>
<arguments>
<arg>configure</arg>
</arguments>
<msg timestamp="20190527 22:03:44.728" level="INFO">*May 27 22:05:43: %SYS-5-CONFIG_I: Configured from console by vty0(172.30.103.117)</msg>
<status status="PASS" starttime="20190527 22:03:44.688" endtime="20190527 22:03:44.729"></status>
</kw>
<kw name="Write" library="Telnet">
<doc>Writes the given text plus a newline into the connection.</doc>
<arguments>
<arg>int dot11radio 3/0</arg>
</arguments>
<msg timestamp="20190527 22:03:44.735" level="INFO">AP740-I-newFlash#</msg>
<status status="PASS" starttime="20190527 22:03:44.730" endtime="20190527 22:03:44.735"></status>
</kw>
<kw name="Write" library="Telnet">
<doc>Writes the given text plus a newline into the connection.</doc>
<arguments>
<arg>shutdown</arg>
</arguments>
<msg timestamp="20190527 22:03:44.749" level="INFO">AP740-I-newFlash#configure</msg>
<status status="PASS" starttime="20190527 22:03:44.738" endtime="20190527 22:03:44.749"></status>
</kw>
<kw name="Read Until Prompt" library="Telnet">
<doc>Reads output until the prompt is encountered.</doc>
<msg timestamp="20190527 22:03:44.951" level="INFO">Enter configuration commands, one per line.  End with CNTL/Z.
AP740-I-newFlash(config)#int dot11radio 3/0
AP740-I-newFlash(config-if-Dot11radio 3/0)#shutdown
AP740-I-newFlash(config-if-Dot11radio 3/0)#</msg>
<status status="PASS" starttime="20190527 22:03:44.750" endtime="20190527 22:03:44.952"></status>
</kw>
<kw name="Execute Command" library="Telnet">
<doc>Executes the given ``command`` and reads, logs, and returns everything until the prompt.</doc>
<arguments>
<arg>show running-config | i spectral</arg>
</arguments>
<assign>
<var>${output}</var>
</assign>
<msg timestamp="20190527 22:03:45.149" level="INFO">show running-config | i spectral</msg>
<msg timestamp="20190527 22:03:45.150" level="INFO">spectral
 spectral enable radio 1
 spectral enable radio 2
AP740-I-newFlash(config-if-Dot11radio 3/0)#</msg>
<msg timestamp="20190527 22:03:45.150" level="INFO">${output} = spectral
 spectral enable radio 1
 spectral enable radio 2
AP740-I-newFlash(config-if-Dot11radio 3/0)#</msg>
<status status="PASS" starttime="20190527 22:03:44.953" endtime="20190527 22:03:45.150"></status>
</kw>
<kw name="Should Not Match" library="BuiltIn">
<doc>Fails if the given ``string`` matches the given ``pattern``.</doc>
<arguments>
<arg>${output}</arg>
<arg>*${AC_TEST_CMD3}*</arg>
</arguments>
<status status="PASS" starttime="20190527 22:03:45.150" endtime="20190527 22:03:45.151"></status>
</kw>
<kw name="Write" library="Telnet">
<doc>Writes the given text plus a newline into the connection.</doc>
<arguments>
<arg>end</arg>
</arguments>
<msg timestamp="20190527 22:03:45.154" level="INFO">end</msg>
<status status="PASS" starttime="20190527 22:03:45.151" endtime="20190527 22:03:45.154"></status>
</kw>
<kw name="Switch Connection" library="Telnet">
<doc>Switches between active connections using an index or an alias.</doc>
<arguments>
<arg>1</arg>
</arguments>
<status status="PASS" starttime="20190527 22:03:45.155" endtime="20190527 22:03:45.155"></status>
</kw>
<kw name="Write Bare" library="Telnet">
<doc>Writes the given text, and nothing else, into the connection.</doc>
<arguments>
<arg>\r\n</arg>
</arguments>
<status status="PASS" starttime="20190527 22:03:45.156" endtime="20190527 22:03:45.156"></status>
</kw>
<kw name="Read" library="Telnet">
<doc>Reads everything that is currently available in the output.</doc>
<status status="PASS" starttime="20190527 22:03:45.156" endtime="20190527 22:03:45.157"></status>
</kw>
<kw name="Write" library="Telnet">
<doc>Writes the given text plus a newline into the connection.</doc>
<arguments>
<arg>${AC_TEST_CMD3}</arg>
</arguments>
<status status="PASS" starttime="20190527 22:03:45.157" endtime="20190527 22:03:45.174"></status>
</kw>
<kw name="Execute Command" library="Telnet">
<doc>Executes the given ``command`` and reads, logs, and returns everything until the prompt.</doc>
<arguments>
<arg>show ap-config running ${AP_NAME}</arg>
</arguments>
<assign>
<var>${output}</var>
</assign>
<msg timestamp="20190527 22:03:45.234" level="INFO">WS5308(config-ap)#spectral enable radio 3</msg>
<msg timestamp="20190527 22:03:45.829" level="INFO">WS5308(config-ap)#show ap-config running AP740-I-newFlash

Building configuration...
Current configuration: 161 bytes

!
ap-config AP740-I-newFlash
 ap-mac 00d0.f822.334c
 wlan-cap enable 1
 spectral enable radio 1
 spectral enable radio 2
 spectral enable radio 3
!
end
WS5308(config-ap)#</msg>
<msg timestamp="20190527 22:03:45.830" level="INFO">${output} = WS5308(config-ap)#show ap-config running AP740-I-newFlash

Building configuration...
Current configuration: 161 bytes

!
ap-config AP740-I-newFlash
 ap-mac 00d0.f822.334c
 wlan-cap ena...</msg>
<status status="PASS" starttime="20190527 22:03:45.175" endtime="20190527 22:03:45.830"></status>
</kw>
<kw name="Should Match" library="BuiltIn">
<doc>Fails if the given ``string`` does not match the given ``pattern``.</doc>
<arguments>
<arg>${output}</arg>
<arg>*${AC_TEST_CMD3}*</arg>
</arguments>
<status status="PASS" starttime="20190527 22:03:45.831" endtime="20190527 22:03:45.831"></status>
</kw>
<kw name="Sleep" library="BuiltIn">
<doc>Pauses the test executed for the given time.</doc>
<arguments>
<arg>2s</arg>
</arguments>
<msg timestamp="20190527 22:03:47.832" level="INFO">Slept 2 seconds</msg>
<status status="PASS" starttime="20190527 22:03:45.832" endtime="20190527 22:03:47.832"></status>
</kw>
<kw name="Switch Connection" library="Telnet">
<doc>Switches between active connections using an index or an alias.</doc>
<arguments>
<arg>2</arg>
</arguments>
<status status="PASS" starttime="20190527 22:03:47.833" endtime="20190527 22:03:47.833"></status>
</kw>
<kw name="Write" library="Telnet">
<doc>Writes the given text plus a newline into the connection.</doc>
<arguments>
<arg>1</arg>
</arguments>
<msg timestamp="20190527 22:03:47.835" level="INFO">*May 27 22:05:43: %SYS-5-CONFIG_I: Configured from console by vty0(172.30.103.117)</msg>
<status status="PASS" starttime="20190527 22:03:47.834" endtime="20190527 22:03:47.835"></status>
</kw>
<kw name="Read" library="Telnet">
<doc>Reads everything that is currently available in the output.</doc>
<msg timestamp="20190527 22:03:47.836" level="INFO">AP740-I-newFlash#*May 27 22:05:45: %LINK-5-CHANGED: Interface Dot11radio 3/0, changed state to administratively down.
*May 27 22:05:45: %LINEPROTO-5-UPDOWN: Line protocol on Interface Dot11radio 3/0, changed state to down.</msg>
<status status="PASS" starttime="20190527 22:03:47.835" endtime="20190527 22:03:47.836"></status>
</kw>
<kw name="Execute Command" library="Telnet">
<doc>Executes the given ``command`` and reads, logs, and returns everything until the prompt.</doc>
<arguments>
<arg>show running-config | i spectral</arg>
</arguments>
<assign>
<var>${output}</var>
</assign>
<msg timestamp="20190527 22:03:47.837" level="INFO">1</msg>
<msg timestamp="20190527 22:03:48.063" level="INFO">1 is not an open connection
AP740-I-newFlash#show running-config | i spectral
spectral
 spectral enable radio 1
 spectral enable radio 2
 spectral enable radio 3
AP740-I-newFlash#</msg>
<msg timestamp="20190527 22:03:48.063" level="INFO">${output} = 1 is not an open connection
AP740-I-newFlash#show running-config | i spectral
spectral
 spectral enable radio 1
 spectral enable radio 2
 spectral enable radio 3
AP740-I-newFlash#</msg>
<status status="PASS" starttime="20190527 22:03:47.837" endtime="20190527 22:03:48.064"></status>
</kw>
<kw name="Should Match" library="BuiltIn">
<doc>Fails if the given ``string`` does not match the given ``pattern``.</doc>
<arguments>
<arg>${output}</arg>
<arg>*${AC_TEST_CMD3}*</arg>
</arguments>
<status status="PASS" starttime="20190527 22:03:48.066" endtime="20190527 22:03:48.067"></status>
</kw>
<kw name="Sleep" library="BuiltIn">
<doc>Pauses the test executed for the given time.</doc>
<arguments>
<arg>10s</arg>
</arguments>
<msg timestamp="20190527 22:03:58.070" level="INFO">Slept 10 seconds</msg>
<status status="PASS" starttime="20190527 22:03:48.069" endtime="20190527 22:03:58.070"></status>
</kw>
<kw name="Write Bare" library="Telnet">
<doc>Writes the given text, and nothing else, into the connection.</doc>
<arguments>
<arg>\r\n</arg>
</arguments>
<status status="PASS" starttime="20190527 22:03:58.071" endtime="20190527 22:03:58.071"></status>
</kw>
<kw name="Read" library="Telnet">
<doc>Reads everything that is currently available in the output.</doc>
<assign>
<var>${output}</var>
</assign>
<msg timestamp="20190527 22:03:58.073" level="INFO">*May 27 22:05:47: %NFPP_ARP_GUARD-4-DOS_DETECTED: Host&lt;IP=172.30.103.1,MAC=N/A,port=Gi0/1,VLAN=1&gt; was detected.(2019-5-27 22:3:16)</msg>
<msg timestamp="20190527 22:03:58.073" level="INFO">${output} = *May 27 22:05:47: %NFPP_ARP_GUARD-4-DOS_DETECTED: Host&lt;IP=172.30.103.1,MAC=N/A,port=Gi0/1,VLAN=1&gt; was detected.(2019-5-27 22:3:16)
</msg>
<status status="PASS" starttime="20190527 22:03:58.072" endtime="20190527 22:03:58.073"></status>
</kw>
<kw name="Should Not Match" library="BuiltIn">
<doc>Fails if the given ``string`` matches the given ``pattern``.</doc>
<arguments>
<arg>${output}</arg>
<arg>*freq(5*</arg>
</arguments>
<status status="PASS" starttime="20190527 22:03:58.074" endtime="20190527 22:03:58.074"></status>
</kw>
<kw name="Write" library="Telnet">
<doc>Writes the given text plus a newline into the connection.</doc>
<arguments>
<arg>end</arg>
</arguments>
<status status="PASS" starttime="20190527 22:03:58.077" endtime="20190527 22:03:58.078"></status>
</kw>
<kw name="Write" library="Telnet">
<doc>Writes the given text plus a newline into the connection.</doc>
<arguments>
<arg>configure</arg>
</arguments>
<msg timestamp="20190527 22:03:58.287" level="INFO">AP740-I-newFlash#end</msg>
<status status="PASS" starttime="20190527 22:03:58.079" endtime="20190527 22:03:58.287"></status>
</kw>
<kw name="Write" library="Telnet">
<doc>Writes the given text plus a newline into the connection.</doc>
<arguments>
<arg>int dot11radio 3/0</arg>
</arguments>
<status status="PASS" starttime="20190527 22:03:58.288" endtime="20190527 22:03:58.288"></status>
</kw>
<kw name="Write" library="Telnet">
<doc>Writes the given text plus a newline into the connection.</doc>
<arguments>
<arg>no shutdown</arg>
</arguments>
<msg timestamp="20190527 22:03:58.290" level="INFO">Translating "end"...</msg>
<status status="PASS" starttime="20190527 22:03:58.289" endtime="20190527 22:03:58.290"></status>
</kw>
<kw name="Read" library="Telnet">
<doc>Reads everything that is currently available in the output.</doc>
<msg timestamp="20190527 22:03:58.291" level="INFO">% Unrecognized host or address, or protocol not running.
AP740-I-newFlash#configure
Enter configuration commands, one per line.  End with CNTL/Z.
AP740-I-newFlash(config)#</msg>
<status status="PASS" starttime="20190527 22:03:58.290" endtime="20190527 22:03:58.291"></status>
</kw>
<kw name="Sleep" library="BuiltIn">
<doc>Pauses the test executed for the given time.</doc>
<arguments>
<arg>15s</arg>
</arguments>
<msg timestamp="20190527 22:04:13.292" level="INFO">Slept 15 seconds</msg>
<status status="PASS" starttime="20190527 22:03:58.292" endtime="20190527 22:04:13.292"></status>
</kw>
<kw name="Read" library="Telnet">
<doc>Reads everything that is currently available in the output.</doc>
<assign>
<var>${output}</var>
</assign>
<msg timestamp="20190527 22:04:13.295" level="INFO">int dot11radio 3/0
AP740-I-newFlash(config-if-Dot11radio 3/0)#no shutdown
AP740-I-newFlash(config-if-Dot11radio 3/0)#*May 27 22:05:59: %LINK-3-UPDOWN: Interface Dot11radio 3/0, changed state to up.
*May 27 22:05:59: %LINEPROTO-5-UPDOWN: Line protocol on Interface Dot11radio 3/0, changed state to up.
*May 27 22:06:02: %P2057-7-DEBUG: [classifiler][classifier_process_spectral_msg][1469]freq(5180) cnt(0) tstamp(113136842, 777886217, 25) 
*May 27 22:06:08: %P2057-7-DEBUG: [classifiler][classifier_process_spectral_msg][1469]freq(5200) cnt(0) tstamp(118424147, 5287305, 5) 
*May 27 22:06:08: %P2057-7-DEBUG: [classifiler][classifier_process_spectral_msg][1469]freq(5180) cnt(0) tstamp(118538986, 114839, 0)</msg>
<msg timestamp="20190527 22:04:13.295" level="INFO">${output} = int dot11radio 3/0
AP740-I-newFlash(config-if-Dot11radio 3/0)#no shutdown
AP740-I-newFlash(config-if-Dot11radio 3/0)#*May 27 22:05:59: %LINK-3-UPDOWN: Interface Dot11radio 3/0, changed state to up...</msg>
<status status="PASS" starttime="20190527 22:04:13.292" endtime="20190527 22:04:13.295"></status>
</kw>
<kw name="Write" library="Telnet">
<doc>Writes the given text plus a newline into the connection.</doc>
<arguments>
<arg>shutdown</arg>
</arguments>
<msg timestamp="20190527 22:04:13.299" level="INFO">shutdown</msg>
<status status="PASS" starttime="20190527 22:04:13.296" endtime="20190527 22:04:13.299"></status>
</kw>
<kw name="Sleep" library="BuiltIn">
<doc>Pauses the test executed for the given time.</doc>
<arguments>
<arg>2s</arg>
</arguments>
<msg timestamp="20190527 22:04:15.301" level="INFO">Slept 2 seconds</msg>
<status status="PASS" starttime="20190527 22:04:13.301" endtime="20190527 22:04:15.301"></status>
</kw>
<kw name="Write" library="Telnet">
<doc>Writes the given text plus a newline into the connection.</doc>
<arguments>
<arg>1</arg>
</arguments>
<msg timestamp="20190527 22:04:15.308" level="INFO">AP740-I-newFlash(config-if-Dot11radio 3/0)#1</msg>
<status status="PASS" starttime="20190527 22:04:15.303" endtime="20190527 22:04:15.308"></status>
</kw>
<kw name="Write" library="Telnet">
<doc>Writes the given text plus a newline into the connection.</doc>
<arguments>
<arg>end</arg>
</arguments>
<msg timestamp="20190527 22:04:15.315" level="INFO">% Incomplete command.</msg>
<status status="PASS" starttime="20190527 22:04:15.310" endtime="20190527 22:04:15.316"></status>
</kw>
<kw name="Should Match" library="BuiltIn">
<doc>Fails if the given ``string`` does not match the given ``pattern``.</doc>
<arguments>
<arg>${output}</arg>
<arg>*freq(5*</arg>
</arguments>
<status status="PASS" starttime="20190527 22:04:15.317" endtime="20190527 22:04:15.317"></status>
</kw>
<doc>先radio 3 关闭，配置radio 3，能看到配置，但是配置不生效</doc>
<status status="PASS" starttime="20190527 22:03:44.675" endtime="20190527 22:04:15.317" critical="yes"></status>
</test>
<test id="s1-t4" name="Test end and reset configure">
<kw name="Switch Connection" library="Telnet">
<doc>Switches between active connections using an index or an alias.</doc>
<arguments>
<arg>1</arg>
</arguments>
<status status="PASS" starttime="20190527 22:04:15.320" endtime="20190527 22:04:15.320"></status>
</kw>
<kw name="Write Bare" library="Telnet">
<doc>Writes the given text, and nothing else, into the connection.</doc>
<arguments>
<arg>\r\n</arg>
</arguments>
<status status="PASS" starttime="20190527 22:04:15.320" endtime="20190527 22:04:15.320"></status>
</kw>
<kw name="Read Until Prompt" library="Telnet">
<doc>Reads output until the prompt is encountered.</doc>
<msg timestamp="20190527 22:04:15.542" level="INFO">WS5308(config-ap)#</msg>
<status status="PASS" starttime="20190527 22:04:15.321" endtime="20190527 22:04:15.542"></status>
</kw>
<kw name="Write" library="Telnet">
<doc>Writes the given text plus a newline into the connection.</doc>
<arguments>
<arg>no spectral enable radio 1</arg>
</arguments>
<msg timestamp="20190527 22:04:15.566" level="INFO">no spectral enable radio 1</msg>
<status status="PASS" starttime="20190527 22:04:15.543" endtime="20190527 22:04:15.566"></status>
</kw>
<kw name="Write" library="Telnet">
<doc>Writes the given text plus a newline into the connection.</doc>
<arguments>
<arg>no spectral enable radio 2</arg>
</arguments>
<msg timestamp="20190527 22:04:15.622" level="INFO">WS5308(config-ap)#no spectral enable radio 2</msg>
<status status="PASS" starttime="20190527 22:04:15.569" endtime="20190527 22:04:15.622"></status>
</kw>
<kw name="Write" library="Telnet">
<doc>Writes the given text plus a newline into the connection.</doc>
<arguments>
<arg>no spectral enable radio 3</arg>
</arguments>
<msg timestamp="20190527 22:04:15.692" level="INFO">WS5308(config-ap)#no spectral enable radio 3</msg>
<status status="PASS" starttime="20190527 22:04:15.624" endtime="20190527 22:04:15.692"></status>
</kw>
<kw name="Write" library="Telnet">
<doc>Writes the given text plus a newline into the connection.</doc>
<arguments>
<arg>no spectral enable</arg>
</arguments>
<msg timestamp="20190527 22:04:15.761" level="INFO">WS5308(config-ap)#no spectral enable</msg>
<status status="PASS" starttime="20190527 22:04:15.694" endtime="20190527 22:04:15.761"></status>
</kw>
<kw name="Read Until Prompt" library="Telnet">
<doc>Reads output until the prompt is encountered.</doc>
<msg timestamp="20190527 22:04:15.963" level="INFO">WS5308(config-ap)#</msg>
<status status="PASS" starttime="20190527 22:04:15.762" endtime="20190527 22:04:15.963"></status>
</kw>
<kw name="Execute Command" library="Telnet">
<doc>Executes the given ``command`` and reads, logs, and returns everything until the prompt.</doc>
<arguments>
<arg>show ap-config running ${AP_NAME}</arg>
</arguments>
<assign>
<var>${output}</var>
</assign>
<msg timestamp="20190527 22:04:15.989" level="INFO">show ap-config running AP740-I-newFlash</msg>
<msg timestamp="20190527 22:04:16.482" level="INFO">Building configuration...
Current configuration: 83 bytes

!
ap-config AP740-I-newFlash
 ap-mac 00d0.f822.334c
 wlan-cap enable 1
!
end
WS5308(config-ap)#</msg>
<msg timestamp="20190527 22:04:16.483" level="INFO">${output} = 
Building configuration...
Current configuration: 83 bytes

!
ap-config AP740-I-newFlash
 ap-mac 00d0.f822.334c
 wlan-cap enable 1
!
end
WS5308(config-ap)#</msg>
<status status="PASS" starttime="20190527 22:04:15.964" endtime="20190527 22:04:16.483"></status>
</kw>
<kw name="Should Not Match" library="BuiltIn">
<doc>Fails if the given ``string`` matches the given ``pattern``.</doc>
<arguments>
<arg>${output}</arg>
<arg>*spectral enable*</arg>
</arguments>
<status status="PASS" starttime="20190527 22:04:16.484" endtime="20190527 22:04:16.485"></status>
</kw>
<kw name="Switch Connection" library="Telnet">
<doc>Switches between active connections using an index or an alias.</doc>
<arguments>
<arg>2</arg>
</arguments>
<status status="PASS" starttime="20190527 22:04:16.485" endtime="20190527 22:04:16.485"></status>
</kw>
<kw name="Write Bare" library="Telnet">
<doc>Writes the given text, and nothing else, into the connection.</doc>
<arguments>
<arg>\r\n</arg>
</arguments>
<status status="PASS" starttime="20190527 22:04:16.486" endtime="20190527 22:04:16.486"></status>
</kw>
<kw name="Write" library="Telnet">
<doc>Writes the given text plus a newline into the connection.</doc>
<arguments>
<arg>end</arg>
</arguments>
<status status="PASS" starttime="20190527 22:04:16.487" endtime="20190527 22:04:16.487"></status>
</kw>
<kw name="Read" library="Telnet">
<doc>Reads everything that is currently available in the output.</doc>
<msg timestamp="20190527 22:04:16.488" level="INFO">*May 27 22:06:13: %LINK-5-CHANGED: Interface Dot11radio 3/0, changed state to administratively down.
*May 27 22:06:13: %LINEPROTO-5-UPDOWN: Line protocol on Interface Dot11radio 3/0, changed state to down.
AP740-I-newFlash(config-if-Dot11radio 3/0)#end
*May 27 22:06:13: %SYS-5-CONFIG_I: Configured from console by vty0(172.30.103.117)
AP740-I-newFlash#</msg>
<status status="PASS" starttime="20190527 22:04:16.487" endtime="20190527 22:04:16.488"></status>
</kw>
<kw name="Execute Command" library="Telnet">
<doc>Executes the given ``command`` and reads, logs, and returns everything until the prompt.</doc>
<arguments>
<arg>configure</arg>
</arguments>
<assign>
<var>${output}</var>
</assign>
<msg timestamp="20190527 22:04:16.503" level="INFO">AP740-I-newFlash#end</msg>
<msg timestamp="20190527 22:04:16.703" level="INFO">Translating "end"...
% Unrecognized host or address, or protocol not running.
AP740-I-newFlash#configure
Enter configuration commands, one per line.  End with CNTL/Z.
AP740-I-newFlash(config)#</msg>
<msg timestamp="20190527 22:04:16.703" level="INFO">${output} = 
Translating "end"...
% Unrecognized host or address, or protocol not running.
AP740-I-newFlash#configure
Enter configuration commands, one per line.  End with CNTL/Z.
AP740-I-newFlash(config)#</msg>
<status status="PASS" starttime="20190527 22:04:16.489" endtime="20190527 22:04:16.703"></status>
</kw>
<kw name="Execute Command" library="Telnet">
<doc>Executes the given ``command`` and reads, logs, and returns everything until the prompt.</doc>
<arguments>
<arg>spectral</arg>
</arguments>
<assign>
<var>${output}</var>
</assign>
<msg timestamp="20190527 22:04:24.743" level="INFO">*May 27 22:06:17: %NFPP_ARP_GUARD-4-DOS_DETECTED: Host&lt;IP=N/A,MAC=0074.9c71.dd43,port=Gi0/1,VLAN=1&gt; was detected.(2019-5-27 22:3:16)</msg>
<msg timestamp="20190527 22:04:24.945" level="INFO">spectral
AP740-I-newFlash(config-spectral)#</msg>
<msg timestamp="20190527 22:04:24.945" level="INFO">${output} = spectral
AP740-I-newFlash(config-spectral)#</msg>
<status status="PASS" starttime="20190527 22:04:24.742" endtime="20190527 22:04:24.945"></status>
</kw>
<kw name="Execute Command" library="Telnet">
<doc>Executes the given ``command`` and reads, logs, and returns everything until the prompt.</doc>
<arguments>
<arg>no spectral debug level</arg>
</arguments>
<assign>
<var>${output}</var>
</assign>
<msg timestamp="20190527 22:04:24.951" level="INFO">no spectral debug level</msg>
<msg timestamp="20190527 22:04:25.156" level="INFO">AP740-I-newFlash(config-spectral)#</msg>
<msg timestamp="20190527 22:04:25.156" level="INFO">${output} = AP740-I-newFlash(config-spectral)#</msg>
<status status="PASS" starttime="20190527 22:04:24.946" endtime="20190527 22:04:25.156"></status>
</kw>
<kw name="Execute Command" library="Telnet">
<doc>Executes the given ``command`` and reads, logs, and returns everything until the prompt.</doc>
<arguments>
<arg>end</arg>
</arguments>
<assign>
<var>${output}</var>
</assign>
<msg timestamp="20190527 22:04:25.365" level="INFO">end</msg>
<msg timestamp="20190527 22:04:25.365" level="INFO">*May 27 22:06:23: %SYS-5-CONFIG_I: Configured from console by vty0(172.30.103.117)
AP740-I-newFlash#</msg>
<msg timestamp="20190527 22:04:25.366" level="INFO">${output} = *May 27 22:06:23: %SYS-5-CONFIG_I: Configured from console by vty0(172.30.103.117)
AP740-I-newFlash#</msg>
<status status="PASS" starttime="20190527 22:04:25.159" endtime="20190527 22:04:25.366"></status>
</kw>
<kw name="Execute Command" library="Telnet">
<doc>Executes the given ``command`` and reads, logs, and returns everything until the prompt.</doc>
<arguments>
<arg>configure</arg>
</arguments>
<assign>
<var>${output}</var>
</assign>
<msg timestamp="20190527 22:04:25.625" level="INFO">configure</msg>
<msg timestamp="20190527 22:04:25.625" level="INFO">Enter configuration commands, one per line.  End with CNTL/Z.
AP740-I-newFlash(config)#</msg>
<msg timestamp="20190527 22:04:25.625" level="INFO">${output} = Enter configuration commands, one per line.  End with CNTL/Z.
AP740-I-newFlash(config)#</msg>
<status status="PASS" starttime="20190527 22:04:25.366" endtime="20190527 22:04:25.625"></status>
</kw>
<kw name="Execute Command" library="Telnet">
<doc>Executes the given ``command`` and reads, logs, and returns everything until the prompt.</doc>
<arguments>
<arg>int dot11radio 1/0</arg>
</arguments>
<assign>
<var>${output}</var>
</assign>
<msg timestamp="20190527 22:04:25.825" level="INFO">int dot11radio 1/0</msg>
<msg timestamp="20190527 22:04:25.826" level="INFO">AP740-I-newFlash(config-if-Dot11radio 1/0)#</msg>
<msg timestamp="20190527 22:04:25.826" level="INFO">${output} = AP740-I-newFlash(config-if-Dot11radio 1/0)#</msg>
<status status="PASS" starttime="20190527 22:04:25.626" endtime="20190527 22:04:25.826"></status>
</kw>
<kw name="Execute Command" library="Telnet">
<doc>Executes the given ``command`` and reads, logs, and returns everything until the prompt.</doc>
<arguments>
<arg>no shutdown</arg>
</arguments>
<assign>
<var>${output}</var>
</assign>
<msg timestamp="20190527 22:04:26.025" level="INFO">no shutdown</msg>
<msg timestamp="20190527 22:04:26.026" level="INFO">AP740-I-newFlash(config-if-Dot11radio 1/0)#</msg>
<msg timestamp="20190527 22:04:26.026" level="INFO">${output} = AP740-I-newFlash(config-if-Dot11radio 1/0)#</msg>
<status status="PASS" starttime="20190527 22:04:25.827" endtime="20190527 22:04:26.026"></status>
</kw>
<kw name="Execute Command" library="Telnet">
<doc>Executes the given ``command`` and reads, logs, and returns everything until the prompt.</doc>
<arguments>
<arg>end</arg>
</arguments>
<assign>
<var>${output}</var>
</assign>
<msg timestamp="20190527 22:04:26.226" level="INFO">end</msg>
<msg timestamp="20190527 22:04:26.227" level="INFO">*May 27 22:06:24: %SYS-5-CONFIG_I: Configured from console by vty0(172.30.103.117)
AP740-I-newFlash#</msg>
<msg timestamp="20190527 22:04:26.227" level="INFO">${output} = *May 27 22:06:24: %SYS-5-CONFIG_I: Configured from console by vty0(172.30.103.117)
AP740-I-newFlash#</msg>
<status status="PASS" starttime="20190527 22:04:26.027" endtime="20190527 22:04:26.227"></status>
</kw>
<kw name="Execute Command" library="Telnet">
<doc>Executes the given ``command`` and reads, logs, and returns everything until the prompt.</doc>
<arguments>
<arg>configure</arg>
</arguments>
<assign>
<var>${output}</var>
</assign>
<msg timestamp="20190527 22:04:26.436" level="INFO">configure</msg>
<msg timestamp="20190527 22:04:26.437" level="INFO">Enter configuration commands, one per line.  End with CNTL/Z.
AP740-I-newFlash(config)#</msg>
<msg timestamp="20190527 22:04:26.437" level="INFO">${output} = Enter configuration commands, one per line.  End with CNTL/Z.
AP740-I-newFlash(config)#</msg>
<status status="PASS" starttime="20190527 22:04:26.229" endtime="20190527 22:04:26.437"></status>
</kw>
<kw name="Execute Command" library="Telnet">
<doc>Executes the given ``command`` and reads, logs, and returns everything until the prompt.</doc>
<arguments>
<arg>int dot11radio 2/0</arg>
</arguments>
<assign>
<var>${output}</var>
</assign>
<msg timestamp="20190527 22:04:26.645" level="INFO">int dot11radio 2/0</msg>
<msg timestamp="20190527 22:04:26.646" level="INFO">AP740-I-newFlash(config-if-Dot11radio 2/0)#</msg>
<msg timestamp="20190527 22:04:26.646" level="INFO">${output} = AP740-I-newFlash(config-if-Dot11radio 2/0)#</msg>
<status status="PASS" starttime="20190527 22:04:26.441" endtime="20190527 22:04:26.646"></status>
</kw>
<kw name="Execute Command" library="Telnet">
<doc>Executes the given ``command`` and reads, logs, and returns everything until the prompt.</doc>
<arguments>
<arg>no shutdown</arg>
</arguments>
<assign>
<var>${output}</var>
</assign>
<msg timestamp="20190527 22:04:26.845" level="INFO">no shutdown</msg>
<msg timestamp="20190527 22:04:26.845" level="INFO">AP740-I-newFlash(config-if-Dot11radio 2/0)#</msg>
<msg timestamp="20190527 22:04:26.845" level="INFO">${output} = AP740-I-newFlash(config-if-Dot11radio 2/0)#</msg>
<status status="PASS" starttime="20190527 22:04:26.647" endtime="20190527 22:04:26.845"></status>
</kw>
<kw name="Execute Command" library="Telnet">
<doc>Executes the given ``command`` and reads, logs, and returns everything until the prompt.</doc>
<arguments>
<arg>end</arg>
</arguments>
<assign>
<var>${output}</var>
</assign>
<msg timestamp="20190527 22:04:27.046" level="INFO">end</msg>
<msg timestamp="20190527 22:04:27.048" level="INFO">*May 27 22:06:25: %SYS-5-CONFIG_I: Configured from console by vty0(172.30.103.117)
AP740-I-newFlash#</msg>
<msg timestamp="20190527 22:04:27.048" level="INFO">${output} = *May 27 22:06:25: %SYS-5-CONFIG_I: Configured from console by vty0(172.30.103.117)
AP740-I-newFlash#</msg>
<status status="PASS" starttime="20190527 22:04:26.846" endtime="20190527 22:04:27.049"></status>
</kw>
<kw name="Execute Command" library="Telnet">
<doc>Executes the given ``command`` and reads, logs, and returns everything until the prompt.</doc>
<arguments>
<arg>configure</arg>
</arguments>
<assign>
<var>${output}</var>
</assign>
<msg timestamp="20190527 22:04:27.054" level="INFO">configure</msg>
<msg timestamp="20190527 22:04:27.256" level="INFO">Enter configuration commands, one per line.  End with CNTL/Z.
AP740-I-newFlash(config)#</msg>
<msg timestamp="20190527 22:04:27.256" level="INFO">${output} = Enter configuration commands, one per line.  End with CNTL/Z.
AP740-I-newFlash(config)#</msg>
<status status="PASS" starttime="20190527 22:04:27.050" endtime="20190527 22:04:27.256"></status>
</kw>
<kw name="Execute Command" library="Telnet">
<doc>Executes the given ``command`` and reads, logs, and returns everything until the prompt.</doc>
<arguments>
<arg>int dot11radio 3/0</arg>
</arguments>
<assign>
<var>${output}</var>
</assign>
<msg timestamp="20190527 22:04:27.456" level="INFO">int dot11radio 3/0</msg>
<msg timestamp="20190527 22:04:27.457" level="INFO">AP740-I-newFlash(config-if-Dot11radio 3/0)#</msg>
<msg timestamp="20190527 22:04:27.457" level="INFO">${output} = AP740-I-newFlash(config-if-Dot11radio 3/0)#</msg>
<status status="PASS" starttime="20190527 22:04:27.257" endtime="20190527 22:04:27.457"></status>
</kw>
<kw name="Execute Command" library="Telnet">
<doc>Executes the given ``command`` and reads, logs, and returns everything until the prompt.</doc>
<arguments>
<arg>no shutdown</arg>
</arguments>
<assign>
<var>${output}</var>
</assign>
<msg timestamp="20190527 22:04:27.666" level="INFO">no shutdown</msg>
<msg timestamp="20190527 22:04:27.666" level="INFO">AP740-I-newFlash(config-if-Dot11radio 3/0)#</msg>
<msg timestamp="20190527 22:04:27.666" level="INFO">${output} = AP740-I-newFlash(config-if-Dot11radio 3/0)#</msg>
<status status="PASS" starttime="20190527 22:04:27.459" endtime="20190527 22:04:27.666"></status>
</kw>
<status status="PASS" starttime="20190527 22:04:15.319" endtime="20190527 22:04:27.667" critical="yes"></status>
</test>
<kw name="Close All Connections" library="Telnet" type="teardown">
<doc>Closes all open connections and empties the connection cache.</doc>
<status status="PASS" starttime="20190527 22:04:27.672" endtime="20190527 22:04:27.673"></status>
</kw>
<status status="PASS" starttime="20190527 22:02:38.191" endtime="20190527 22:04:27.673"></status>
</suite>
<statistics>
<total>
<stat pass="4" fail="0">Critical Tests</stat>
<stat pass="4" fail="0">All Tests</stat>
</total>
<tag>
</tag>
<suite>
<stat pass="4" fail="0" id="s1" name="Spectral Radio Up Down">Spectral Radio Up Down</stat>
</suite>
</statistics>
<errors>
</errors>
</robot>
