<?xml version="1.0" encoding="UTF-8"?>
<robot generator="Robot 3.1.1 (Python 3.7.2 on win32)" generated="20190521 17:24:56.935" rpa="false">
<suite id="s1" name="Spectral Enable Radio" source="E:\learn\robot\lesson5_variables\spectral_enable_radio\spectral_enable_radio.robot">
<test id="s1-t1" name="fss_auto_test：(no) spectral enable radio x">
<kw name="Catenate" library="BuiltIn">
<doc>Catenates the given items together and returns the resulted string.</doc>
<arguments>
<arg>ruijie</arg>
</arguments>
<assign>
<var>${Password}</var>
</assign>
<msg timestamp="20190521 17:24:57.030" level="INFO">${Password} = ruijie</msg>
<status status="PASS" starttime="20190521 17:24:57.030" endtime="20190521 17:24:57.030"></status>
</kw>
<kw name="Catenate" library="BuiltIn">
<doc>Catenates the given items together and returns the resulted string.</doc>
<arguments>
<arg>en</arg>
</arguments>
<assign>
<var>${Password_op}</var>
</assign>
<msg timestamp="20190521 17:24:57.031" level="INFO">${Password_op} = en</msg>
<status status="PASS" starttime="20190521 17:24:57.031" endtime="20190521 17:24:57.031"></status>
</kw>
<kw name="Set Variable" library="BuiltIn">
<doc>Returns the given values which can then be assigned to a variables.</doc>
<arguments>
<arg>apdebug</arg>
</arguments>
<assign>
<var>${Password1}</var>
</assign>
<msg timestamp="20190521 17:24:57.032" level="INFO">${Password1} = apdebug</msg>
<status status="PASS" starttime="20190521 17:24:57.032" endtime="20190521 17:24:57.032"></status>
</kw>
<kw name="Open Connection" library="Telnet">
<doc>Opens a new Telnet connection to the given host and port.</doc>
<arguments>
<arg>host=${AC_IP}</arg>
<arg>port=${AC_PORT}</arg>
</arguments>
<msg timestamp="20190521 17:24:57.033" level="INFO">Opening connection to 172.30.103.194:23 with prompt: (&gt;|#|:)$ (regexp)</msg>
<status status="PASS" starttime="20190521 17:24:57.033" endtime="20190521 17:24:57.041"></status>
</kw>
<kw name="Read Until Regexp" library="Telnet">
<doc>Reads output until any of the ``expected`` regular expressions match.</doc>
<arguments>
<arg>(&gt;|#)</arg>
<arg>\\sRETURN\\s</arg>
</arguments>
<msg timestamp="20190521 17:24:57.475" level="INFO">WS5308#</msg>
<status status="PASS" starttime="20190521 17:24:57.043" endtime="20190521 17:24:57.475"></status>
</kw>
<kw name="Execute Command" library="Telnet">
<doc>Executes the given ``command`` and reads, logs, and returns everything until the prompt.</doc>
<arguments>
<arg>show ap-config summary | i ${AP_NAME}</arg>
</arguments>
<assign>
<var>${output}</var>
</assign>
<msg timestamp="20190521 17:24:57.497" level="INFO">show ap-config summary | i AP740-I-newFlash</msg>
<msg timestamp="20190521 17:24:57.696" level="INFO">========= show ap status =========
Radio: Radio ID or Band: 2.4G = 1#, 5G = 2#
       E = enabled, D = disabled, N = Not exist, V = Virtual AP
       Current Sta number
       Channel: * = Global
       Power Level = Percent

Online AP number:</msg>
<msg timestamp="20190521 17:24:57.696" level="INFO">${output} = ========= show ap status =========
Radio: Radio ID or Band: 2.4G = 1#, 5G = 2#
       E = enabled, D = disabled, N = Not exist, V = Virtual AP
       Current Sta number
       Channel: * = Global...</msg>
<status status="PASS" starttime="20190521 17:24:57.477" endtime="20190521 17:24:57.696"></status>
</kw>
<kw name="Write Bare" library="Telnet">
<doc>Writes the given text, and nothing else, into the connection.</doc>
<arguments>
<arg>\r\n</arg>
</arguments>
<status status="PASS" starttime="20190521 17:24:57.697" endtime="20190521 17:24:57.698"></status>
</kw>
<kw name="Read Until Prompt" library="Telnet">
<doc>Reads output until the prompt is encountered.</doc>
<assign>
<var>${output}</var>
</assign>
<msg timestamp="20190521 17:24:57.701" level="INFO">1
Offline AP number: 11

AP Name                                  IP Address      Mac Address    Radio               Radio               Up/Off time   State
---------------------------------------- --------------- -------------- ------------------- ------------------- ------------- -----
AP740-I-newFlash                         172.30.103.139  00d0.f822.334c 1  N   -    -     - 2  N   -    -     -    0:02:24:46 Quit  
WS5308#</msg>
<msg timestamp="20190521 17:24:57.701" level="INFO">${output} =  1
Offline AP number: 11

AP Name                                  IP Address      Mac Address    Radio               Radio               Up/Off time   State
--------------------------------------...</msg>
<status status="PASS" starttime="20190521 17:24:57.700" endtime="20190521 17:24:57.701"></status>
</kw>
<kw name="Should Match" library="BuiltIn">
<doc>Fails if the given ``string`` does not match the given ``pattern``.</doc>
<arguments>
<arg>${output}</arg>
<arg>*${AP_NAME}*</arg>
</arguments>
<status status="PASS" starttime="20190521 17:24:57.701" endtime="20190521 17:24:57.702"></status>
</kw>
<kw name="Should Not Match" library="BuiltIn">
<doc>Fails if the given ``string`` matches the given ``pattern``.</doc>
<arguments>
<arg>${output}</arg>
<arg>*Quit*</arg>
</arguments>
<msg timestamp="20190521 17:24:57.703" level="FAIL">' 1
Offline AP number: 11

AP Name                                  IP Address      Mac Address    Radio               Radio               Up/Off time   State
---------------------------------------- --------------- -------------- ------------------- ------------------- ------------- -----
AP740-I-newFlash                         172.30.103.139  00d0.f822.334c 1  N   -    -     - 2  N   -    -     -    0:02:24:46 Quit  
WS5308#' matches '*Quit*'</msg>
<status status="FAIL" starttime="20190521 17:24:57.702" endtime="20190521 17:24:57.703"></status>
</kw>
<status status="FAIL" starttime="20190521 17:24:57.000" endtime="20190521 17:24:57.703" critical="yes">' 1
Offline AP number: 11

AP Name                                  IP Address      Mac Address    Radio               Radio               Up/Off time   State
---------------------------------------- --------------- -------------- ------------------- ------------------- ------------- -----
AP740-I-newFlash                         172.30.103.139  00d0.f822.334c 1  N   -    -     - 2  N   -    -     -    0:02:24:46 Quit  
WS5308#' matches '*Quit*'</status>
</test>
<test id="s1-t2" name="fss_auto_test：(no) spectral enable">
<kw name="Switch Connection" library="Telnet">
<doc>Switches between active connections using an index or an alias.</doc>
<arguments>
<arg>1</arg>
</arguments>
<status status="PASS" starttime="20190521 17:24:57.705" endtime="20190521 17:24:57.705"></status>
</kw>
<kw name="Write Bare" library="Telnet">
<doc>Writes the given text, and nothing else, into the connection.</doc>
<arguments>
<arg>\r\n</arg>
</arguments>
<status status="PASS" starttime="20190521 17:24:57.706" endtime="20190521 17:24:57.706"></status>
</kw>
<kw name="Read Until Prompt" library="Telnet">
<doc>Reads output until the prompt is encountered.</doc>
<msg timestamp="20190521 17:24:57.965" level="INFO">WS5308#
WS5308#</msg>
<status status="PASS" starttime="20190521 17:24:57.706" endtime="20190521 17:24:57.965"></status>
</kw>
<kw name="Execute Command" library="Telnet">
<doc>Executes the given ``command`` and reads, logs, and returns everything until the prompt.</doc>
<arguments>
<arg>${AC_TEST_CMD4}</arg>
</arguments>
<assign>
<var>${output}</var>
</assign>
<msg timestamp="20190521 17:24:57.987" level="INFO">spectral enable</msg>
<msg timestamp="20190521 17:24:58.186" level="INFO">% Unknown command.

WS5308#</msg>
<msg timestamp="20190521 17:24:58.186" level="INFO">${output} = % Unknown command.

WS5308#</msg>
<status status="PASS" starttime="20190521 17:24:57.967" endtime="20190521 17:24:58.186"></status>
</kw>
<kw name="Execute Command" library="Telnet">
<doc>Executes the given ``command`` and reads, logs, and returns everything until the prompt.</doc>
<arguments>
<arg>show ap-config running ${AP_NAME}</arg>
</arguments>
<assign>
<var>${output}</var>
</assign>
<msg timestamp="20190521 17:24:58.206" level="INFO">show ap-config running AP740-I-newFlash</msg>
<msg timestamp="20190521 17:24:58.706" level="INFO">Building configuration...
Current configuration: 158 bytes

!
ap-config AP740-I-newFlash
 ap-mac 00d0.f822.334c
 wlan-cap enable 1
 spectral enable radio 1
 spectral enable radio 20
 device mode monitor
!
end
WS5308#</msg>
<msg timestamp="20190521 17:24:58.707" level="INFO">${output} = 
Building configuration...
Current configuration: 158 bytes

!
ap-config AP740-I-newFlash
 ap-mac 00d0.f822.334c
 wlan-cap enable 1
 spectral enable radio 1
 spectral enable radio 20...</msg>
<status status="PASS" starttime="20190521 17:24:58.190" endtime="20190521 17:24:58.707"></status>
</kw>
<kw name="Log To Console" library="BuiltIn">
<doc>Logs the given message to the console.</doc>
<arguments>
<arg>${output}</arg>
</arguments>
<status status="PASS" starttime="20190521 17:24:58.708" endtime="20190521 17:24:58.710"></status>
</kw>
<kw name="Should Match" library="BuiltIn">
<doc>Fails if the given ``string`` does not match the given ``pattern``.</doc>
<arguments>
<arg>${output}</arg>
<arg>*${AC_CHECK_RET4}*</arg>
</arguments>
<status status="PASS" starttime="20190521 17:24:58.717" endtime="20190521 17:24:58.718"></status>
</kw>
<kw name="Switch Connection" library="Telnet">
<doc>Switches between active connections using an index or an alias.</doc>
<arguments>
<arg>2</arg>
</arguments>
<msg timestamp="20190521 17:24:58.719" level="FAIL">Non-existing index or alias '2'.</msg>
<status status="FAIL" starttime="20190521 17:24:58.718" endtime="20190521 17:24:58.719"></status>
</kw>
<kw name="Close All Connections" library="Telnet" type="teardown">
<doc>Closes all open connections and empties the connection cache.</doc>
<status status="PASS" starttime="20190521 17:24:58.720" endtime="20190521 17:24:58.721"></status>
</kw>
<status status="FAIL" starttime="20190521 17:24:57.705" endtime="20190521 17:24:58.723" critical="yes">Non-existing index or alias '2'.</status>
</test>
<status status="FAIL" starttime="20190521 17:24:56.938" endtime="20190521 17:24:58.760"></status>
</suite>
<statistics>
<total>
<stat pass="0" fail="2">Critical Tests</stat>
<stat pass="0" fail="2">All Tests</stat>
</total>
<tag>
</tag>
<suite>
<stat pass="0" fail="2" id="s1" name="Spectral Enable Radio">Spectral Enable Radio</stat>
</suite>
</statistics>
<errors>
</errors>
</robot>
