<?xml version="1.0" encoding="UTF-8"?>
<robot generator="Robot 3.1.1 (Python 3.7.2 on win32)" generated="20190521 17:25:01.761" rpa="false">
<suite id="s1" name="Spectral Debug Level 24" source="E:\learn\robot\lesson5_variables\spectral_debug_level_24\spectral_debug_level_24.robot">
<kw name="Open Connection And Log In" type="setup">
<kw name="Open Connection" library="Telnet">
<doc>Opens a new Telnet connection to the given host and port.</doc>
<arguments>
<arg>${AC_IP}</arg>
<arg>port=${AC_PORT}</arg>
</arguments>
<msg timestamp="20190521 17:25:01.835" level="INFO">Opening connection to 172.30.103.194:23 with prompt: (&gt;|#)$ (regexp)</msg>
<status status="PASS" starttime="20190521 17:25:01.834" endtime="20190521 17:25:01.843"></status>
</kw>
<kw name="Evaluate" library="BuiltIn">
<doc>Evaluates the given expression in Python and returns the results.</doc>
<arguments>
<arg>chr(int(3))</arg>
</arguments>
<assign>
<var>${CTRL_C}</var>
</assign>
<msg timestamp="20190521 17:25:01.843" level="INFO">${CTRL_C} = </msg>
<status status="PASS" starttime="20190521 17:25:01.843" endtime="20190521 17:25:01.843"></status>
</kw>
<kw name="Set Timeout" library="Telnet">
<doc>Sets the timeout used for waiting output in the current connection.</doc>
<arguments>
<arg>1s</arg>
</arguments>
<status status="PASS" starttime="20190521 17:25:01.843" endtime="20190521 17:25:01.844"></status>
</kw>
<kw name="Sleep" library="BuiltIn">
<doc>Pauses the test executed for the given time.</doc>
<arguments>
<arg>1s</arg>
</arguments>
<msg timestamp="20190521 17:25:02.844" level="INFO">Slept 1 second</msg>
<status status="PASS" starttime="20190521 17:25:01.844" endtime="20190521 17:25:02.844"></status>
</kw>
<kw name="Write Bare" library="Telnet">
<doc>Writes the given text, and nothing else, into the connection.</doc>
<arguments>
<arg>${CTRL_C}</arg>
</arguments>
<status status="PASS" starttime="20190521 17:25:02.845" endtime="20190521 17:25:02.847"></status>
</kw>
<kw name="Read Until Prompt" library="Telnet">
<doc>Reads output until the prompt is encountered.</doc>
<msg timestamp="20190521 17:25:02.851" level="INFO">WS5308#</msg>
<status status="PASS" starttime="20190521 17:25:02.847" endtime="20190521 17:25:02.851"></status>
</kw>
<kw name="Write" library="Telnet">
<doc>Writes the given text plus a newline into the connection.</doc>
<arguments>
<arg>co</arg>
</arguments>
<status status="PASS" starttime="20190521 17:25:02.852" endtime="20190521 17:25:02.868"></status>
</kw>
<kw name="Write" library="Telnet">
<doc>Writes the given text plus a newline into the connection.</doc>
<arguments>
<arg>ap-config ${AP_MAC}</arg>
</arguments>
<msg timestamp="20190521 17:25:02.901" level="INFO">WS5308#co</msg>
<status status="PASS" starttime="20190521 17:25:02.869" endtime="20190521 17:25:02.901"></status>
</kw>
<kw name="Write" library="Telnet">
<doc>Writes the given text plus a newline into the connection.</doc>
<arguments>
<arg>no spectral enable radio 1</arg>
</arguments>
<msg timestamp="20190521 17:25:03.126" level="INFO">Enter configuration commands, one per line.  End with CNTL/Z.</msg>
<status status="PASS" starttime="20190521 17:25:02.902" endtime="20190521 17:25:03.126"></status>
</kw>
<kw name="Write" library="Telnet">
<doc>Writes the given text plus a newline into the connection.</doc>
<arguments>
<arg>no spectral enable radio 2</arg>
</arguments>
<msg timestamp="20190521 17:25:03.156" level="INFO">WS5308(config)#ap-config 00d0.f822.334c</msg>
<status status="PASS" starttime="20190521 17:25:03.127" endtime="20190521 17:25:03.156"></status>
</kw>
<kw name="Write" library="Telnet">
<doc>Writes the given text plus a newline into the connection.</doc>
<arguments>
<arg>no spectral enable radio 3</arg>
</arguments>
<msg timestamp="20190521 17:25:03.217" level="INFO">You are going to config AP(AP740-I-newFlash), which is not online now.</msg>
<status status="PASS" starttime="20190521 17:25:03.156" endtime="20190521 17:25:03.217"></status>
</kw>
<kw name="Write" library="Telnet">
<doc>Writes the given text plus a newline into the connection.</doc>
<arguments>
<arg>spectral enable radio 1</arg>
</arguments>
<msg timestamp="20190521 17:25:03.248" level="INFO">WS5308(config-ap)#no spectral enable radio 1</msg>
<status status="PASS" starttime="20190521 17:25:03.217" endtime="20190521 17:25:03.249"></status>
</kw>
<kw name="Read Until Prompt" library="Telnet">
<doc>Reads output until the prompt is encountered.</doc>
<msg timestamp="20190521 17:25:03.647" level="INFO">WS5308(config-ap)#no spectral enable radio 2
WS5308(config-ap)#no spectral enable radio 3
WS5308(config-ap)#spectral enable radio 1
WS5308(config-ap)#</msg>
<status status="PASS" starttime="20190521 17:25:03.249" endtime="20190521 17:25:03.648"></status>
</kw>
<kw name="Open Connection" library="Telnet">
<doc>Opens a new Telnet connection to the given host and port.</doc>
<arguments>
<arg>${AP_IP}</arg>
<arg>port=${AP_PORT}</arg>
</arguments>
<msg timestamp="20190521 17:25:03.649" level="INFO">Opening connection to 172.30.103.139:23 with prompt: (&gt;|#)$ (regexp)</msg>
<msg timestamp="20190521 17:25:24.714" level="FAIL">TimeoutError: [WinError 10060] 由于连接方在一段时间后没有正确答复或连接的主机没有反应，连接尝试失败。</msg>
<status status="FAIL" starttime="20190521 17:25:03.648" endtime="20190521 17:25:24.714"></status>
</kw>
<status status="FAIL" starttime="20190521 17:25:01.833" endtime="20190521 17:25:24.715"></status>
</kw>
<test id="s1-t1" name="Test spectral enable radio 1 是否实际生效">
<doc>测试配置是否生效.</doc>
<status status="FAIL" starttime="20190521 17:25:24.726" endtime="20190521 17:25:24.728" critical="yes">Parent suite setup failed:
TimeoutError: [WinError 10060] 由于连接方在一段时间后没有正确答复或连接的主机没有反应，连接尝试失败。</status>
</test>
<test id="s1-t2" name="Test spectral enable radio 2 是否实际生效">
<status status="FAIL" starttime="20190521 17:25:24.734" endtime="20190521 17:25:24.736" critical="yes">Parent suite setup failed:
TimeoutError: [WinError 10060] 由于连接方在一段时间后没有正确答复或连接的主机没有反应，连接尝试失败。</status>
</test>
<test id="s1-t3" name="Test spectral enable radio 3 是否实际生效">
<status status="FAIL" starttime="20190521 17:25:24.740" endtime="20190521 17:25:24.742" critical="yes">Parent suite setup failed:
TimeoutError: [WinError 10060] 由于连接方在一段时间后没有正确答复或连接的主机没有反应，连接尝试失败。</status>
</test>
<test id="s1-t4" name="Test spectral enable radio x 结束">
<status status="FAIL" starttime="20190521 17:25:24.747" endtime="20190521 17:25:24.751" critical="yes">Parent suite setup failed:
TimeoutError: [WinError 10060] 由于连接方在一段时间后没有正确答复或连接的主机没有反应，连接尝试失败。</status>
</test>
<kw name="Close All Connections" library="Telnet" type="teardown">
<doc>Closes all open connections and empties the connection cache.</doc>
<status status="PASS" starttime="20190521 17:25:24.756" endtime="20190521 17:25:24.756"></status>
</kw>
<doc>使用telnet库 进行spectral enable radio测试的案例，测试需要先配置AC、AP的IP、端口、名字、具体内容看Variables字段</doc>
<status status="FAIL" starttime="20190521 17:25:01.765" endtime="20190521 17:25:24.757">Suite setup failed:
TimeoutError: [WinError 10060] 由于连接方在一段时间后没有正确答复或连接的主机没有反应，连接尝试失败。</status>
</suite>
<statistics>
<total>
<stat pass="0" fail="4">Critical Tests</stat>
<stat pass="0" fail="4">All Tests</stat>
</total>
<tag>
</tag>
<suite>
<stat pass="0" fail="4" id="s1" name="Spectral Debug Level 24">Spectral Debug Level 24</stat>
</suite>
</statistics>
<errors>
</errors>
</robot>
