<?xml version="1.0" encoding="UTF-8"?>
<robot generator="Robot 3.1.1 (Python 3.7.2 on win32)" generated="20190627 16:23:39.483" rpa="false">
<suite id="s1" name="Spectral Case1 02 5G High" source="E:\learn\robot\FSS_TEST2\spectral_case1_02_5g_high\spectral_case1_02_5g_high.robot">
<kw name="Open Connection And Login And Disconnet Capwap" type="setup">
<kw name="Open Connection" library="Telnet">
<doc>Opens a new Telnet connection to the given host and port.</doc>
<arguments>
<arg>${AC_IP}</arg>
<arg>port=${AC_PORT}</arg>
</arguments>
<msg timestamp="20190627 16:23:39.999" level="INFO">Opening connection to 172.30.103.15:23 with prompt: (&gt;|#)$ (regexp)</msg>
<status status="PASS" starttime="20190627 16:23:39.998" endtime="20190627 16:23:40.007"></status>
</kw>
<kw name="Evaluate" library="BuiltIn">
<doc>Evaluates the given expression in Python and returns the results.</doc>
<arguments>
<arg>chr(int(3))</arg>
</arguments>
<assign>
<var>${CTRL_C}</var>
</assign>
<msg timestamp="20190627 16:23:40.008" level="INFO">${CTRL_C} = </msg>
<status status="PASS" starttime="20190627 16:23:40.008" endtime="20190627 16:23:40.008"></status>
</kw>
<kw name="Set Timeout" library="Telnet">
<doc>Sets the timeout used for waiting output in the current connection.</doc>
<arguments>
<arg>1s</arg>
</arguments>
<status status="PASS" starttime="20190627 16:23:40.008" endtime="20190627 16:23:40.009"></status>
</kw>
<kw name="Sleep" library="BuiltIn">
<doc>Pauses the test executed for the given time.</doc>
<arguments>
<arg>1s</arg>
</arguments>
<msg timestamp="20190627 16:23:41.009" level="INFO">Slept 1 second</msg>
<status status="PASS" starttime="20190627 16:23:40.009" endtime="20190627 16:23:41.009"></status>
</kw>
<kw name="Write Bare" library="Telnet">
<doc>Writes the given text, and nothing else, into the connection.</doc>
<arguments>
<arg>${CTRL_C}</arg>
</arguments>
<status status="PASS" starttime="20190627 16:23:41.009" endtime="20190627 16:23:41.009"></status>
</kw>
<kw name="Read Until Prompt" library="Telnet">
<doc>Reads output until the prompt is encountered.</doc>
<msg timestamp="20190627 16:23:41.010" level="INFO">WS5308#</msg>
<status status="PASS" starttime="20190627 16:23:41.010" endtime="20190627 16:23:41.010"></status>
</kw>
<kw name="Write" library="Telnet">
<doc>Writes the given text plus a newline into the connection.</doc>
<arguments>
<arg>co</arg>
</arguments>
<status status="PASS" starttime="20190627 16:23:41.010" endtime="20190627 16:23:41.017"></status>
</kw>
<kw name="Write" library="Telnet">
<doc>Writes the given text plus a newline into the connection.</doc>
<arguments>
<arg>ap-config ${AP_MAC}</arg>
</arguments>
<msg timestamp="20190627 16:23:41.051" level="INFO">WS5308#co</msg>
<status status="PASS" starttime="20190627 16:23:41.017" endtime="20190627 16:23:41.052"></status>
</kw>
<kw name="Write" library="Telnet">
<doc>Writes the given text plus a newline into the connection.</doc>
<arguments>
<arg>no spectral enable radio 1</arg>
</arguments>
<msg timestamp="20190627 16:23:41.282" level="INFO">Enter configuration commands, one per line.  End with CNTL/Z.</msg>
<status status="PASS" starttime="20190627 16:23:41.052" endtime="20190627 16:23:41.282"></status>
</kw>
<kw name="Write" library="Telnet">
<doc>Writes the given text plus a newline into the connection.</doc>
<arguments>
<arg>no spectral enable radio 2</arg>
</arguments>
<msg timestamp="20190627 16:23:41.520" level="INFO">WS5308(config)#ap-config 00d0.f822.334c</msg>
<status status="PASS" starttime="20190627 16:23:41.282" endtime="20190627 16:23:41.520"></status>
</kw>
<kw name="Write" library="Telnet">
<doc>Writes the given text plus a newline into the connection.</doc>
<arguments>
<arg>no spectral enable radio 3</arg>
</arguments>
<msg timestamp="20190627 16:23:41.520" level="INFO">You are going to config AP(AP740-I-newFlash), which is online now.</msg>
<status status="PASS" starttime="20190627 16:23:41.520" endtime="20190627 16:23:41.520"></status>
</kw>
<kw name="Write" library="Telnet">
<doc>Writes the given text plus a newline into the connection.</doc>
<arguments>
<arg>no spectral enable</arg>
</arguments>
<msg timestamp="20190627 16:23:41.521" level="INFO">WS5308(config-ap)#no spectral enable radio 1</msg>
<status status="PASS" starttime="20190627 16:23:41.520" endtime="20190627 16:23:41.521"></status>
</kw>
<kw name="Read Until Prompt" library="Telnet">
<doc>Reads output until the prompt is encountered.</doc>
<msg timestamp="20190627 16:23:41.760" level="INFO">WS5308(config-ap)#no spectral enable radio 2
WS5308(config-ap)#no spectral enable radio 3
WS5308(config-ap)#no spectral enable
WS5308(config-ap)#</msg>
<status status="PASS" starttime="20190627 16:23:41.521" endtime="20190627 16:23:41.760"></status>
</kw>
<kw name="Execute Command" library="Telnet">
<doc>Executes the given ``command`` and reads, logs, and returns everything until the prompt.</doc>
<arguments>
<arg>show ap-config running ${AP_NAME}</arg>
</arguments>
<assign>
<var>${output}</var>
</assign>
<msg timestamp="20190627 16:23:41.785" level="INFO">show ap-config running AP740-I-newFlash</msg>
<msg timestamp="20190627 16:23:42.290" level="INFO">Building configuration...
Current configuration: 176 bytes

!
ap-config AP740-I-newFlash
 ap-mac 00d0.f822.334c
 wlan-cap enable 1
 channel 36 radio 2
 chan-width 40 radio 1
 chan-width 40 radio 2
 chan-width 40 radio 3
!
end
WS5308(config-ap)#</msg>
<msg timestamp="20190627 16:23:42.290" level="INFO">${output} = 
Building configuration...
Current configuration: 176 bytes

!
ap-config AP740-I-newFlash
 ap-mac 00d0.f822.334c
 wlan-cap enable 1
 channel 36 radio 2
 chan-width 40 radio 1
 chan...</msg>
<status status="PASS" starttime="20190627 16:23:41.760" endtime="20190627 16:23:42.290"></status>
</kw>
<kw name="Should Not Match" library="BuiltIn">
<doc>Fails if the given ``string`` matches the given ``pattern``.</doc>
<arguments>
<arg>${output}</arg>
<arg>*spectral enable*</arg>
</arguments>
<status status="PASS" starttime="20190627 16:23:42.290" endtime="20190627 16:23:42.291"></status>
</kw>
<kw name="Open Connection" library="Telnet">
<doc>Opens a new Telnet connection to the given host and port.</doc>
<arguments>
<arg>${AP_IP}</arg>
<arg>port=${AP_PORT}</arg>
</arguments>
<msg timestamp="20190627 16:23:42.291" level="INFO">Opening connection to 172.30.103.76:23 with prompt: (&gt;|#)$ (regexp)</msg>
<status status="PASS" starttime="20190627 16:23:42.291" endtime="20190627 16:23:42.292"></status>
</kw>
<kw name="Evaluate" library="BuiltIn">
<doc>Evaluates the given expression in Python and returns the results.</doc>
<arguments>
<arg>chr(int(3))</arg>
</arguments>
<assign>
<var>${CTRL_C}</var>
</assign>
<msg timestamp="20190627 16:23:42.292" level="INFO">${CTRL_C} = </msg>
<status status="PASS" starttime="20190627 16:23:42.292" endtime="20190627 16:23:42.292"></status>
</kw>
<kw name="Set Timeout" library="Telnet">
<doc>Sets the timeout used for waiting output in the current connection.</doc>
<arguments>
<arg>1s</arg>
</arguments>
<status status="PASS" starttime="20190627 16:23:42.293" endtime="20190627 16:23:42.293"></status>
</kw>
<kw name="Sleep" library="BuiltIn">
<doc>Pauses the test executed for the given time.</doc>
<arguments>
<arg>1s</arg>
</arguments>
<msg timestamp="20190627 16:23:43.293" level="INFO">Slept 1 second</msg>
<status status="PASS" starttime="20190627 16:23:42.293" endtime="20190627 16:23:43.293"></status>
</kw>
<kw name="Write Bare" library="Telnet">
<doc>Writes the given text, and nothing else, into the connection.</doc>
<arguments>
<arg>${CTRL_C}</arg>
</arguments>
<status status="PASS" starttime="20190627 16:23:43.293" endtime="20190627 16:23:43.293"></status>
</kw>
<kw name="Read Until" library="Telnet">
<doc>Reads output until ``expected`` text is encountered.</doc>
<arguments>
<arg>Password:</arg>
</arguments>
<msg timestamp="20190627 16:23:43.294" level="INFO">User Access Verification

Password:</msg>
<status status="PASS" starttime="20190627 16:23:43.293" endtime="20190627 16:23:43.294"></status>
</kw>
<kw name="Write" library="Telnet">
<doc>Writes the given text plus a newline into the connection.</doc>
<arguments>
<arg>${AP_PWD}</arg>
</arguments>
<status status="PASS" starttime="20190627 16:23:43.294" endtime="20190627 16:23:43.295"></status>
</kw>
<kw name="Read Until Prompt" library="Telnet">
<doc>Reads output until the prompt is encountered.</doc>
<msg timestamp="20190627 16:23:43.492" level="INFO">Password:

AP740-I-newFlash&gt;</msg>
<status status="PASS" starttime="20190627 16:23:43.295" endtime="20190627 16:23:43.492"></status>
</kw>
<kw name="Write" library="Telnet">
<doc>Writes the given text plus a newline into the connection.</doc>
<arguments>
<arg>enable</arg>
</arguments>
<msg timestamp="20190627 16:23:43.692" level="INFO">enable</msg>
<status status="PASS" starttime="20190627 16:23:43.492" endtime="20190627 16:23:43.692"></status>
</kw>
<kw name="Read Until" library="Telnet">
<doc>Reads output until ``expected`` text is encountered.</doc>
<arguments>
<arg>Password:</arg>
</arguments>
<msg timestamp="20190627 16:23:43.692" level="INFO">Password:</msg>
<status status="PASS" starttime="20190627 16:23:43.692" endtime="20190627 16:23:43.692"></status>
</kw>
<kw name="Write" library="Telnet">
<doc>Writes the given text plus a newline into the connection.</doc>
<arguments>
<arg>${AP_EN_PWD}</arg>
</arguments>
<status status="PASS" starttime="20190627 16:23:43.692" endtime="20190627 16:23:43.695"></status>
</kw>
<kw name="Read Until Prompt" library="Telnet">
<doc>Reads output until the prompt is encountered.</doc>
<msg timestamp="20190627 16:23:43.891" level="INFO">AP740-I-newFlash#</msg>
<status status="PASS" starttime="20190627 16:23:43.695" endtime="20190627 16:23:43.892"></status>
</kw>
<status status="PASS" starttime="20190627 16:23:39.998" endtime="20190627 16:23:43.892"></status>
</kw>
<test id="s1-t1" name="Test bandwidth config and fss config">
<kw name="Switch Connection" library="Telnet">
<doc>Switches between active connections using an index or an alias.</doc>
<arguments>
<arg>1</arg>
</arguments>
<status status="PASS" starttime="20190627 16:23:43.894" endtime="20190627 16:23:43.894"></status>
</kw>
<kw name="Write Bare" library="Telnet">
<doc>Writes the given text, and nothing else, into the connection.</doc>
<arguments>
<arg>\r\n</arg>
</arguments>
<status status="PASS" starttime="20190627 16:23:43.895" endtime="20190627 16:23:43.895"></status>
</kw>
<kw name="Read" library="Telnet">
<doc>Reads everything that is currently available in the output.</doc>
<status status="PASS" starttime="20190627 16:23:43.895" endtime="20190627 16:23:43.896"></status>
</kw>
<kw name="Write" library="Telnet">
<doc>Writes the given text plus a newline into the connection.</doc>
<arguments>
<arg>channel 157 radio 2</arg>
</arguments>
<status status="PASS" starttime="20190627 16:23:43.896" endtime="20190627 16:23:43.914"></status>
</kw>
<kw name="Write" library="Telnet">
<doc>Writes the given text plus a newline into the connection.</doc>
<arguments>
<arg>chan-width 40 radio 2</arg>
</arguments>
<msg timestamp="20190627 16:23:43.961" level="INFO">WS5308(config-ap)#channel 157 radio 2</msg>
<status status="PASS" starttime="20190627 16:23:43.915" endtime="20190627 16:23:43.961"></status>
</kw>
<kw name="Write" library="Telnet">
<doc>Writes the given text plus a newline into the connection.</doc>
<arguments>
<arg>spectral enable radio 2</arg>
</arguments>
<msg timestamp="20190627 16:23:44.041" level="INFO">WS5308(config-ap)#chan-width 40 radio 2</msg>
<status status="PASS" starttime="20190627 16:23:43.962" endtime="20190627 16:23:44.041"></status>
</kw>
<kw name="Write" library="Telnet">
<doc>Writes the given text plus a newline into the connection.</doc>
<arguments>
<arg>device mode monitor radio 2</arg>
</arguments>
<msg timestamp="20190627 16:23:44.111" level="INFO">WS5308(config-ap)#spectral enable radio 2</msg>
<status status="PASS" starttime="20190627 16:23:44.043" endtime="20190627 16:23:44.111"></status>
</kw>
<kw name="Execute Command" library="Telnet">
<doc>Executes the given ``command`` and reads, logs, and returns everything until the prompt.</doc>
<arguments>
<arg>show ap-config running ${AP_NAME}</arg>
</arguments>
<assign>
<var>${output}</var>
</assign>
<msg timestamp="20190627 16:23:44.171" level="INFO">WS5308(config-ap)#device mode monitor radio 2</msg>
<msg timestamp="20190627 16:23:44.976" level="INFO">WS5308(config-ap)#show ap-config running AP740-I-newFlash

Building configuration...
Current configuration: 233 bytes

!
ap-config AP740-I-newFlash
 ap-mac 00d0.f822.334c
 wlan-cap enable 1
 spectral enable radio 2
 channel 157 radio 2
 chan-width 40 radio 1
 chan-width 40 radio 2
 chan-width 40 radio 3
 device mode monitor radio 2
!
end
WS5308(config-ap)#</msg>
<msg timestamp="20190627 16:23:44.976" level="INFO">${output} = WS5308(config-ap)#show ap-config running AP740-I-newFlash

Building configuration...
Current configuration: 233 bytes

!
ap-config AP740-I-newFlash
 ap-mac 00d0.f822.334c
 wlan-cap ena...</msg>
<status status="PASS" starttime="20190627 16:23:44.112" endtime="20190627 16:23:44.976"></status>
</kw>
<kw name="Should Match" library="BuiltIn">
<doc>Fails if the given ``string`` does not match the given ``pattern``.</doc>
<arguments>
<arg>${output}</arg>
<arg>*${AC_TEST_CMD2}*</arg>
</arguments>
<status status="PASS" starttime="20190627 16:23:44.977" endtime="20190627 16:23:44.978"></status>
</kw>
<kw name="Should Match" library="BuiltIn">
<doc>Fails if the given ``string`` does not match the given ``pattern``.</doc>
<arguments>
<arg>${output}</arg>
<arg>*chan-width 40 radio 2*</arg>
</arguments>
<status status="PASS" starttime="20190627 16:23:44.982" endtime="20190627 16:23:44.983"></status>
</kw>
<kw name="Sleep" library="BuiltIn">
<doc>Pauses the test executed for the given time.</doc>
<arguments>
<arg>1s</arg>
</arguments>
<msg timestamp="20190627 16:23:45.984" level="INFO">Slept 1 second</msg>
<status status="PASS" starttime="20190627 16:23:44.984" endtime="20190627 16:23:45.984"></status>
</kw>
<kw name="Switch Connection" library="Telnet">
<doc>Switches between active connections using an index or an alias.</doc>
<arguments>
<arg>2</arg>
</arguments>
<status status="PASS" starttime="20190627 16:23:45.984" endtime="20190627 16:23:45.985"></status>
</kw>
<kw name="Execute Command" library="Telnet">
<doc>Executes the given ``command`` and reads, logs, and returns everything until the prompt.</doc>
<arguments>
<arg>show running-config | i spectral</arg>
</arguments>
<assign>
<var>${output}</var>
</assign>
<msg timestamp="20190627 16:23:45.993" level="INFO">show running-config | i spectral</msg>
<msg timestamp="20190627 16:23:46.193" level="INFO">spectral
 spectral enable radio 2
 spectral stability bth 1
 spectral stability mwo 1
AP740-I-newFlash#</msg>
<msg timestamp="20190627 16:23:46.193" level="INFO">${output} = spectral
 spectral enable radio 2
 spectral stability bth 1
 spectral stability mwo 1
AP740-I-newFlash#</msg>
<status status="PASS" starttime="20190627 16:23:45.985" endtime="20190627 16:23:46.193"></status>
</kw>
<kw name="Should Match" library="BuiltIn">
<doc>Fails if the given ``string`` does not match the given ``pattern``.</doc>
<arguments>
<arg>${output}</arg>
<arg>*${AC_TEST_CMD2}*</arg>
</arguments>
<status status="PASS" starttime="20190627 16:23:46.194" endtime="20190627 16:23:46.194"></status>
</kw>
<kw name="Execute Command" library="Telnet">
<doc>Executes the given ``command`` and reads, logs, and returns everything until the prompt.</doc>
<arguments>
<arg>show dot11 wireless 2/0 | i Channel width</arg>
</arguments>
<assign>
<var>${output}</var>
</assign>
<msg timestamp="20190627 16:23:46.201" level="INFO">show dot11 wireless 2/0 | i Channel width</msg>
<msg timestamp="20190627 16:23:46.402" level="INFO">Channel width................ 40Mhz
AP740-I-newFlash#</msg>
<msg timestamp="20190627 16:23:46.403" level="INFO">${output} =     Channel width................ 40Mhz
AP740-I-newFlash#</msg>
<status status="PASS" starttime="20190627 16:23:46.196" endtime="20190627 16:23:46.403"></status>
</kw>
<kw name="Should Match" library="BuiltIn">
<doc>Fails if the given ``string`` does not match the given ``pattern``.</doc>
<arguments>
<arg>${output}</arg>
<arg>*40Mhz*</arg>
</arguments>
<status status="PASS" starttime="20190627 16:23:46.403" endtime="20190627 16:23:46.404"></status>
</kw>
<kw name="Write" library="Telnet">
<doc>Writes the given text plus a newline into the connection.</doc>
<arguments>
<arg>terminal monitor</arg>
</arguments>
<msg timestamp="20190627 16:23:46.409" level="INFO">terminal monitor</msg>
<status status="PASS" starttime="20190627 16:23:46.404" endtime="20190627 16:23:46.409"></status>
</kw>
<kw name="Write" library="Telnet">
<doc>Writes the given text plus a newline into the connection.</doc>
<arguments>
<arg>debug syslog limit numbers 0 time 0</arg>
</arguments>
<msg timestamp="20190627 16:23:46.612" level="INFO">*Jun 27 16:25:17: %P2058-7-DEBUG: [classifiler][rj_fss_dbg_dump_result][108]interf_list count = 0</msg>
<status status="PASS" starttime="20190627 16:23:46.412" endtime="20190627 16:23:46.613"></status>
</kw>
<kw name="Write" library="Telnet">
<doc>Writes the given text plus a newline into the connection.</doc>
<arguments>
<arg>y</arg>
</arguments>
<msg timestamp="20190627 16:23:46.614" level="INFO">AP740-I-newFlash#debug syslog limit numbers 0 time 0</msg>
<status status="PASS" starttime="20190627 16:23:46.613" endtime="20190627 16:23:46.614"></status>
</kw>
<kw name="Write" library="Telnet">
<doc>Writes the given text plus a newline into the connection.</doc>
<arguments>
<arg>debug syslog limit reset</arg>
</arguments>
<msg timestamp="20190627 16:23:46.616" level="INFO">WARNING: debug number and time will not limit, continue? (y/n) [no]: *Jun 27 16:25:17: %P2058-7-DEBUG: [classifiler][rj_fss_dbg_dump_result][101]</msg>
<status status="PASS" starttime="20190627 16:23:46.614" endtime="20190627 16:23:46.616"></status>
</kw>
<kw name="Write" library="Telnet">
<doc>Writes the given text plus a newline into the connection.</doc>
<arguments>
<arg>co</arg>
</arguments>
<msg timestamp="20190627 16:23:46.617" level="INFO">*Jun 27 16:25:17: %P2058-7-DEBUG: ========================================</msg>
<status status="PASS" starttime="20190627 16:23:46.616" endtime="20190627 16:23:46.617"></status>
</kw>
<kw name="Write" library="Telnet">
<doc>Writes the given text plus a newline into the connection.</doc>
<arguments>
<arg>spectral</arg>
</arguments>
<msg timestamp="20190627 16:23:46.618" level="INFO">y</msg>
<status status="PASS" starttime="20190627 16:23:46.617" endtime="20190627 16:23:46.618"></status>
</kw>
<kw name="Write" library="Telnet">
<doc>Writes the given text plus a newline into the connection.</doc>
<arguments>
<arg>spectral debug level 24</arg>
</arguments>
<msg timestamp="20190627 16:23:46.823" level="INFO">AP740-I-newFlash#debug syslog limit reset</msg>
<status status="PASS" starttime="20190627 16:23:46.618" endtime="20190627 16:23:46.823"></status>
</kw>
<kw name="Write" library="Telnet">
<doc>Writes the given text plus a newline into the connection.</doc>
<arguments>
<arg>spectral debug level 29</arg>
</arguments>
<msg timestamp="20190627 16:23:46.824" level="INFO">AP740-I-newFlash#co</msg>
<status status="PASS" starttime="20190627 16:23:46.824" endtime="20190627 16:23:46.824"></status>
</kw>
<kw name="Write Bare" library="Telnet">
<doc>Writes the given text, and nothing else, into the connection.</doc>
<arguments>
<arg>\r\n</arg>
</arguments>
<status status="PASS" starttime="20190627 16:23:46.825" endtime="20190627 16:23:46.825"></status>
</kw>
<kw name="Sleep" library="BuiltIn">
<doc>Pauses the test executed for the given time.</doc>
<arguments>
<arg>15s</arg>
</arguments>
<msg timestamp="20190627 16:24:01.828" level="INFO">Slept 15 seconds</msg>
<status status="PASS" starttime="20190627 16:23:46.827" endtime="20190627 16:24:01.828"></status>
</kw>
<kw name="Read" library="Telnet">
<doc>Reads everything that is currently available in the output.</doc>
<assign>
<var>${output}</var>
</assign>
<msg timestamp="20190627 16:24:01.865" level="INFO">*Jun 27 16:25:17: %P2058-7-DEBUG: [classifiler][rj_fss_dbg_dump_result][102]radio_id = 2
Enter configuration commands, one per line.  End with CNTL/Z.
AP740-I-newFlash(config)#spectral
AP740-I-newFlash(config-spectral)#spectral debug level 24
AP740-I-newFlash(config-spectral)#*Jun 27 16:25:17: %P2058-7-DEBUG: [classifiler][rj_fss_dbg_dump_result][103]freq = 5250
spectral debug level 29
AP740-I-newFlash(config-spectral)#
AP740-I-newFlash(config-spectral)#*Jun 27 16:25:17: %P2058-7-DEBUG: [classifiler][rj_fss_dbg_dump_result][104]ch_width = 160
*Jun 27 16:25:17: %P2058-7-DEBUG: [classifiler][rj_fss_dbg_dump_result][105]spectral_tstamp = 61037185
*Jun 27 16:25:17: %P2058-7-DEBUG: [classifiler][rj_fss_dbg_dump_result][106]spectral_rssi = 3
*Jun 27 16:25:17: %P2058-7-DEBUG: [classifiler][rj_fss_dbg_dump_result][107]bin_pwr_count = 416
*Jun 27 16:25:17: %P2058-7-DEBUG: [classifiler][rj_fss_dbg_dump_result][108]interf_list count = 0
*Jun 27 16:25:17: %P2058-7-DEBUG: [classifiler][rj_fss_dbg_dump_result][101]
*Jun 27 16:25:18: %P2058-7-DEBUG: ========================================
*Jun 27 16:25:18: %P2058-7-DEBUG: [classifiler][rj_fss_dbg_dump_result][102]radio_id = 2
*Jun 27 16:25:18: %P2058-7-DEBUG: [classifiler][rj_fss_dbg_dump_result][103]freq = 5250
*Jun 27 16:25:18: %P2058-7-DEBUG: [classifiler][rj_fss_dbg_dump_result][104]ch_width = 160
*Jun 27 16:25:18: %P2058-7-DEBUG: [classifiler][rj_fss_dbg_dump_result][105]spectral_tstamp = 61037236
*Jun 27 16:25:18: %P2058-7-DEBUG: [classifiler][rj_fss_dbg_dump_result][106]spectral_rssi = 4
*Jun 27 16:25:18: %P2058-7-DEBUG: [classifiler][rj_fss_dbg_dump_result][107]bin_pwr_count = 416
*Jun 27 16:25:18: %P2058-7-DEBUG: [classifiler][rj_fss_dbg_dump_result][108]interf_list count = 0
*Jun 27 16:25:18: %P2058-7-DEBUG: [classifiler][rj_fss_dbg_dump_result][101]
*Jun 27 16:25:18: %P2058-7-DEBUG: ========================================
*Jun 27 16:25:18: %P2058-7-DEBUG: [classifiler][rj_fss_dbg_dump_result][102]radio_id = 2
*Jun 27 16:25:19: %P2058-7-DEBUG: [classifiler][rj_fss_dbg_dump_result][103]freq = 5250
*Jun 27 16:25:19: %P2058-7-DEBUG: [classifiler][rj_fss_dbg_dump_result][104]ch_width = 160
*Jun 27 16:25:19: %P2058-7-DEBUG: [classifiler][rj_fss_dbg_dump_result][105]spectral_tstamp = 61037283
*Jun 27 16:25:19: %P2058-7-DEBUG: [classifiler][rj_fss_dbg_dump_result][106]spectral_rssi = 3
*Jun 27 16:25:19: %P2058-7-DEBUG: [classifiler][rj_fss_dbg_dump_result][107]bin_pwr_count = 416
*Jun 27 16:25:19: %P2058-7-DEBUG: [classifiler][rj_fss_dbg_dump_result][108]interf_list count = 0
*Jun 27 16:25:19: %P2058-7-DEBUG: [classifiler][rj_fss_dbg_dump_result][101]
*Jun 27 16:25:19: %P2058-7-DEBUG: ========================================
*Jun 27 16:25:19: %P2058-7-DEBUG: [classifiler][rj_fss_dbg_dump_result][102]radio_id = 2
*Jun 27 16:25:19: %P2058-7-DEBUG: [classifiler][rj_fss_dbg_dump_result][103]freq = 5250
*Jun 27 16:25:20: %P2058-7-DEBUG: [classifiler][rj_fss_dbg_dump_result][104]ch_width = 160
*Jun 27 16:25:20: %P2058-7-DEBUG: [classifiler][rj_fss_dbg_dump_result][105]spectral_tstamp = 61037331
*Jun 27 16:25:20: %P2058-7-DEBUG: [classifiler][rj_fss_dbg_dump_result][106]spectral_rssi = 5
*Jun 27 16:25:20: %P2058-7-DEBUG: [classifiler][rj_fss_dbg_dump_result][107]bin_pwr_count = 416
*Jun 27 16:25:20: %P2058-7-DEBUG: [classifiler][rj_fss_dbg_dump_result][108]interf_list count = 0
*Jun 27 16:25:20: %P2058-7-DEBUG: [classifiler][rj_fss_dbg_dump_result][101]
*Jun 27 16:25:20: %P2058-7-DEBUG: [classifiler][rj_fss_dbg_dump_result][101]
*Jun 27 16:25:20: %P2058-7-DEBUG: ========================================
*Jun 27 16:25:20: %P2058-7-DEBUG: [classifiler][rj_fss_dbg_dump_result][102]radio_id = 2
*Jun 27 16:25:20: %P2058-7-DEBUG: [classifiler][rj_fss_dbg_dump_result][103]freq = 5250
*Jun 27 16:25:20: %P2058-7-DEBUG: [classifiler][rj_fss_dbg_dump_result][104]ch_width = 160
*Jun 27 16:25:21: %P2058-7-DEBUG: [classifiler][rj_fss_dbg_dump_result][105]spectral_tstamp = 86967703
*Jun 27 16:25:21: %P2058-7-DEBUG: [classifiler][rj_fss_dbg_dump_result][106]spectral_rssi = 5
*Jun 27 16:25:21: %P2058-7-DEBUG: [classifiler][rj_fss_dbg_dump_result][107]bin_pwr_count = 416
*Jun 27 16:25:21: %P2058-7-DEBUG: [classifiler][rj_fss_dbg_dump_result][108]interf_list count = 0
*Jun 27 16:25:21: %P2058-7-DEBUG: [classifiler][rj_fss_dbg_dump_result][101]
*Jun 27 16:25:21: %P2058-7-DEBUG: ========================================
*Jun 27 16:25:21: %P2058-7-DEBUG: [classifiler][rj_fss_dbg_dump_result][102]radio_id = 2
*Jun 27 16:25:21: %P2058-7-DEBUG: [classifiler][rj_fss_dbg_dump_result][103]freq = 5250
*Jun 27 16:25:21: %P2058-7-DEBUG: [classifiler][rj_fss_dbg_dump_result][104]ch_width = 160
*Jun 27 16:25:21: %P2058-7-DEBUG: [classifiler][rj_fss_dbg_dump_result][105]spectral_tstamp = 86967751
*Jun 27 16:25:22: %P2058-7-DEBUG: [classifiler][rj_fss_dbg_dump_result][106]spectral_rssi = 4
*Jun 27 16:25:22: %P2058-7-DEBUG: [classifiler][rj_fss_dbg_dump_result][107]bin_pwr_count = 416
*Jun 27 16:25:22: %P2058-7-DEBUG: [classifiler][rj_fss_dbg_dump_result][108]interf_list count = 0
*Jun 27 16:25:22: %P2058-7-DEBUG: [classifiler][rj_fss_dbg_dump_result][101]
*Jun 27 16:25:22: %P2058-7-DEBUG: ========================================
*Jun 27 16:25:22: %P2058-7-DEBUG: [classifiler][rj_fss_dbg_dump_result][102]radio_id = 2
*Jun 27 16:25:22: %P2058-7-DEBUG: [classifiler][rj_fss_dbg_dump_result][103]freq = 5250
*Jun 27 16:25:22: %P2058-7-DEBUG: [classifiler][rj_fss_dbg_dump_result][104]ch_width = 160
*Jun 27 16:25:22: %P2058-7-DEBUG: [classifiler][rj_fss_dbg_dump_result][105]spectral_tstamp = 86967799
*Jun 27 16:25:22: %P2058-7-DEBUG: [classifiler][rj_fss_dbg_dump_result][106]spectral_rssi = 3
*Jun 27 16:25:22: %P2058-7-DEBUG: [classifiler][rj_fss_dbg_dump_result][107]bin_pwr_count = 416
*Jun 27 16:25:23: %P2058-7-DEBUG: [classifiler][rj_fss_dbg_dump_result][108]interf_list count = 0
*Jun 27 16:25:23: %P2058-7-DEBUG: [classifiler][rj_fss_dbg_dump_result][101]
*Jun 27 16:25:23: %P2058-7-DEBUG: ========================================
*Jun 27 16:25:23: %P2058-7-DEBUG: [classifiler][rj_fss_dbg_dump_result][102]radio_id = 2
*Jun 27 16:25:23: %P2058-7-DEBUG: [classifiler][rj_fss_dbg_dump_result][103]freq = 5250
*Jun 27 16:25:23: %P2058-7-DEBUG: [classifiler][rj_fss_dbg_dump_result][104]ch_width = 160
*Jun 27 16:25:23: %P2058-7-DEBUG: [classifiler][rj_fss_dbg_dump_result][105]spectral_tstamp = 86967850
*Jun 27 16:25:23: %P2058-7-DEBUG: [classifiler][rj_fss_dbg_dump_result][106]spectral_rssi = 5
*Jun 27 16:25:23: %P2058-7-DEBUG: [classifiler][rj_fss_dbg_dump_result][107]bin_pwr_count = 416
*Jun 27 16:25:23: %P2058-7-DEBUG: [classifiler][rj_fss_dbg_dump_result][108]interf_list count = 0
*Jun 27 16:25:24: %P2058-7-DEBUG: [classifiler][rj_fss_dbg_dump_result][101]
*Jun 27 16:25:24: %P2058-7-DEBUG: ========================================
*Jun 27 16:25:24: %P2058-7-DEBUG: [classifiler][rj_fss_dbg_dump_result][102]radio_id = 2
*Jun 27 16:25:24: %P2058-7-DEBUG: [classifiler][rj_fss_dbg_dump_result][103]freq = 5250
*Jun 27 16:25:24: %P2058-7-DEBUG: [classifiler][rj_fss_dbg_dump_result][104]ch_width = 160
*Jun 27 16:25:24: %P2058-7-DEBUG: [classifiler][rj_fss_dbg_dump_result][105]spectral_tstamp = 86967898
*Jun 27 16:25:24: %P2058-7-DEBUG: [classifiler][rj_fss_dbg_dump_result][106]spectral_rssi = 3
*Jun 27 16:25:24: %P2058-7-DEBUG: [classifiler][rj_fss_dbg_dump_result][107]bin_pwr_count = 416
*Jun 27 16:25:24: %P2058-7-DEBUG: [classifiler][rj_fss_dbg_dump_result][108]interf_list count = 0
*Jun 27 16:25:24: %P2058-7-DEBUG: [classifiler][rj_fss_dbg_dump_result][101]
*Jun 27 16:25:24: %P2058-7-DEBUG: ========================================
*Jun 27 16:25:25: %P2058-7-DEBUG: [classifiler][rj_fss_dbg_dump_result][102]radio_id = 2
*Jun 27 16:25:25: %P2058-7-DEBUG: [classifiler][rj_fss_dbg_dump_result][103]freq = 5250
*Jun 27 16:25:25: %P2058-7-DEBUG: [classifiler][rj_fss_dbg_dump_result][104]ch_width = 160
*Jun 27 16:25:25: %P2058-7-DEBUG: [classifiler][rj_fss_dbg_dump_result][105]spectral_tstamp = 86967946
*Jun 27 16:25:25: %P2058-7-DEBUG: [classifiler][rj_fss_dbg_dump_result][106]spectral_rssi = 3
*Jun 27 16:25:25: %P2058-7-DEBUG: [classifiler][rj_fss_dbg_dump_result][107]bin_pwr_count = 416
*Jun 27 16:25:25: %P2058-7-DEBUG: [classifiler][rj_fss_dbg_dump_result][108]interf_list count = 0
*Jun 27 16:25:25: %P2058-7-DEBUG: [classifiler][rj_fss_dbg_dump_result][101]
*Jun 27 16:25:25: %P2058-7-DEBUG: ========================================
*Jun 27 16:25:25: %P2058-7-DEBUG: [classifiler][rj_fss_dbg_dump_result][102]radio_id = 2
*Jun 27 16:25:25: %P2058-7-DEBUG: [classifiler][rj_fss_dbg_dump_result][103]freq = 5250
*Jun 27 16:25:26: %P2058-7-DEBUG: [classifiler][rj_fss_dbg_dump_result][104]ch_width = 160
*Jun 27 16:25:26: %P2058-7-DEBUG: [classifiler][rj_fss_dbg_dump_result][105]spectral_tstamp = 86967997
*Jun 27 16:25:26: %P2058-7-DEBUG: [classifiler][rj_fss_dbg_dump_result][106]spectral_rssi = 4
*Jun 27 16:25:26: %P2058-7-DEBUG: [classifiler][rj_fss_dbg_dump_result][107]bin_pwr_count = 416
*Jun 27 16:25:26: %P2058-7-DEBUG: [classifiler][rj_fss_dbg_dump_result][108]interf_list count = 0
*Jun 27 16:25:26: %P2058-7-DEBUG: [classifiler][rj_fss_dbg_dump_result][101]
*Jun 27 16:25:26: %P2058-7-DEBUG: ========================================
*Jun 27 16:25:26: %P2058-7-DEBUG: [classifiler][rj_fss_dbg_dump_result][102]radio_id = 2
*Jun 27 16:25:26: %P2058-7-DEBUG: [classifiler][rj_fss_dbg_dump_result][103]freq = 5250
*Jun 27 16:25:26: %P2058-7-DEBUG: [classifiler][rj_fss_dbg_dump_result][104]ch_width = 160
*Jun 27 16:25:27: %P2058-7-DEBUG: [classifiler][rj_fss_dbg_dump_result][105]spectral_tstamp = 86968045
*Jun 27 16:25:27: %P2058-7-DEBUG: [classifiler][rj_fss_dbg_dump_result][106]spectral_rssi = 5
*Jun 27 16:25:27: %P2058-7-DEBUG: [classifiler][rj_fss_dbg_dump_result][107]bin_pwr_count = 416
*Jun 27 16:25:27: %P2058-7-DEBUG: [classifiler][rj_fss_dbg_dump_result][108]interf_list count = 0
*Jun 27 16:25:27: %P2058-7-DEBUG: [classifiler][rj_fss_dbg_dump_result][101]
*Jun 27 16:25:27: %P2058-7-DEBUG: ========================================
*Jun 27 16:25:27: %P2058-7-DEBUG: [classifiler][rj_fss_dbg_dump_result][102]radio_id = 2
*Jun 27 16:25:27: %P2058-7-DEBUG: [classifiler][rj_fss_dbg_dump_result][103]freq = 5250
*Jun 27 16:25:27: %P2058-7-DEBUG: [classifiler][rj_fss_dbg_dump_result][104]ch_width = 160
*Jun 27 16:25:27: %P2058-7-DEBUG: [classifiler][rj_fss_dbg_dump_result][105]spectral_tstamp = 86968092
*Jun 27 16:25:27: %P2058-7-DEBUG: [classifiler][rj_fss_dbg_dump_result][106]spectral_rssi = 3
*Jun 27 16:25:28: %P2058-7-DEBUG: [classifiler][rj_fss_dbg_dump_result][107]bin_pwr_count = 416
*Jun 27 16:25:28: %P2058-7-DEBUG: [classifiler][rj_fss_dbg_dump_result][108]interf_list count = 0
*Jun 27 16:25:28: %P2058-7-DEBUG: [classifiler][rj_fss_dbg_dump_result][101]
*Jun 27 16:25:28: %P2058-7-DEBUG: ========================================
*Jun 27 16:25:28: %P2058-7-DEBUG: [classifiler][rj_fss_dbg_dump_result][102]radio_id = 2
*Jun 27 16:25:28: %P2058-7-DEBUG: [classifiler][rj_fss_dbg_dump_result][103]freq = 5250
*Jun 27 16:25:28: %P2058-7-DEBUG: [classifiler][rj_fss_dbg_dump_result][104]ch_width = 160
*Jun 27 16:25:28: %P2058-7-DEBUG: [classifiler][rj_fss_dbg_dump_result][105]spectral_tstamp = 86968143
*Jun 27 16:25:28: %P2058-7-DEBUG: [classifiler][rj_fss_dbg_dump_result][106]spectral_rssi = 4
*Jun 27 16:25:28: %P2058-7-DEBUG: [classifiler][rj_fss_dbg_dump_result][107]bin_pwr_count = 416
*Jun 27 16:25:29: %P2058-7-DEBUG: [classifiler][rj_fss_dbg_dump_result][108]interf_list count = 0
*Jun 27 16:25:29: %P2058-7-DEBUG: [classifiler][rj_fss_dbg_dump_result][101]
*Jun 27 16:25:29: %P2058-7-DEBUG: ========================================
*Jun 27 16:25:29: %P2058-7-DEBUG: [classifiler][rj_fss_dbg_dump_result][102]radio_id = 2
*Jun 27 16:25:29: %P2058-7-DEBUG: [classifiler][rj_fss_dbg_dump_result][103]freq = 5250
*Jun 27 16:25:29: %P2058-7-DEBUG: [classifiler][rj_fss_dbg_dump_result][104]ch_width = 160
*Jun 27 16:25:29: %P2058-7-DEBUG: [classifiler][rj_fss_dbg_dump_result][105]spectral_tstamp = 86968191
*Jun 27 16:25:29: %P2058-7-DEBUG: [classifiler][rj_fss_dbg_dump_result][106]spectral_rssi = 3
*Jun 27 16:25:29: %P2058-7-DEBUG: [classifiler][rj_fss_dbg_dump_result][107]bin_pwr_count = 416
*Jun 27 16:25:29: %P2058-7-DEBUG: [classifiler][rj_fss_dbg_dump_result][108]interf_list count = 0
*Jun 27 16:25:30: %P2058-7-DEBUG: [classifiler][rj_fss_dbg_dump_result][101]
*Jun 27 16:25:30: %P2058-7-DEBUG: ========================================
*Jun 27 16:25:30: %P2058-7-DEBUG: [classifiler][rj_fss_dbg_dump_result][102]radio_id = 2
*Jun 27 16:25:30: %P2058-7-DEBUG: [classifiler][rj_fss_dbg_dump_result][103]freq = 5250
*Jun 27 16:25:30: %P2058-7-DEBUG: [classifiler][rj_fss_dbg_dump_result][104]ch_width = 160
*Jun 27 16:25:30: %P2058-7-DEBUG: [classifiler][rj_fss_dbg_dump_result][105]spectral_tstamp = 86968239
*Jun 27 16:25:30: %P2058-7-DEBUG: [classifiler][rj_fss_dbg_dump_result][106]spectral_rssi = 4
*Jun 27 16:25:30: %P2058-7-DEBUG: [classifiler][rj_fss_dbg_dump_result][107]bin_pwr_count = 416
*Jun 27 16:25:30: %P2058-7-DEBUG: [classifiler][rj_fss_dbg_dump_result][108]interf_list count = 0
*Jun 27 16:25:30: %P2058-7-DEBUG: [classifiler][rj_fss_dbg_dump_result][101]
*Jun 27 16:25:30: %P2058-7-DEBUG: ========================================
*Jun 27 16:25:31: %P2058-7-DEBUG: [classifiler][rj_fss_dbg_dump_result][102]radio_id = 2
*Jun 27 16:25:31: %P2058-7-DEBUG: [classifiler][rj_fss_dbg_dump_result][103]freq = 5250
*Jun 27 16:25:31: %P2058-7-DEBUG: [classifiler][rj_fss_dbg_dump_result][104]ch_width = 160
*Jun 27 16:25:31: %P2058-7-DEBUG: [classifiler][rj_fss_dbg_dump_result][105]spectral_tstamp = 86968287
*Jun 27 16:25:31: %P2058-7-DEBUG: [classifiler][rj_fss_dbg_dump_result][106]spectral_rssi = 3
*Jun 27 16:25:31: %P2058-7-DEBUG: [classifiler][rj_fss_dbg_dump_result][107]bin_pwr_count = 416
*Jun 27 16:25:31: %P2058-7-DEBUG: [classifiler][rj_fss_dbg_dump_result][108]interf_list count = 0
*Jun 27 16:25:31: %P2058-7-DEBUG: [classifiler][rj_fss_dbg_dump_result][101]
*Jun 27 16:25:31: %P2058-7-DEBUG: ========================================
*Jun 27 16:25:31: %P2058-7-DEBUG: [classifiler][rj_fss_dbg_dump_result][102]radio_id = 2
*Jun 27 16:25:31: %P2058-7-DEBUG: [classifiler][rj_fss_dbg_dump_result][103]freq = 5250
*Jun 27 16:25:32: %P2058-7-DEBUG: [classifiler][rj_fss_dbg_dump_result][104]ch_width = 160
*Jun 27 16:25:32: %P2058-7-DEBUG: [classifiler][rj_fss_dbg_dump_result][105]spectral_tstamp = 86968337
*Jun 27 16:25:32: %P2058-7-DEBUG: [classifiler][rj_fss_dbg_dump_result][106]spectral_rssi = 3
*Jun 27 16:25:32: %P2058-7-DEBUG: [classifiler][rj_fss_dbg_dump_result][107]bin_pwr_count = 416</msg>
<msg timestamp="20190627 16:24:01.866" level="INFO">${output} = *Jun 27 16:25:17: %P2058-7-DEBUG: [classifiler][rj_fss_dbg_dump_result][102]radio_id = 2
Enter configuration commands, one per line.  End with CNTL/Z.
AP740-I-newFlash(config)#spectral
AP740-I-ne...</msg>
<status status="PASS" starttime="20190627 16:24:01.828" endtime="20190627 16:24:01.866"></status>
</kw>
<kw name="Write" library="Telnet">
<doc>Writes the given text plus a newline into the connection.</doc>
<arguments>
<arg>no spectral debug level</arg>
</arguments>
<msg timestamp="20190627 16:24:01.872" level="INFO">no spectral debug level</msg>
<status status="PASS" starttime="20190627 16:24:01.867" endtime="20190627 16:24:01.872"></status>
</kw>
<kw name="Sleep" library="BuiltIn">
<doc>Pauses the test executed for the given time.</doc>
<arguments>
<arg>60s</arg>
</arguments>
<msg timestamp="20190627 16:25:01.873" level="INFO">Slept 1 minute</msg>
<status status="PASS" starttime="20190627 16:24:01.872" endtime="20190627 16:25:01.873"></status>
</kw>
<kw name="Read" library="Telnet">
<doc>Reads everything that is currently available in the output.</doc>
<assign>
<var>${output}</var>
</assign>
<msg timestamp="20190627 16:25:01.934" level="INFO">*Jun 27 16:25:32: %P2058-7-DEBUG: [classifiler][rj_fss_dbg_dump_result][108]interf_list count = 0
AP740-I-newFlash(config-spectral)#*Jun 27 16:25:32: %P2058-7-DEBUG: [classifiler][rj_fss_dbg_dump_result][101]
*Jun 27 16:25:32: %P2058-7-DEBUG: ========================================
*Jun 27 16:25:32: %P2058-7-DEBUG: [classifiler][rj_fss_dbg_dump_result][102]radio_id = 2
*Jun 27 16:25:32: %P2058-7-DEBUG: [classifiler][rj_fss_dbg_dump_result][103]freq = 5250
*Jun 27 16:25:32: %P2058-7-DEBUG: [classifiler][rj_fss_dbg_dump_result][104]ch_width = 160
*Jun 27 16:25:33: %P2058-7-DEBUG: [classifiler][rj_fss_dbg_dump_result][105]spectral_tstamp = 86968385
*Jun 27 16:25:33: %P2058-7-DEBUG: [classifiler][rj_fss_dbg_dump_result][106]spectral_rssi = 3
*Jun 27 16:25:33: %P2058-7-DEBUG: [classifiler][rj_fss_dbg_dump_result][107]bin_pwr_count = 416
*Jun 27 16:25:33: %P2058-7-DEBUG: [classifiler][rj_fss_dbg_dump_result][108]interf_list count = 0
*Jun 27 16:25:33: %P2058-7-DEBUG: [classifiler][rj_fss_dbg_dump_result][101]
*Jun 27 16:25:33: %P2058-7-DEBUG: ========================================
*Jun 27 16:25:33: %P2058-7-DEBUG: [classifiler][rj_fss_dbg_dump_result][102]radio_id = 2
*Jun 27 16:25:33: %P2058-7-DEBUG: [classifiler][rj_fss_dbg_dump_result][103]freq = 5250
*Jun 27 16:25:33: %P2058-7-DEBUG: [classifiler][rj_fss_dbg_dump_result][104]ch_width = 160
*Jun 27 16:25:33: %P2058-7-DEBUG: [classifiler][rj_fss_dbg_dump_result][105]spectral_tstamp = 86968433
*Jun 27 16:25:33: %P2058-7-DEBUG: [classifiler][rj_fss_dbg_dump_result][106]spectral_rssi = 2
*Jun 27 16:25:34: %P2058-7-DEBUG: [classifiler][rj_fss_dbg_dump_result][107]bin_pwr_count = 416
*Jun 27 16:25:34: %P2058-7-DEBUG: [classifiler][rj_fss_dbg_dump_result][108]interf_list count = 0
*Jun 27 16:25:34: %P2058-7-DEBUG: [classifiler][rj_fss_dbg_dump_result][101]
*Jun 27 16:25:34: %P2058-7-DEBUG: ========================================
*Jun 27 16:25:34: %P2058-7-DEBUG: [classifiler][rj_fss_dbg_dump_result][102]radio_id = 2
*Jun 27 16:25:34: %P2058-7-DEBUG: [classifiler][rj_fss_dbg_dump_result][103]freq = 5250
*Jun 27 16:25:34: %P2058-7-DEBUG: [classifiler][rj_fss_dbg_dump_result][104]ch_width = 160
*Jun 27 16:25:34: %P2058-7-DEBUG: [classifiler][rj_fss_dbg_dump_result][105]spectral_tstamp = 86968578
*Jun 27 16:25:34: %P2058-7-DEBUG: [classifiler][rj_fss_dbg_dump_result][106]spectral_rssi = 3
*Jun 27 16:25:34: %P2058-7-DEBUG: [classifiler][rj_fss_dbg_dump_result][107]bin_pwr_count = 416
*Jun 27 16:25:35: %P2058-7-DEBUG: [classifiler][rj_fss_dbg_dump_result][108]interf_list count = 0
*Jun 27 16:25:35: %P2058-7-DEBUG: [classifiler][rj_fss_dbg_dump_result][101]
*Jun 27 16:25:35: %P2058-7-DEBUG: ========================================
*Jun 27 16:25:35: %P2058-7-DEBUG: [classifiler][rj_fss_dbg_dump_result][102]radio_id = 2
*Jun 27 16:25:35: %P2058-7-DEBUG: [classifiler][rj_fss_dbg_dump_result][103]freq = 5250
*Jun 27 16:25:35: %P2058-7-DEBUG: [classifiler][rj_fss_dbg_dump_result][104]ch_width = 160
*Jun 27 16:25:35: %P2058-7-DEBUG: [classifiler][rj_fss_dbg_dump_result][105]spectral_tstamp = 86968608
*Jun 27 16:25:35: %P2058-7-DEBUG: [classifiler][rj_fss_dbg_dump_result][106]spectral_rssi = 4
*Jun 27 16:25:35: %P2058-7-DEBUG: [classifiler][rj_fss_dbg_dump_result][107]bin_pwr_count = 416
*Jun 27 16:25:35: %P2058-7-DEBUG: [classifiler][rj_fss_dbg_dump_result][108]interf_list count = 0
*Jun 27 16:25:35: %P2058-7-DEBUG: [classifiler][rj_fss_dbg_dump_result][101]
*Jun 27 16:25:36: %P2058-7-DEBUG: ========================================
*Jun 27 16:25:36: %P2058-7-DEBUG: [classifiler][rj_fss_dbg_dump_result][102]radio_id = 2
*Jun 27 16:25:36: %P2058-7-DEBUG: [classifiler][rj_fss_dbg_dump_result][103]freq = 5250
*Jun 27 16:25:36: %P2058-7-DEBUG: [classifiler][rj_fss_dbg_dump_result][104]ch_width = 160
*Jun 27 16:25:36: %P2058-7-DEBUG: [classifiler][rj_fss_dbg_dump_result][105]spectral_tstamp = 86968635
*Jun 27 16:25:36: %P2058-7-DEBUG: [classifiler][rj_fss_dbg_dump_result][106]spectral_rssi = 4
*Jun 27 16:25:36: %P2058-7-DEBUG: [classifiler][rj_fss_dbg_dump_result][107]bin_pwr_count = 416
*Jun 27 16:25:36: %P2058-7-DEBUG: [classifiler][rj_fss_dbg_dump_result][108]interf_list count = 0
*Jun 27 16:25:36: %P2058-7-DEBUG: [classifiler][rj_fss_dbg_dump_result][101]
*Jun 27 16:25:36: %P2058-7-DEBUG: ========================================
*Jun 27 16:25:36: %P2058-7-DEBUG: [classifiler][rj_fss_dbg_dump_result][102]radio_id = 2
*Jun 27 16:25:37: %P2058-7-DEBUG: [classifiler][rj_fss_dbg_dump_result][103]freq = 5250
*Jun 27 16:25:37: %P2058-7-DEBUG: [classifiler][rj_fss_dbg_dump_result][104]ch_width = 160
*Jun 27 16:25:37: %P2058-7-DEBUG: [classifiler][rj_fss_dbg_dump_result][105]spectral_tstamp = 86968662
*Jun 27 16:25:37: %P2058-7-DEBUG: [classifiler][rj_fss_dbg_dump_result][106]spectral_rssi = 4
*Jun 27 16:25:37: %P2058-7-DEBUG: [classifiler][rj_fss_dbg_dump_result][107]bin_pwr_count = 416
*Jun 27 16:25:37: %P2058-7-DEBUG: [classifiler][rj_fss_dbg_dump_result][108]interf_list count = 0
*Jun 27 16:25:37: %P2058-7-DEBUG: [classifiler][rj_fss_dbg_dump_result][101]
*Jun 27 16:25:37: %P2058-7-DEBUG: ========================================
*Jun 27 16:25:37: %P2058-7-DEBUG: [classifiler][rj_fss_dbg_dump_result][102]radio_id = 2
*Jun 27 16:25:37: %P2058-7-DEBUG: [classifiler][rj_fss_dbg_dump_result][103]freq = 5250
*Jun 27 16:25:38: %P2058-7-DEBUG: [classifiler][rj_fss_dbg_dump_result][104]ch_width = 160
*Jun 27 16:25:38: %P2058-7-DEBUG: [classifiler][rj_fss_dbg_dump_result][105]spectral_tstamp = 86968690
*Jun 27 16:25:38: %P2058-7-DEBUG: [classifiler][rj_fss_dbg_dump_result][106]spectral_rssi = 5
*Jun 27 16:25:38: %P2058-7-DEBUG: [classifiler][rj_fss_dbg_dump_result][107]bin_pwr_count = 416
*Jun 27 16:25:38: %P2058-7-DEBUG: [classifiler][rj_fss_dbg_dump_result][108]interf_list count = 0
*Jun 27 16:25:38: %P2058-7-DEBUG: [classifiler][rj_fss_dbg_dump_result][101]
*Jun 27 16:25:38: %P2058-7-DEBUG: ========================================
*Jun 27 16:25:38: %P2058-7-DEBUG: [classifiler][rj_fss_dbg_dump_result][102]radio_id = 2
*Jun 27 16:25:38: %P2058-7-DEBUG: [classifiler][rj_fss_dbg_dump_result][103]freq = 5250
*Jun 27 16:25:38: %P2058-7-DEBUG: [classifiler][rj_fss_dbg_dump_result][104]ch_width = 160
*Jun 27 16:25:38: %P2058-7-DEBUG: [classifiler][rj_fss_dbg_dump_result][105]spectral_tstamp = 86968717
*Jun 27 16:25:39: %P2058-7-DEBUG: [classifiler][rj_fss_dbg_dump_result][106]spectral_rssi = 4
*Jun 27 16:25:39: %P2058-7-DEBUG: [classifiler][rj_fss_dbg_dump_result][107]bin_pwr_count = 416
*Jun 27 16:25:39: %P2058-7-DEBUG: [classifiler][rj_fss_dbg_dump_result][108]interf_list count = 0
*Jun 27 16:25:39: %P2058-7-DEBUG: [classifiler][rj_fss_dbg_dump_result][101]
*Jun 27 16:25:39: %P2058-7-DEBUG: ========================================
*Jun 27 16:25:39: %P2058-7-DEBUG: [classifiler][rj_fss_dbg_dump_result][102]radio_id = 2
*Jun 27 16:25:39: %P2058-7-DEBUG: [classifiler][rj_fss_dbg_dump_result][103]freq = 5250
*Jun 27 16:25:39: %P2058-7-DEBUG: [classifiler][rj_fss_dbg_dump_result][104]ch_width = 160
*Jun 27 16:25:39: %P2058-7-DEBUG: [classifiler][rj_fss_dbg_dump_result][105]spectral_tstamp = 86968812
*Jun 27 16:25:39: %P2058-7-DEBUG: [classifiler][rj_fss_dbg_dump_result][106]spectral_rssi = 3
*Jun 27 16:25:40: %P2058-7-DEBUG: [classifiler][rj_fss_dbg_dump_result][107]bin_pwr_count = 416
*Jun 27 16:25:40: %P2058-7-DEBUG: [classifiler][rj_fss_dbg_dump_result][108]interf_list count = 0
*Jun 27 16:25:40: %P2058-7-DEBUG: [classifiler][rj_fss_dbg_dump_result][101]
*Jun 27 16:25:40: %P2058-7-DEBUG: ========================================
*Jun 27 16:25:40: %P2058-7-DEBUG: [classifiler][rj_fss_dbg_dump_result][102]radio_id = 2
*Jun 27 16:25:40: %P2058-7-DEBUG: [classifiler][rj_fss_dbg_dump_result][103]freq = 5250
*Jun 27 16:25:40: %P2058-7-DEBUG: [classifiler][rj_fss_dbg_dump_result][104]ch_width = 160
*Jun 27 16:25:40: %P2058-7-DEBUG: [classifiler][rj_fss_dbg_dump_result][105]spectral_tstamp = 86968840
*Jun 27 16:25:40: %P2058-7-DEBUG: [classifiler][rj_fss_dbg_dump_result][106]spectral_rssi = 4
*Jun 27 16:25:40: %P2058-7-DEBUG: [classifiler][rj_fss_dbg_dump_result][107]bin_pwr_count = 416
*Jun 27 16:25:41: %P2058-7-DEBUG: [classifiler][rj_fss_dbg_dump_result][108]interf_list count = 0
*Jun 27 16:25:41: %P2058-7-DEBUG: [classifiler][rj_fss_dbg_dump_result][101]
*Jun 27 16:25:41: %P2058-7-DEBUG: ========================================
*Jun 27 16:25:41: %P2058-7-DEBUG: [classifiler][rj_fss_dbg_dump_result][102]radio_id = 2
*Jun 27 16:25:41: %P2058-7-DEBUG: [classifiler][rj_fss_dbg_dump_result][103]freq = 5250
*Jun 27 16:25:41: %P2058-7-DEBUG: [classifiler][rj_fss_dbg_dump_result][104]ch_width = 160
*Jun 27 16:25:41: %P2058-7-DEBUG: [classifiler][rj_fss_dbg_dump_result][105]spectral_tstamp = 86968867
*Jun 27 16:25:41: %P2058-7-DEBUG: [classifiler][rj_fss_dbg_dump_result][106]spectral_rssi = 4
*Jun 27 16:25:41: %P2058-7-DEBUG: [classifiler][rj_fss_dbg_dump_result][107]bin_pwr_count = 416
*Jun 27 16:25:41: %P2058-7-DEBUG: [classifiler][rj_fss_dbg_dump_result][108]interf_list count = 0
*Jun 27 16:25:41: %P2058-7-DEBUG: [classifiler][rj_fss_dbg_dump_result][101]
*Jun 27 16:25:42: %P2058-7-DEBUG: ========================================
*Jun 27 16:25:42: %P2058-7-DEBUG: [classifiler][rj_fss_dbg_dump_result][102]radio_id = 2
*Jun 27 16:25:42: %P2058-7-DEBUG: [classifiler][rj_fss_dbg_dump_result][103]freq = 5250
*Jun 27 16:25:42: %P2058-7-DEBUG: [classifiler][rj_fss_dbg_dump_result][104]ch_width = 160
*Jun 27 16:25:42: %P2058-7-DEBUG: [classifiler][rj_fss_dbg_dump_result][105]spectral_tstamp = 86968937
*Jun 27 16:25:42: %P2058-7-DEBUG: [classifiler][rj_fss_dbg_dump_result][106]spectral_rssi = 4
*Jun 27 16:25:42: %P2058-7-DEBUG: [classifiler][rj_fss_dbg_dump_result][107]bin_pwr_count = 416
*Jun 27 16:25:42: %P2058-7-DEBUG: [classifiler][rj_fss_dbg_dump_result][108]interf_list count = 0
*Jun 27 16:25:42: %P2058-7-DEBUG: [classifiler][rj_fss_dbg_dump_result][101]
*Jun 27 16:25:42: %P2058-7-DEBUG: ========================================
*Jun 27 16:25:42: %P2058-7-DEBUG: [classifiler][rj_fss_dbg_dump_result][102]radio_id = 2
*Jun 27 16:25:43: %P2058-7-DEBUG: [classifiler][rj_fss_dbg_dump_result][103]freq = 5250
*Jun 27 16:25:43: %P2058-7-DEBUG: [classifiler][rj_fss_dbg_dump_result][104]ch_width = 160
*Jun 27 16:25:43: %P2058-7-DEBUG: [classifiler][rj_fss_dbg_dump_result][105]spectral_tstamp = 86968964
*Jun 27 16:25:43: %P2058-7-DEBUG: [classifiler][rj_fss_dbg_dump_result][106]spectral_rssi = 3
*Jun 27 16:25:43: %P2058-7-DEBUG: [classifiler][rj_fss_dbg_dump_result][107]bin_pwr_count = 416
*Jun 27 16:25:43: %P2058-7-DEBUG: [classifiler][rj_fss_dbg_dump_result][108]interf_list count = 0
*Jun 27 16:25:43: %P2058-7-DEBUG: [classifiler][rj_fss_dbg_dump_result][101]
*Jun 27 16:25:43: %P2058-7-DEBUG: ========================================
*Jun 27 16:25:43: %P2058-7-DEBUG: [classifiler][rj_fss_dbg_dump_result][102]radio_id = 2
*Jun 27 16:25:43: %P2058-7-DEBUG: [classifiler][rj_fss_dbg_dump_result][103]freq = 5250
*Jun 27 16:25:44: %P2058-7-DEBUG: [classifiler][rj_fss_dbg_dump_result][104]ch_width = 160
*Jun 27 16:25:44: %P2058-7-DEBUG: [classifiler][rj_fss_dbg_dump_result][105]spectral_tstamp = 86969018
*Jun 27 16:25:44: %P2058-7-DEBUG: [classifiler][rj_fss_dbg_dump_result][106]spectral_rssi = 4
*Jun 27 16:25:44: %P2058-7-DEBUG: [classifiler][rj_fss_dbg_dump_result][107]bin_pwr_count = 416
*Jun 27 16:25:44: %P2058-7-DEBUG: [classifiler][rj_fss_dbg_dump_result][108]interf_list count = 0
*Jun 27 16:25:44: %P2058-7-DEBUG: [classifiler][rj_fss_dbg_dump_result][101]
*Jun 27 16:25:44: %P2058-7-DEBUG: ========================================
*Jun 27 16:25:44: %P2058-7-DEBUG: [classifiler][rj_fss_dbg_dump_result][102]radio_id = 2
*Jun 27 16:25:44: %P2058-7-DEBUG: [classifiler][rj_fss_dbg_dump_result][101]
*Jun 27 16:25:44: %P2058-7-DEBUG: ========================================
*Jun 27 16:25:44: %P2058-7-DEBUG: [classifiler][rj_fss_dbg_dump_result][102]radio_id = 2
*Jun 27 16:25:45: %P2058-7-DEBUG: [classifiler][rj_fss_dbg_dump_result][103]freq = 5250
*Jun 27 16:25:45: %P2058-7-DEBUG: [classifiler][rj_fss_dbg_dump_result][104]ch_width = 160
*Jun 27 16:25:45: %P2058-7-DEBUG: [classifiler][rj_fss_dbg_dump_result][105]spectral_tstamp = 88753777
*Jun 27 16:25:45: %P2058-7-DEBUG: [classifiler][rj_fss_dbg_dump_result][106]spectral_rssi = 7
*Jun 27 16:25:45: %P2058-7-DEBUG: [classifiler][rj_fss_dbg_dump_result][107]bin_pwr_count = 416
*Jun 27 16:25:45: %P2058-7-DEBUG: [classifiler][rj_fss_dbg_dump_result][108]interf_list count = 0
*Jun 27 16:25:45: %P2058-7-DEBUG: [classifiler][rj_fss_dbg_dump_result][101]
*Jun 27 16:25:45: %P2058-7-DEBUG: ========================================
*Jun 27 16:25:45: %P2058-7-DEBUG: [classifiler][rj_fss_dbg_dump_result][102]radio_id = 2
*Jun 27 16:25:45: %P2058-7-DEBUG: [classifiler][rj_fss_dbg_dump_result][103]freq = 5250
*Jun 27 16:25:45: %P2058-7-DEBUG: [classifiler][rj_fss_dbg_dump_result][104]ch_width = 160
*Jun 27 16:25:46: %P2058-7-DEBUG: [classifiler][rj_fss_dbg_dump_result][105]spectral_tstamp = 88753825
*Jun 27 16:25:46: %P2058-7-DEBUG: [classifiler][rj_fss_dbg_dump_result][106]spectral_rssi = 4
*Jun 27 16:25:46: %P2058-7-DEBUG: [classifiler][rj_fss_dbg_dump_result][107]bin_pwr_count = 416
*Jun 27 16:25:46: %P2058-7-DEBUG: [classifiler][rj_fss_dbg_dump_result][108]interf_list count = 0
*Jun 27 16:25:46: %P2058-7-DEBUG: [classifiler][rj_fss_dbg_dump_result][101]
*Jun 27 16:25:46: %P2058-7-DEBUG: ========================================
*Jun 27 16:25:46: %P2058-7-DEBUG: [classifiler][rj_fss_dbg_dump_result][102]radio_id = 2
*Jun 27 16:25:46: %P2058-7-DEBUG: [classifiler][rj_fss_dbg_dump_result][103]freq = 5250
*Jun 27 16:25:46: %P2058-7-DEBUG: [classifiler][rj_fss_dbg_dump_result][104]ch_width = 160
*Jun 27 16:25:46: %P2058-7-DEBUG: [classifiler][rj_fss_dbg_dump_result][105]spectral_tstamp = 88753875
*Jun 27 16:25:47: %P2058-7-DEBUG: [classifiler][rj_fss_dbg_dump_result][106]spectral_rssi = 3
*Jun 27 16:25:47: %P2058-7-DEBUG: [classifiler][rj_fss_dbg_dump_result][107]bin_pwr_count = 416
*Jun 27 16:25:47: %P2058-7-DEBUG: [classifiler][rj_fss_dbg_dump_result][108]interf_list count = 0
*Jun 27 16:25:47: %P2058-7-DEBUG: [classifiler][rj_fss_dbg_dump_result][101]
*Jun 27 16:25:47: %P2058-7-DEBUG: ========================================
*Jun 27 16:25:47: %P2058-7-DEBUG: [classifiler][rj_fss_dbg_dump_result][102]radio_id = 2
*Jun 27 16:25:47: %P2058-7-DEBUG: [classifiler][rj_fss_dbg_dump_result][103]freq = 5250
*Jun 27 16:25:47: %P2058-7-DEBUG: [classifiler][rj_fss_dbg_dump_result][104]ch_width = 160
*Jun 27 16:25:47: %P2058-7-DEBUG: [classifiler][rj_fss_dbg_dump_result][105]spectral_tstamp = 88753923
*Jun 27 16:25:47: %P2058-7-DEBUG: [classifiler][rj_fss_dbg_dump_result][106]spectral_rssi = 3
*Jun 27 16:25:47: %P2058-7-DEBUG: [classifiler][rj_fss_dbg_dump_result][107]bin_pwr_count = 416
*Jun 27 16:25:48: %P2058-7-DEBUG: [classifiler][rj_fss_dbg_dump_result][108]interf_list count = 0
*Jun 27 16:25:48: %P2058-7-DEBUG: [classifiler][rj_fss_dbg_dump_result][101]
*Jun 27 16:25:48: %P2058-7-DEBUG: ========================================
*Jun 27 16:25:48: %P2058-7-DEBUG: [classifiler][rj_fss_dbg_dump_result][102]radio_id = 2
*Jun 27 16:25:48: %P2058-7-DEBUG: [classifiler][rj_fss_dbg_dump_result][103]freq = 5250
*Jun 27 16:25:48: %P2058-7-DEBUG: [classifiler][rj_fss_dbg_dump_result][104]ch_width = 160
*Jun 27 16:25:48: %P2058-7-DEBUG: [classifiler][rj_fss_dbg_dump_result][105]spectral_tstamp = 88753971
*Jun 27 16:25:48: %P2058-7-DEBUG: [classifiler][rj_fss_dbg_dump_result][106]spectral_rssi = 4
*Jun 27 16:25:48: %P2058-7-DEBUG: [classifiler][rj_fss_dbg_dump_result][107]bin_pwr_count = 416
*Jun 27 16:25:48: %P2058-7-DEBUG: [classifiler][rj_fss_dbg_dump_result][108]interf_list count = 0
*Jun 27 16:25:49: %P2058-7-DEBUG: [classifiler][rj_fss_dbg_dump_result][105]spectral_tstamp = 92795476
*Jun 27 16:25:49: %P2058-7-DEBUG: [classifiler][rj_fss_dbg_dump_result][106]spectral_rssi = 5
*Jun 27 16:25:49: %P2058-7-DEBUG: [classifiler][rj_fss_dbg_dump_result][107]bin_pwr_count = 416
*Jun 27 16:25:49: %P2058-7-DEBUG: [classifiler][rj_fss_dbg_dump_result][108]interf_list count = 0
*Jun 27 16:25:49: %P2058-7-DEBUG: [classifiler][rj_fss_dbg_dump_result][101]
*Jun 27 16:25:49: %P2058-7-DEBUG: ========================================
*Jun 27 16:25:49: %P2058-7-DEBUG: [classifiler][rj_fss_dbg_dump_result][102]radio_id = 2
*Jun 27 16:25:49: %P2058-7-DEBUG: [classifiler][rj_fss_dbg_dump_result][103]freq = 5250
*Jun 27 16:25:49: %P2058-7-DEBUG: [classifiler][rj_fss_dbg_dump_result][104]ch_width = 160
*Jun 27 16:25:49: %P2058-7-DEBUG: [classifiler][rj_fss_dbg_dump_result][105]spectral_tstamp = 92795563
*Jun 27 16:25:50: %P2058-7-DEBUG: [classifiler][rj_fss_dbg_dump_result][106]spectral_rssi = 3
*Jun 27 16:25:50: %P2058-7-DEBUG: [classifiler][rj_fss_dbg_dump_result][107]bin_pwr_count = 416
*Jun 27 16:25:50: %P2058-7-DEBUG: [classifiler][rj_fss_dbg_dump_result][108]interf_list count = 0
*Jun 27 16:25:50: %P2058-7-DEBUG: [classifiler][rj_fss_dbg_dump_result][101]
*Jun 27 16:25:50: %P2058-7-DEBUG: ========================================
*Jun 27 16:25:50: %P2058-7-DEBUG: [classifiler][rj_fss_dbg_dump_result][102]radio_id = 2
*Jun 27 16:25:50: %P2058-7-DEBUG: [classifiler][rj_fss_dbg_dump_result][103]freq = 5250
*Jun 27 16:25:50: %P2058-7-DEBUG: [classifiler][rj_fss_dbg_dump_result][104]ch_width = 160
*Jun 27 16:25:50: %P2058-7-DEBUG: [classifiler][rj_fss_dbg_dump_result][105]spectral_tstamp = 92795591
*Jun 27 16:25:50: %P2058-7-DEBUG: [classifiler][rj_fss_dbg_dump_result][106]spectral_rssi = 3
*Jun 27 16:25:50: %P2058-7-DEBUG: [classifiler][rj_fss_dbg_dump_result][107]bin_pwr_count = 416
*Jun 27 16:25:51: %P2058-7-DEBUG: [classifiler][rj_fss_dbg_dump_result][108]interf_list count = 0
*Jun 27 16:25:51: %P2058-7-DEBUG: [classifiler][rj_fss_dbg_dump_result][101]
*Jun 27 16:25:51: %P2058-7-DEBUG: ========================================
*Jun 27 16:25:51: %P2058-7-DEBUG: [classifiler][rj_fss_dbg_dump_result][102]radio_id = 2
*Jun 27 16:25:51: %P2058-7-DEBUG: [classifiler][rj_fss_dbg_dump_result][103]freq = 5250
*Jun 27 16:25:51: %P2058-7-DEBUG: [classifiler][rj_fss_dbg_dump_result][104]ch_width = 160
*Jun 27 16:25:51: %P2058-7-DEBUG: [classifiler][rj_fss_dbg_dump_result][105]spectral_tstamp = 92795643
*Jun 27 16:25:51: %P2058-7-DEBUG: [classifiler][rj_fss_dbg_dump_result][106]spectral_rssi = 4
*Jun 27 16:25:51: %P2058-7-DEBUG: [classifiler][rj_fss_dbg_dump_result][107]bin_pwr_count = 416
*Jun 27 16:25:51: %P2058-7-DEBUG: [classifiler][rj_fss_dbg_dump_result][108]interf_list count = 0
*Jun 27 16:25:52: %P2058-7-DEBUG: [classifiler][rj_fss_dbg_dump_result][101]
*Jun 27 16:25:52: %P2058-7-DEBUG: ========================================
*Jun 27 16:25:52: %P2058-7-DEBUG: [classifiler][rj_fss_dbg_dump_result][102]radio_id = 2
*Jun 27 16:25:52: %P2058-7-DEBUG: [classifiler][rj_fss_dbg_dump_result][103]freq = 5250
*Jun 27 16:25:52: %P2058-7-DEBUG: [classifiler][rj_fss_dbg_dump_result][104]ch_width = 160
*Jun 27 16:25:52: %P2058-7-DEBUG: [classifiler][rj_fss_dbg_dump_result][105]spectral_tstamp = 92795670
*Jun 27 16:25:52: %P2058-7-DEBUG: [classifiler][rj_fss_dbg_dump_result][106]spectral_rssi = 4
*Jun 27 16:25:52: %P2058-7-DEBUG: [classifiler][rj_fss_dbg_dump_result][107]bin_pwr_count = 416
*Jun 27 16:25:52: %P2058-7-DEBUG: [classifiler][rj_fss_dbg_dump_result][108]interf_list count = 0
*Jun 27 16:25:52: %P2058-7-DEBUG: [classifiler][rj_fss_dbg_dump_result][101]
*Jun 27 16:25:52: %P2058-7-DEBUG: ========================================
*Jun 27 16:25:53: %P2058-7-DEBUG: [classifiler][rj_fss_dbg_dump_result][102]radio_id = 2
*Jun 27 16:25:53: %P2058-7-DEBUG: [classifiler][rj_fss_dbg_dump_result][103]freq = 5250
*Jun 27 16:25:53: %P2058-7-DEBUG: [classifiler][rj_fss_dbg_dump_result][104]ch_width = 160
*Jun 27 16:25:53: %P2058-7-DEBUG: [classifiler][rj_fss_dbg_dump_result][101]
*Jun 27 16:25:53: %P2058-7-DEBUG: ========================================
*Jun 27 16:25:53: %P2058-7-DEBUG: [classifiler][rj_fss_dbg_dump_result][102]radio_id = 2
*Jun 27 16:25:53: %P2058-7-DEBUG: [classifiler][rj_fss_dbg_dump_result][103]freq = 5785
*Jun 27 16:25:53: %P2058-7-DEBUG: [classifiler][rj_fss_dbg_dump_result][104]ch_width = 100
*Jun 27 16:25:53: %P2058-7-DEBUG: [classifiler][rj_fss_dbg_dump_result][105]spectral_tstamp = 97194997
*Jun 27 16:25:53: %P2058-7-DEBUG: [classifiler][rj_fss_dbg_dump_result][106]spectral_rssi = 15
*Jun 27 16:25:53: %P2058-7-DEBUG: [classifiler][rj_fss_dbg_dump_result][107]bin_pwr_count = 260
*Jun 27 16:25:54: %P2058-7-DEBUG: [classifiler][rj_fss_dbg_dump_result][108]interf_list count = 0
*Jun 27 16:25:54: %P2058-7-DEBUG: [classifiler][rj_fss_dbg_dump_result][101]
*Jun 27 16:25:54: %P2058-7-DEBUG: ========================================
*Jun 27 16:25:54: %P2058-7-DEBUG: [classifiler][rj_fss_dbg_dump_result][102]radio_id = 2
*Jun 27 16:25:54: %P2058-7-DEBUG: [classifiler][rj_fss_dbg_dump_result][103]freq = 5785
*Jun 27 16:25:54: %P2058-7-DEBUG: [classifiler][rj_fss_dbg_dump_result][104]ch_width = 100
*Jun 27 16:25:54: %P2058-7-DEBUG: [classifiler][rj_fss_dbg_dump_result][105]spectral_tstamp = 97195024
*Jun 27 16:25:54: %P2058-7-DEBUG: [classifiler][rj_fss_dbg_dump_result][106]spectral_rssi = 4
*Jun 27 16:25:54: %P2058-7-DEBUG: [classifiler][rj_fss_dbg_dump_result][107]bin_pwr_count = 260
*Jun 27 16:25:54: %P2058-7-DEBUG: [classifiler][rj_fss_dbg_dump_result][108]interf_list count = 0
*Jun 27 16:25:55: %P2058-7-DEBUG: [classifiler][rj_fss_dbg_dump_result][101]
*Jun 27 16:25:55: %P2058-7-DEBUG: ========================================
*Jun 27 16:25:55: %P2058-7-DEBUG: [classifiler][rj_fss_dbg_dump_result][102]radio_id = 2
*Jun 27 16:25:55: %P2058-7-DEBUG: [classifiler][rj_fss_dbg_dump_result][103]freq = 5785
*Jun 27 16:25:55: %P2058-7-DEBUG: [classifiler][rj_fss_dbg_dump_result][104]ch_width = 100
*Jun 27 16:25:55: %P2058-7-DEBUG: [classifiler][rj_fss_dbg_dump_result][105]spectral_tstamp = 97195052
*Jun 27 16:25:55: %P2058-7-DEBUG: [classifiler][rj_fss_dbg_dump_result][106]spectral_rssi = 4
*Jun 27 16:25:55: %P2058-7-DEBUG: [classifiler][rj_fss_dbg_dump_result][107]bin_pwr_count = 260
*Jun 27 16:25:55: %P2058-7-DEBUG: [classifiler][rj_fss_dbg_dump_result][108]interf_list count = 0
*Jun 27 16:25:55: %P2058-7-DEBUG: [classifiler][rj_fss_dbg_dump_result][101]
*Jun 27 16:25:55: %P2058-7-DEBUG: ========================================
*Jun 27 16:25:56: %P2058-7-DEBUG: [classifiler][rj_fss_dbg_dump_result][102]radio_id = 2
*Jun 27 16:25:56: %P2058-7-DEBUG: [classifiler][rj_fss_dbg_dump_result][103]freq = 5785
*Jun 27 16:25:56: %P2058-7-DEBUG: [classifiler][rj_fss_dbg_dump_result][104]ch_width = 100
*Jun 27 16:25:56: %P2058-7-DEBUG: [classifiler][rj_fss_dbg_dump_result][105]spectral_tstamp = 97195079
*Jun 27 16:25:56: %P2058-7-DEBUG: [classifiler][rj_fss_dbg_dump_result][106]spectral_rssi = 5
*Jun 27 16:25:56: %P2058-7-DEBUG: [classifiler][rj_fss_dbg_dump_result][107]bin_pwr_count = 260
*Jun 27 16:25:56: %P2058-7-DEBUG: [classifiler][rj_fss_dbg_dump_result][108]interf_list count = 0
*Jun 27 16:25:56: %P2058-7-DEBUG: [classifiler][rj_fss_dbg_dump_result][101]
*Jun 27 16:25:56: %P2058-7-DEBUG: ========================================
*Jun 27 16:25:56: %P2058-7-DEBUG: [classifiler][rj_fss_dbg_dump_result][102]radio_id = 2
*Jun 27 16:25:56: %P2058-7-DEBUG: [classifiler][rj_fss_dbg_dump_result][103]freq = 5785
*Jun 27 16:25:57: %P2058-7-DEBUG: [classifiler][rj_fss_dbg_dump_result][104]ch_width = 100
*Jun 27 16:25:57: %P2058-7-DEBUG: [classifiler][rj_fss_dbg_dump_result][105]spectral_tstamp = 97195197
*Jun 27 16:25:57: %P2058-7-DEBUG: [classifiler][rj_fss_dbg_dump_result][106]spectral_rssi = 4
*Jun 27 16:25:57: %P2058-7-DEBUG: [classifiler][rj_fss_dbg_dump_result][107]bin_pwr_count = 260
*Jun 27 16:25:57: %P2058-7-DEBUG: [classifiler][rj_fss_dbg_dump_result][108]interf_list count = 0
*Jun 27 16:25:57: %P2058-7-DEBUG: [classifiler][rj_fss_dbg_dump_result][101]</msg>
<msg timestamp="20190627 16:25:01.934" level="INFO">${output} = *Jun 27 16:25:32: %P2058-7-DEBUG: [classifiler][rj_fss_dbg_dump_result][108]interf_list count = 0
AP740-I-newFlash(config-spectral)#*Jun 27 16:25:32: %P2058-7-DEBUG: [classifiler][rj_fss_dbg_dump_res...</msg>
<status status="PASS" starttime="20190627 16:25:01.874" endtime="20190627 16:25:01.934"></status>
</kw>
<kw name="Fss Check String" library="string_compare">
<arguments>
<arg>${output}</arg>
<arg>${RADIO_EQ}</arg>
<arg>${RADIO_EQ_1}</arg>
</arguments>
<assign>
<var>${ret}</var>
</assign>
<msg timestamp="20190627 16:25:01.937" level="INFO">str1=radio_id =

arg=radio_id = 2

len=267
string_list=['*Jun 27 16:25:32: %P2058-7-DEBUG: [classifiler][rj_fss_dbg_dump_result][108]interf_list count = 0', 'AP740-I-newFlash(config-spectral)#*Jun 27 16:25:32: %P2058-7-DEBUG: [classifiler][rj_fss_dbg_dump_result][101]', '*Jun 27 16:25:32: %P2058-7-DEBUG: ========================================', '*Jun 27 16:25:32: %P2058-7-DEBUG: [classifiler][rj_fss_dbg_dump_result][102]radio_id = 2', '*Jun 27 16:25:32: %P2058-7-DEBUG: [classifiler][rj_fss_dbg_dump_result][103]freq = 5250', '*Jun 27 16:25:32: %P2058-7-DEBUG: [classifiler][rj_fss_dbg_dump_result][104]ch_width = 160', '*Jun 27 16:25:33: %P2058-7-DEBUG: [classifiler][rj_fss_dbg_dump_result][105]spectral_tstamp = 86968385', '*Jun 27 16:25:33: %P2058-7-DEBUG: [classifiler][rj_fss_dbg_dump_result][106]spectral_rssi = 3', '*Jun 27 16:25:33: %P2058-7-DEBUG: [classifiler][rj_fss_dbg_dump_result][107]bin_pwr_count = 416', '*Jun 27 16:25:33: %P2058-7-DEBUG: [classifiler][rj_fss_dbg_dump_result][108]interf_list count = 0', '*Jun 27 16:25:33: %P2058-7-DEBUG: [classifiler][rj_fss_dbg_dump_result][101]', '*Jun 27 16:25:33: %P2058-7-DEBUG: ========================================', '*Jun 27 16:25:33: %P2058-7-DEBUG: [classifiler][rj_fss_dbg_dump_result][102]radio_id = 2', '*Jun 27 16:25:33: %P2058-7-DEBUG: [classifiler][rj_fss_dbg_dump_result][103]freq = 5250', '*Jun 27 16:25:33: %P2058-7-DEBUG: [classifiler][rj_fss_dbg_dump_result][104]ch_width = 160', '*Jun 27 16:25:33: %P2058-7-DEBUG: [classifiler][rj_fss_dbg_dump_result][105]spectral_tstamp = 86968433', '*Jun 27 16:25:33: %P2058-7-DEBUG: [classifiler][rj_fss_dbg_dump_result][106]spectral_rssi = 2', '*Jun 27 16:25:34: %P2058-7-DEBUG: [classifiler][rj_fss_dbg_dump_result][107]bin_pwr_count = 416', '*Jun 27 16:25:34: %P2058-7-DEBUG: [classifiler][rj_fss_dbg_dump_result][108]interf_list count = 0', '*Jun 27 16:25:34: %P2058-7-DEBUG: [classifiler][rj_fss_dbg_dump_result][101]', '*Jun 27 16:25:34: %P2058-7-DEBUG: ========================================', '*Jun 27 16:25:34: %P2058-7-DEBUG: [classifiler][rj_fss_dbg_dump_result][102]radio_id = 2', '*Jun 27 16:25:34: %P2058-7-DEBUG: [classifiler][rj_fss_dbg_dump_result][103]freq = 5250', '*Jun 27 16:25:34: %P2058-7-DEBUG: [classifiler][rj_fss_dbg_dump_result][104]ch_width = 160', '*Jun 27 16:25:34: %P2058-7-DEBUG: [classifiler][rj_fss_dbg_dump_result][105]spectral_tstamp = 86968578', '*Jun 27 16:25:34: %P2058-7-DEBUG: [classifiler][rj_fss_dbg_dump_result][106]spectral_rssi = 3', '*Jun 27 16:25:34: %P2058-7-DEBUG: [classifiler][rj_fss_dbg_dump_result][107]bin_pwr_count = 416', '*Jun 27 16:25:35: %P2058-7-DEBUG: [classifiler][rj_fss_dbg_dump_result][108]interf_list count = 0', '*Jun 27 16:25:35: %P2058-7-DEBUG: [classifiler][rj_fss_dbg_dump_result][101]', '*Jun 27 16:25:35: %P2058-7-DEBUG: ========================================', '*Jun 27 16:25:35: %P2058-7-DEBUG: [classifiler][rj_fss_dbg_dump_result][102]radio_id = 2', '*Jun 27 16:25:35: %P2058-7-DEBUG: [classifiler][rj_fss_dbg_dump_result][103]freq = 5250', '*Jun 27 16:25:35: %P2058-7-DEBUG: [classifiler][rj_fss_dbg_dump_result][104]ch_width = 160', '*Jun 27 16:25:35: %P2058-7-DEBUG: [classifiler][rj_fss_dbg_dump_result][105]spectral_tstamp = 86968608', '*Jun 27 16:25:35: %P2058-7-DEBUG: [classifiler][rj_fss_dbg_dump_result][106]spectral_rssi = 4', '*Jun 27 16:25:35: %P2058-7-DEBUG: [classifiler][rj_fss_dbg_dump_result][107]bin_pwr_count = 416', '*Jun 27 16:25:35: %P2058-7-DEBUG: [classifiler][rj_fss_dbg_dump_result][108]interf_list count = 0', '*Jun 27 16:25:35: %P2058-7-DEBUG: [classifiler][rj_fss_dbg_dump_result][101]', '*Jun 27 16:25:36: %P2058-7-DEBUG: ========================================', '*Jun 27 16:25:36: %P2058-7-DEBUG: [classifiler][rj_fss_dbg_dump_result][102]radio_id = 2', '*Jun 27 16:25:36: %P2058-7-DEBUG: [classifiler][rj_fss_dbg_dump_result][103]freq = 5250', '*Jun 27 16:25:36: %P2058-7-DEBUG: [classifiler][rj_fss_dbg_dump_result][104]ch_width = 160', '*Jun 27 16:25:36: %P2058-7-DEBUG: [classifiler][rj_fss_dbg_dump_result][105]spectral_tstamp = 86968635', '*Jun 27 16:25:36: %P2058-7-DEBUG: [classifiler][rj_fss_dbg_dump_result][106]spectral_rssi = 4', '*Jun 27 16:25:36: %P2058-7-DEBUG: [classifiler][rj_fss_dbg_dump_result][107]bin_pwr_count = 416', '*Jun 27 16:25:36: %P2058-7-DEBUG: [classifiler][rj_fss_dbg_dump_result][108]interf_list count = 0', '*Jun 27 16:25:36: %P2058-7-DEBUG: [classifiler][rj_fss_dbg_dump_result][101]', '*Jun 27 16:25:36: %P2058-7-DEBUG: ========================================', '*Jun 27 16:25:36: %P2058-7-DEBUG: [classifiler][rj_fss_dbg_dump_result][102]radio_id = 2', '*Jun 27 16:25:37: %P2058-7-DEBUG: [classifiler][rj_fss_dbg_dump_result][103]freq = 5250', '*Jun 27 16:25:37: %P2058-7-DEBUG: [classifiler][rj_fss_dbg_dump_result][104]ch_width = 160', '*Jun 27 16:25:37: %P2058-7-DEBUG: [classifiler][rj_fss_dbg_dump_result][105]spectral_tstamp = 86968662', '*Jun 27 16:25:37: %P2058-7-DEBUG: [classifiler][rj_fss_dbg_dump_result][106]spectral_rssi = 4', '*Jun 27 16:25:37: %P2058-7-DEBUG: [classifiler][rj_fss_dbg_dump_result][107]bin_pwr_count = 416', '*Jun 27 16:25:37: %P2058-7-DEBUG: [classifiler][rj_fss_dbg_dump_result][108]interf_list count = 0', '*Jun 27 16:25:37: %P2058-7-DEBUG: [classifiler][rj_fss_dbg_dump_result][101]', '*Jun 27 16:25:37: %P2058-7-DEBUG: ========================================', '*Jun 27 16:25:37: %P2058-7-DEBUG: [classifiler][rj_fss_dbg_dump_result][102]radio_id = 2', '*Jun 27 16:25:37: %P2058-7-DEBUG: [classifiler][rj_fss_dbg_dump_result][103]freq = 5250', '*Jun 27 16:25:38: %P2058-7-DEBUG: [classifiler][rj_fss_dbg_dump_result][104]ch_width = 160', '*Jun 27 16:25:38: %P2058-7-DEBUG: [classifiler][rj_fss_dbg_dump_result][105]spectral_tstamp = 86968690', '*Jun 27 16:25:38: %P2058-7-DEBUG: [classifiler][rj_fss_dbg_dump_result][106]spectral_rssi = 5', '*Jun 27 16:25:38: %P2058-7-DEBUG: [classifiler][rj_fss_dbg_dump_result][107]bin_pwr_count = 416', '*Jun 27 16:25:38: %P2058-7-DEBUG: [classifiler][rj_fss_dbg_dump_result][108]interf_list count = 0', '*Jun 27 16:25:38: %P2058-7-DEBUG: [classifiler][rj_fss_dbg_dump_result][101]', '*Jun 27 16:25:38: %P2058-7-DEBUG: ========================================', '*Jun 27 16:25:38: %P2058-7-DEBUG: [classifiler][rj_fss_dbg_dump_result][102]radio_id = 2', '*Jun 27 16:25:38: %P2058-7-DEBUG: [classifiler][rj_fss_dbg_dump_result][103]freq = 5250', '*Jun 27 16:25:38: %P2058-7-DEBUG: [classifiler][rj_fss_dbg_dump_result][104]ch_width = 160', '*Jun 27 16:25:38: %P2058-7-DEBUG: [classifiler][rj_fss_dbg_dump_result][105]spectral_tstamp = 86968717', '*Jun 27 16:25:39: %P2058-7-DEBUG: [classifiler][rj_fss_dbg_dump_result][106]spectral_rssi = 4', '*Jun 27 16:25:39: %P2058-7-DEBUG: [classifiler][rj_fss_dbg_dump_result][107]bin_pwr_count = 416', '*Jun 27 16:25:39: %P2058-7-DEBUG: [classifiler][rj_fss_dbg_dump_result][108]interf_list count = 0', '*Jun 27 16:25:39: %P2058-7-DEBUG: [classifiler][rj_fss_dbg_dump_result][101]', '*Jun 27 16:25:39: %P2058-7-DEBUG: ========================================', '*Jun 27 16:25:39: %P2058-7-DEBUG: [classifiler][rj_fss_dbg_dump_result][102]radio_id = 2', '*Jun 27 16:25:39: %P2058-7-DEBUG: [classifiler][rj_fss_dbg_dump_result][103]freq = 5250', '*Jun 27 16:25:39: %P2058-7-DEBUG: [classifiler][rj_fss_dbg_dump_result][104]ch_width = 160', '*Jun 27 16:25:39: %P2058-7-DEBUG: [classifiler][rj_fss_dbg_dump_result][105]spectral_tstamp = 86968812', '*Jun 27 16:25:39: %P2058-7-DEBUG: [classifiler][rj_fss_dbg_dump_result][106]spectral_rssi = 3', '*Jun 27 16:25:40: %P2058-7-DEBUG: [classifiler][rj_fss_dbg_dump_result][107]bin_pwr_count = 416', '*Jun 27 16:25:40: %P2058-7-DEBUG: [classifiler][rj_fss_dbg_dump_result][108]interf_list count = 0', '*Jun 27 16:25:40: %P2058-7-DEBUG: [classifiler][rj_fss_dbg_dump_result][101]', '*Jun 27 16:25:40: %P2058-7-DEBUG: ========================================', '*Jun 27 16:25:40: %P2058-7-DEBUG: [classifiler][rj_fss_dbg_dump_result][102]radio_id = 2', '*Jun 27 16:25:40: %P2058-7-DEBUG: [classifiler][rj_fss_dbg_dump_result][103]freq = 5250', '*Jun 27 16:25:40: %P2058-7-DEBUG: [classifiler][rj_fss_dbg_dump_result][104]ch_width = 160', '*Jun 27 16:25:40: %P2058-7-DEBUG: [classifiler][rj_fss_dbg_dump_result][105]spectral_tstamp = 86968840', '*Jun 27 16:25:40: %P2058-7-DEBUG: [classifiler][rj_fss_dbg_dump_result][106]spectral_rssi = 4', '*Jun 27 16:25:40: %P2058-7-DEBUG: [classifiler][rj_fss_dbg_dump_result][107]bin_pwr_count = 416', '*Jun 27 16:25:41: %P2058-7-DEBUG: [classifiler][rj_fss_dbg_dump_result][108]interf_list count = 0', '*Jun 27 16:25:41: %P2058-7-DEBUG: [classifiler][rj_fss_dbg_dump_result][101]', '*Jun 27 16:25:41: %P2058-7-DEBUG: ========================================', '*Jun 27 16:25:41: %P2058-7-DEBUG: [classifiler][rj_fss_dbg_dump_result][102]radio_id = 2', '*Jun 27 16:25:41: %P2058-7-DEBUG: [classifiler][rj_fss_dbg_dump_result][103]freq = 5250', '*Jun 27 16:25:41: %P2058-7-DEBUG: [classifiler][rj_fss_dbg_dump_result][104]ch_width = 160', '*Jun 27 16:25:41: %P2058-7-DEBUG: [classifiler][rj_fss_dbg_dump_result][105]spectral_tstamp = 86968867', '*Jun 27 16:25:41: %P2058-7-DEBUG: [classifiler][rj_fss_dbg_dump_result][106]spectral_rssi = 4', '*Jun 27 16:25:41: %P2058-7-DEBUG: [classifiler][rj_fss_dbg_dump_result][107]bin_pwr_count = 416', '*Jun 27 16:25:41: %P2058-7-DEBUG: [classifiler][rj_fss_dbg_dump_result][108]interf_list count = 0', '*Jun 27 16:25:41: %P2058-7-DEBUG: [classifiler][rj_fss_dbg_dump_result][101]', '*Jun 27 16:25:42: %P2058-7-DEBUG: ========================================', '*Jun 27 16:25:42: %P2058-7-DEBUG: [classifiler][rj_fss_dbg_dump_result][102]radio_id = 2', '*Jun 27 16:25:42: %P2058-7-DEBUG: [classifiler][rj_fss_dbg_dump_result][103]freq = 5250', '*Jun 27 16:25:42: %P2058-7-DEBUG: [classifiler][rj_fss_dbg_dump_result][104]ch_width = 160', '*Jun 27 16:25:42: %P2058-7-DEBUG: [classifiler][rj_fss_dbg_dump_result][105]spectral_tstamp = 86968937', '*Jun 27 16:25:42: %P2058-7-DEBUG: [classifiler][rj_fss_dbg_dump_result][106]spectral_rssi = 4', '*Jun 27 16:25:42: %P2058-7-DEBUG: [classifiler][rj_fss_dbg_dump_result][107]bin_pwr_count = 416', '*Jun 27 16:25:42: %P2058-7-DEBUG: [classifiler][rj_fss_dbg_dump_result][108]interf_list count = 0', '*Jun 27 16:25:42: %P2058-7-DEBUG: [classifiler][rj_fss_dbg_dump_result][101]', '*Jun 27 16:25:42: %P2058-7-DEBUG: ========================================', '*Jun 27 16:25:42: %P2058-7-DEBUG: [classifiler][rj_fss_dbg_dump_result][102]radio_id = 2', '*Jun 27 16:25:43: %P2058-7-DEBUG: [classifiler][rj_fss_dbg_dump_result][103]freq = 5250', '*Jun 27 16:25:43: %P2058-7-DEBUG: [classifiler][rj_fss_dbg_dump_result][104]ch_width = 160', '*Jun 27 16:25:43: %P2058-7-DEBUG: [classifiler][rj_fss_dbg_dump_result][105]spectral_tstamp = 86968964', '*Jun 27 16:25:43: %P2058-7-DEBUG: [classifiler][rj_fss_dbg_dump_result][106]spectral_rssi = 3', '*Jun 27 16:25:43: %P2058-7-DEBUG: [classifiler][rj_fss_dbg_dump_result][107]bin_pwr_count = 416', '*Jun 27 16:25:43: %P2058-7-DEBUG: [classifiler][rj_fss_dbg_dump_result][108]interf_list count = 0', '*Jun 27 16:25:43: %P2058-7-DEBUG: [classifiler][rj_fss_dbg_dump_result][101]', '*Jun 27 16:25:43: %P2058-7-DEBUG: ========================================', '*Jun 27 16:25:43: %P2058-7-DEBUG: [classifiler][rj_fss_dbg_dump_result][102]radio_id = 2', '*Jun 27 16:25:43: %P2058-7-DEBUG: [classifiler][rj_fss_dbg_dump_result][103]freq = 5250', '*Jun 27 16:25:44: %P2058-7-DEBUG: [classifiler][rj_fss_dbg_dump_result][104]ch_width = 160', '*Jun 27 16:25:44: %P2058-7-DEBUG: [classifiler][rj_fss_dbg_dump_result][105]spectral_tstamp = 86969018', '*Jun 27 16:25:44: %P2058-7-DEBUG: [classifiler][rj_fss_dbg_dump_result][106]spectral_rssi = 4', '*Jun 27 16:25:44: %P2058-7-DEBUG: [classifiler][rj_fss_dbg_dump_result][107]bin_pwr_count = 416', '*Jun 27 16:25:44: %P2058-7-DEBUG: [classifiler][rj_fss_dbg_dump_result][108]interf_list count = 0', '*Jun 27 16:25:44: %P2058-7-DEBUG: [classifiler][rj_fss_dbg_dump_result][101]', '*Jun 27 16:25:44: %P2058-7-DEBUG: ========================================', '*Jun 27 16:25:44: %P2058-7-DEBUG: [classifiler][rj_fss_dbg_dump_result][102]radio_id = 2', '*Jun 27 16:25:44: %P2058-7-DEBUG: [classifiler][rj_fss_dbg_dump_result][101]', '*Jun 27 16:25:44: %P2058-7-DEBUG: ========================================', '*Jun 27 16:25:44: %P2058-7-DEBUG: [classifiler][rj_fss_dbg_dump_result][102]radio_id = 2', '*Jun 27 16:25:45: %P2058-7-DEBUG: [classifiler][rj_fss_dbg_dump_result][103]freq = 5250', '*Jun 27 16:25:45: %P2058-7-DEBUG: [classifiler][rj_fss_dbg_dump_result][104]ch_width = 160', '*Jun 27 16:25:45: %P2058-7-DEBUG: [classifiler][rj_fss_dbg_dump_result][105]spectral_tstamp = 88753777', '*Jun 27 16:25:45: %P2058-7-DEBUG: [classifiler][rj_fss_dbg_dump_result][106]spectral_rssi = 7', '*Jun 27 16:25:45: %P2058-7-DEBUG: [classifiler][rj_fss_dbg_dump_result][107]bin_pwr_count = 416', '*Jun 27 16:25:45: %P2058-7-DEBUG: [classifiler][rj_fss_dbg_dump_result][108]interf_list count = 0', '*Jun 27 16:25:45: %P2058-7-DEBUG: [classifiler][rj_fss_dbg_dump_result][101]', '*Jun 27 16:25:45: %P2058-7-DEBUG: ========================================', '*Jun 27 16:25:45: %P2058-7-DEBUG: [classifiler][rj_fss_dbg_dump_result][102]radio_id = 2', '*Jun 27 16:25:45: %P2058-7-DEBUG: [classifiler][rj_fss_dbg_dump_result][103]freq = 5250', '*Jun 27 16:25:45: %P2058-7-DEBUG: [classifiler][rj_fss_dbg_dump_result][104]ch_width = 160', '*Jun 27 16:25:46: %P2058-7-DEBUG: [classifiler][rj_fss_dbg_dump_result][105]spectral_tstamp = 88753825', '*Jun 27 16:25:46: %P2058-7-DEBUG: [classifiler][rj_fss_dbg_dump_result][106]spectral_rssi = 4', '*Jun 27 16:25:46: %P2058-7-DEBUG: [classifiler][rj_fss_dbg_dump_result][107]bin_pwr_count = 416', '*Jun 27 16:25:46: %P2058-7-DEBUG: [classifiler][rj_fss_dbg_dump_result][108]interf_list count = 0', '*Jun 27 16:25:46: %P2058-7-DEBUG: [classifiler][rj_fss_dbg_dump_result][101]', '*Jun 27 16:25:46: %P2058-7-DEBUG: ========================================', '*Jun 27 16:25:46: %P2058-7-DEBUG: [classifiler][rj_fss_dbg_dump_result][102]radio_id = 2', '*Jun 27 16:25:46: %P2058-7-DEBUG: [classifiler][rj_fss_dbg_dump_result][103]freq = 5250', '*Jun 27 16:25:46: %P2058-7-DEBUG: [classifiler][rj_fss_dbg_dump_result][104]ch_width = 160', '*Jun 27 16:25:46: %P2058-7-DEBUG: [classifiler][rj_fss_dbg_dump_result][105]spectral_tstamp = 88753875', '*Jun 27 16:25:47: %P2058-7-DEBUG: [classifiler][rj_fss_dbg_dump_result][106]spectral_rssi = 3', '*Jun 27 16:25:47: %P2058-7-DEBUG: [classifiler][rj_fss_dbg_dump_result][107]bin_pwr_count = 416', '*Jun 27 16:25:47: %P2058-7-DEBUG: [classifiler][rj_fss_dbg_dump_result][108]interf_list count = 0', '*Jun 27 16:25:47: %P2058-7-DEBUG: [classifiler][rj_fss_dbg_dump_result][101]', '*Jun 27 16:25:47: %P2058-7-DEBUG: ========================================', '*Jun 27 16:25:47: %P2058-7-DEBUG: [classifiler][rj_fss_dbg_dump_result][102]radio_id = 2', '*Jun 27 16:25:47: %P2058-7-DEBUG: [classifiler][rj_fss_dbg_dump_result][103]freq = 5250', '*Jun 27 16:25:47: %P2058-7-DEBUG: [classifiler][rj_fss_dbg_dump_result][104]ch_width = 160', '*Jun 27 16:25:47: %P2058-7-DEBUG: [classifiler][rj_fss_dbg_dump_result][105]spectral_tstamp = 88753923', '*Jun 27 16:25:47: %P2058-7-DEBUG: [classifiler][rj_fss_dbg_dump_result][106]spectral_rssi = 3', '*Jun 27 16:25:47: %P2058-7-DEBUG: [classifiler][rj_fss_dbg_dump_result][107]bin_pwr_count = 416', '*Jun 27 16:25:48: %P2058-7-DEBUG: [classifiler][rj_fss_dbg_dump_result][108]interf_list count = 0', '*Jun 27 16:25:48: %P2058-7-DEBUG: [classifiler][rj_fss_dbg_dump_result][101]', '*Jun 27 16:25:48: %P2058-7-DEBUG: ========================================', '*Jun 27 16:25:48: %P2058-7-DEBUG: [classifiler][rj_fss_dbg_dump_result][102]radio_id = 2', '*Jun 27 16:25:48: %P2058-7-DEBUG: [classifiler][rj_fss_dbg_dump_result][103]freq = 5250', '*Jun 27 16:25:48: %P2058-7-DEBUG: [classifiler][rj_fss_dbg_dump_result][104]ch_width = 160', '*Jun 27 16:25:48: %P2058-7-DEBUG: [classifiler][rj_fss_dbg_dump_result][105]spectral_tstamp = 88753971', '*Jun 27 16:25:48: %P2058-7-DEBUG: [classifiler][rj_fss_dbg_dump_result][106]spectral_rssi = 4', '*Jun 27 16:25:48: %P2058-7-DEBUG: [classifiler][rj_fss_dbg_dump_result][107]bin_pwr_count = 416', '*Jun 27 16:25:48: %P2058-7-DEBUG: [classifiler][rj_fss_dbg_dump_result][108]interf_list count = 0', '*Jun 27 16:25:49: %P2058-7-DEBUG: [classifiler][rj_fss_dbg_dump_result][105]spectral_tstamp = 92795476', '*Jun 27 16:25:49: %P2058-7-DEBUG: [classifiler][rj_fss_dbg_dump_result][106]spectral_rssi = 5', '*Jun 27 16:25:49: %P2058-7-DEBUG: [classifiler][rj_fss_dbg_dump_result][107]bin_pwr_count = 416', '*Jun 27 16:25:49: %P2058-7-DEBUG: [classifiler][rj_fss_dbg_dump_result][108]interf_list count = 0', '*Jun 27 16:25:49: %P2058-7-DEBUG: [classifiler][rj_fss_dbg_dump_result][101]', '*Jun 27 16:25:49: %P2058-7-DEBUG: ========================================', '*Jun 27 16:25:49: %P2058-7-DEBUG: [classifiler][rj_fss_dbg_dump_result][102]radio_id = 2', '*Jun 27 16:25:49: %P2058-7-DEBUG: [classifiler][rj_fss_dbg_dump_result][103]freq = 5250', '*Jun 27 16:25:49: %P2058-7-DEBUG: [classifiler][rj_fss_dbg_dump_result][104]ch_width = 160', '*Jun 27 16:25:49: %P2058-7-DEBUG: [classifiler][rj_fss_dbg_dump_result][105]spectral_tstamp = 92795563', '*Jun 27 16:25:50: %P2058-7-DEBUG: [classifiler][rj_fss_dbg_dump_result][106]spectral_rssi = 3', '*Jun 27 16:25:50: %P2058-7-DEBUG: [classifiler][rj_fss_dbg_dump_result][107]bin_pwr_count = 416', '*Jun 27 16:25:50: %P2058-7-DEBUG: [classifiler][rj_fss_dbg_dump_result][108]interf_list count = 0', '*Jun 27 16:25:50: %P2058-7-DEBUG: [classifiler][rj_fss_dbg_dump_result][101]', '*Jun 27 16:25:50: %P2058-7-DEBUG: ========================================', '*Jun 27 16:25:50: %P2058-7-DEBUG: [classifiler][rj_fss_dbg_dump_result][102]radio_id = 2', '*Jun 27 16:25:50: %P2058-7-DEBUG: [classifiler][rj_fss_dbg_dump_result][103]freq = 5250', '*Jun 27 16:25:50: %P2058-7-DEBUG: [classifiler][rj_fss_dbg_dump_result][104]ch_width = 160', '*Jun 27 16:25:50: %P2058-7-DEBUG: [classifiler][rj_fss_dbg_dump_result][105]spectral_tstamp = 92795591', '*Jun 27 16:25:50: %P2058-7-DEBUG: [classif
[...]
index=168
no find:*Jun 27 16:25:48: %P2058-7-DEBUG: [classifiler][rj_fss_dbg_dump_result][102]radio_id = 2
index=169
no find:*Jun 27 16:25:48: %P2058-7-DEBUG: [classifiler][rj_fss_dbg_dump_result][103]freq = 5250
index=170
no find:*Jun 27 16:25:48: %P2058-7-DEBUG: [classifiler][rj_fss_dbg_dump_result][104]ch_width = 160
index=171
no find:*Jun 27 16:25:48: %P2058-7-DEBUG: [classifiler][rj_fss_dbg_dump_result][105]spectral_tstamp = 88753971
index=172
no find:*Jun 27 16:25:48: %P2058-7-DEBUG: [classifiler][rj_fss_dbg_dump_result][106]spectral_rssi = 4
index=173
find:*Jun 27 16:25:48: %P2058-7-DEBUG: [classifiler][rj_fss_dbg_dump_result][107]bin_pwr_count = 416
false:*Jun 27 16:25:48: %P2058-7-DEBUG: [classifiler][rj_fss_dbg_dump_result][107]bin_pwr_count = 416
index=174
no find:*Jun 27 16:25:48: %P2058-7-DEBUG: [classifiler][rj_fss_dbg_dump_result][108]interf_list count = 0
index=175
no find:*Jun 27 16:25:49: %P2058-7-DEBUG: [classifiler][rj_fss_dbg_dump_result][105]spectral_tstamp = 92795476
index=176
no find:*Jun 27 16:25:49: %P2058-7-DEBUG: [classifiler][rj_fss_dbg_dump_result][106]spectral_rssi = 5
index=177
find:*Jun 27 16:25:49: %P2058-7-DEBUG: [classifiler][rj_fss_dbg_dump_result][107]bin_pwr_count = 416
false:*Jun 27 16:25:49: %P2058-7-DEBUG: [classifiler][rj_fss_dbg_dump_result][107]bin_pwr_count = 416
index=178
no find:*Jun 27 16:25:49: %P2058-7-DEBUG: [classifiler][rj_fss_dbg_dump_result][108]interf_list count = 0
index=179
no find:*Jun 27 16:25:49: %P2058-7-DEBUG: [classifiler][rj_fss_dbg_dump_result][101]
index=180
no find:*Jun 27 16:25:49: %P2058-7-DEBUG: ========================================
index=181
no find:*Jun 27 16:25:49: %P2058-7-DEBUG: [classifiler][rj_fss_dbg_dump_result][102]radio_id = 2
index=182
no find:*Jun 27 16:25:49: %P2058-7-DEBUG: [classifiler][rj_fss_dbg_dump_result][103]freq = 5250
index=183
no find:*Jun 27 16:25:49: %P2058-7-DEBUG: [classifiler][rj_fss_dbg_dump_result][104]ch_width = 160
index=184
no find:*Jun 27 16:25:49: %P2058-7-DEBUG: [classifiler][rj_fss_dbg_dump_result][105]spectral_tstamp = 92795563
index=185
no find:*Jun 27 16:25:50: %P2058-7-DEBUG: [classifiler][rj_fss_dbg_dump_result][106]spectral_rssi = 3
index=186
find:*Jun 27 16:25:50: %P2058-7-DEBUG: [classifiler][rj_fss_dbg_dump_result][107]bin_pwr_count = 416
false:*Jun 27 16:25:50: %P2058-7-DEBUG: [classifiler][rj_fss_dbg_dump_result][107]bin_pwr_count = 416
index=187
no find:*Jun 27 16:25:50: %P2058-7-DEBUG: [classifiler][rj_fss_dbg_dump_result][108]interf_list count = 0
index=188
no find:*Jun 27 16:25:50: %P2058-7-DEBUG: [classifiler][rj_fss_dbg_dump_result][101]
index=189
no find:*Jun 27 16:25:50: %P2058-7-DEBUG: ========================================
index=190
no find:*Jun 27 16:25:50: %P2058-7-DEBUG: [classifiler][rj_fss_dbg_dump_result][102]radio_id = 2
index=191
no find:*Jun 27 16:25:50: %P2058-7-DEBUG: [classifiler][rj_fss_dbg_dump_result][103]freq = 5250
index=192
no find:*Jun 27 16:25:50: %P2058-7-DEBUG: [classifiler][rj_fss_dbg_dump_result][104]ch_width = 160
index=193
no find:*Jun 27 16:25:50: %P2058-7-DEBUG: [classifiler][rj_fss_dbg_dump_result][105]spectral_tstamp = 92795591
index=194
no find:*Jun 27 16:25:50: %P2058-7-DEBUG: [classifiler][rj_fss_dbg_dump_result][106]spectral_rssi = 3
index=195
find:*Jun 27 16:25:50: %P2058-7-DEBUG: [classifiler][rj_fss_dbg_dump_result][107]bin_pwr_count = 416
false:*Jun 27 16:25:50: %P2058-7-DEBUG: [classifiler][rj_fss_dbg_dump_result][107]bin_pwr_count = 416
index=196
no find:*Jun 27 16:25:51: %P2058-7-DEBUG: [classifiler][rj_fss_dbg_dump_result][108]interf_list count = 0
index=197
no find:*Jun 27 16:25:51: %P2058-7-DEBUG: [classifiler][rj_fss_dbg_dump_result][101]
index=198
no find:*Jun 27 16:25:51: %P2058-7-DEBUG: ========================================
index=199
no find:*Jun 27 16:25:51: %P2058-7-DEBUG: [classifiler][rj_fss_dbg_dump_result][102]radio_id = 2
index=200
no find:*Jun 27 16:25:51: %P2058-7-DEBUG: [classifiler][rj_fss_dbg_dump_result][103]freq = 5250
index=201
no find:*Jun 27 16:25:51: %P2058-7-DEBUG: [classifiler][rj_fss_dbg_dump_result][104]ch_width = 160
index=202
no find:*Jun 27 16:25:51: %P2058-7-DEBUG: [classifiler][rj_fss_dbg_dump_result][105]spectral_tstamp = 92795643
index=203
no find:*Jun 27 16:25:51: %P2058-7-DEBUG: [classifiler][rj_fss_dbg_dump_result][106]spectral_rssi = 4
index=204
find:*Jun 27 16:25:51: %P2058-7-DEBUG: [classifiler][rj_fss_dbg_dump_result][107]bin_pwr_count = 416
false:*Jun 27 16:25:51: %P2058-7-DEBUG: [classifiler][rj_fss_dbg_dump_result][107]bin_pwr_count = 416
index=205
no find:*Jun 27 16:25:51: %P2058-7-DEBUG: [classifiler][rj_fss_dbg_dump_result][108]interf_list count = 0
index=206
no find:*Jun 27 16:25:52: %P2058-7-DEBUG: [classifiler][rj_fss_dbg_dump_result][101]
index=207
no find:*Jun 27 16:25:52: %P2058-7-DEBUG: ========================================
index=208
no find:*Jun 27 16:25:52: %P2058-7-DEBUG: [classifiler][rj_fss_dbg_dump_result][102]radio_id = 2
index=209
no find:*Jun 27 16:25:52: %P2058-7-DEBUG: [classifiler][rj_fss_dbg_dump_result][103]freq = 5250
index=210
no find:*Jun 27 16:25:52: %P2058-7-DEBUG: [classifiler][rj_fss_dbg_dump_result][104]ch_width = 160
index=211
no find:*Jun 27 16:25:52: %P2058-7-DEBUG: [classifiler][rj_fss_dbg_dump_result][105]spectral_tstamp = 92795670
index=212
no find:*Jun 27 16:25:52: %P2058-7-DEBUG: [classifiler][rj_fss_dbg_dump_result][106]spectral_rssi = 4
index=213
find:*Jun 27 16:25:52: %P2058-7-DEBUG: [classifiler][rj_fss_dbg_dump_result][107]bin_pwr_count = 416
false:*Jun 27 16:25:52: %P2058-7-DEBUG: [classifiler][rj_fss_dbg_dump_result][107]bin_pwr_count = 416
index=214
no find:*Jun 27 16:25:52: %P2058-7-DEBUG: [classifiler][rj_fss_dbg_dump_result][108]interf_list count = 0
index=215
no find:*Jun 27 16:25:52: %P2058-7-DEBUG: [classifiler][rj_fss_dbg_dump_result][101]
index=216
no find:*Jun 27 16:25:52: %P2058-7-DEBUG: ========================================
index=217
no find:*Jun 27 16:25:53: %P2058-7-DEBUG: [classifiler][rj_fss_dbg_dump_result][102]radio_id = 2
index=218
no find:*Jun 27 16:25:53: %P2058-7-DEBUG: [classifiler][rj_fss_dbg_dump_result][103]freq = 5250
index=219
no find:*Jun 27 16:25:53: %P2058-7-DEBUG: [classifiler][rj_fss_dbg_dump_result][104]ch_width = 160
index=220
no find:*Jun 27 16:25:53: %P2058-7-DEBUG: [classifiler][rj_fss_dbg_dump_result][101]
index=221
no find:*Jun 27 16:25:53: %P2058-7-DEBUG: ========================================
index=222
no find:*Jun 27 16:25:53: %P2058-7-DEBUG: [classifiler][rj_fss_dbg_dump_result][102]radio_id = 2
index=223
no find:*Jun 27 16:25:53: %P2058-7-DEBUG: [classifiler][rj_fss_dbg_dump_result][103]freq = 5785
index=224
no find:*Jun 27 16:25:53: %P2058-7-DEBUG: [classifiler][rj_fss_dbg_dump_result][104]ch_width = 100
index=225
no find:*Jun 27 16:25:53: %P2058-7-DEBUG: [classifiler][rj_fss_dbg_dump_result][105]spectral_tstamp = 97194997
index=226
no find:*Jun 27 16:25:53: %P2058-7-DEBUG: [classifiler][rj_fss_dbg_dump_result][106]spectral_rssi = 15
index=227
find:*Jun 27 16:25:53: %P2058-7-DEBUG: [classifiler][rj_fss_dbg_dump_result][107]bin_pwr_count = 260
true:*Jun 27 16:25:53: %P2058-7-DEBUG: [classifiler][rj_fss_dbg_dump_result][107]bin_pwr_count = 260
index=228
no find:*Jun 27 16:25:54: %P2058-7-DEBUG: [classifiler][rj_fss_dbg_dump_result][108]interf_list count = 0
index=229
no find:*Jun 27 16:25:54: %P2058-7-DEBUG: [classifiler][rj_fss_dbg_dump_result][101]
index=230
no find:*Jun 27 16:25:54: %P2058-7-DEBUG: ========================================
index=231
no find:*Jun 27 16:25:54: %P2058-7-DEBUG: [classifiler][rj_fss_dbg_dump_result][102]radio_id = 2
index=232
no find:*Jun 27 16:25:54: %P2058-7-DEBUG: [classifiler][rj_fss_dbg_dump_result][103]freq = 5785
index=233
no find:*Jun 27 16:25:54: %P2058-7-DEBUG: [classifiler][rj_fss_dbg_dump_result][104]ch_width = 100
index=234
no find:*Jun 27 16:25:54: %P2058-7-DEBUG: [classifiler][rj_fss_dbg_dump_result][105]spectral_tstamp = 97195024
index=235
no find:*Jun 27 16:25:54: %P2058-7-DEBUG: [classifiler][rj_fss_dbg_dump_result][106]spectral_rssi = 4
index=236
find:*Jun 27 16:25:54: %P2058-7-DEBUG: [classifiler][rj_fss_dbg_dump_result][107]bin_pwr_count = 260
true:*Jun 27 16:25:54: %P2058-7-DEBUG: [classifiler][rj_fss_dbg_dump_result][107]bin_pwr_count = 260
index=237
no find:*Jun 27 16:25:54: %P2058-7-DEBUG: [classifiler][rj_fss_dbg_dump_result][108]interf_list count = 0
index=238
no find:*Jun 27 16:25:55: %P2058-7-DEBUG: [classifiler][rj_fss_dbg_dump_result][101]
index=239
no find:*Jun 27 16:25:55: %P2058-7-DEBUG: ========================================
index=240
no find:*Jun 27 16:25:55: %P2058-7-DEBUG: [classifiler][rj_fss_dbg_dump_result][102]radio_id = 2
index=241
no find:*Jun 27 16:25:55: %P2058-7-DEBUG: [classifiler][rj_fss_dbg_dump_result][103]freq = 5785
index=242
no find:*Jun 27 16:25:55: %P2058-7-DEBUG: [classifiler][rj_fss_dbg_dump_result][104]ch_width = 100
index=243
no find:*Jun 27 16:25:55: %P2058-7-DEBUG: [classifiler][rj_fss_dbg_dump_result][105]spectral_tstamp = 97195052
index=244
no find:*Jun 27 16:25:55: %P2058-7-DEBUG: [classifiler][rj_fss_dbg_dump_result][106]spectral_rssi = 4
index=245
find:*Jun 27 16:25:55: %P2058-7-DEBUG: [classifiler][rj_fss_dbg_dump_result][107]bin_pwr_count = 260
true:*Jun 27 16:25:55: %P2058-7-DEBUG: [classifiler][rj_fss_dbg_dump_result][107]bin_pwr_count = 260
index=246
no find:*Jun 27 16:25:55: %P2058-7-DEBUG: [classifiler][rj_fss_dbg_dump_result][108]interf_list count = 0
index=247
no find:*Jun 27 16:25:55: %P2058-7-DEBUG: [classifiler][rj_fss_dbg_dump_result][101]
index=248
no find:*Jun 27 16:25:55: %P2058-7-DEBUG: ========================================
index=249
no find:*Jun 27 16:25:56: %P2058-7-DEBUG: [classifiler][rj_fss_dbg_dump_result][102]radio_id = 2
index=250
no find:*Jun 27 16:25:56: %P2058-7-DEBUG: [classifiler][rj_fss_dbg_dump_result][103]freq = 5785
index=251
no find:*Jun 27 16:25:56: %P2058-7-DEBUG: [classifiler][rj_fss_dbg_dump_result][104]ch_width = 100
index=252
no find:*Jun 27 16:25:56: %P2058-7-DEBUG: [classifiler][rj_fss_dbg_dump_result][105]spectral_tstamp = 97195079
index=253
no find:*Jun 27 16:25:56: %P2058-7-DEBUG: [classifiler][rj_fss_dbg_dump_result][106]spectral_rssi = 5
index=254
find:*Jun 27 16:25:56: %P2058-7-DEBUG: [classifiler][rj_fss_dbg_dump_result][107]bin_pwr_count = 260
true:*Jun 27 16:25:56: %P2058-7-DEBUG: [classifiler][rj_fss_dbg_dump_result][107]bin_pwr_count = 260
index=255
no find:*Jun 27 16:25:56: %P2058-7-DEBUG: [classifiler][rj_fss_dbg_dump_result][108]interf_list count = 0
index=256
no find:*Jun 27 16:25:56: %P2058-7-DEBUG: [classifiler][rj_fss_dbg_dump_result][101]
index=257
no find:*Jun 27 16:25:56: %P2058-7-DEBUG: ========================================
index=258
no find:*Jun 27 16:25:56: %P2058-7-DEBUG: [classifiler][rj_fss_dbg_dump_result][102]radio_id = 2
index=259
no find:*Jun 27 16:25:56: %P2058-7-DEBUG: [classifiler][rj_fss_dbg_dump_result][103]freq = 5785
index=260
no find:*Jun 27 16:25:57: %P2058-7-DEBUG: [classifiler][rj_fss_dbg_dump_result][104]ch_width = 100
index=261
no find:*Jun 27 16:25:57: %P2058-7-DEBUG: [classifiler][rj_fss_dbg_dump_result][105]spectral_tstamp = 97195197
index=262
no find:*Jun 27 16:25:57: %P2058-7-DEBUG: [classifiler][rj_fss_dbg_dump_result][106]spectral_rssi = 4
index=263
find:*Jun 27 16:25:57: %P2058-7-DEBUG: [classifiler][rj_fss_dbg_dump_result][107]bin_pwr_count = 260
true:*Jun 27 16:25:57: %P2058-7-DEBUG: [classifiler][rj_fss_dbg_dump_result][107]bin_pwr_count = 260
index=264
no find:*Jun 27 16:25:57: %P2058-7-DEBUG: [classifiler][rj_fss_dbg_dump_result][108]interf_list count = 0
index=265
no find:*Jun 27 16:25:57: %P2058-7-DEBUG: [classifiler][rj_fss_dbg_dump_result][101]
-------------------------------------------------------------</msg>
<msg timestamp="20190627 16:25:01.952" level="INFO">${ret} = 1</msg>
<status status="PASS" starttime="20190627 16:25:01.950" endtime="20190627 16:25:01.952"></status>
</kw>
<kw name="Run Keyword If" library="BuiltIn">
<doc>Runs the given keyword with the given arguments, if ``condition`` is true.</doc>
<arguments>
<arg>${ret}==1</arg>
<arg>log</arg>
<arg>${ret}</arg>
<arg>ELSE</arg>
<arg>Should Match</arg>
<arg>${output}</arg>
<arg>*no find bin_pwr_count = 260*</arg>
</arguments>
<kw name="Log" library="BuiltIn">
<doc>Logs the given message with the given level.</doc>
<arguments>
<arg>${ret}</arg>
</arguments>
<msg timestamp="20190627 16:25:01.953" level="INFO">1</msg>
<status status="PASS" starttime="20190627 16:25:01.953" endtime="20190627 16:25:01.953"></status>
</kw>
<status status="PASS" starttime="20190627 16:25:01.953" endtime="20190627 16:25:01.953"></status>
</kw>
<kw name="Sleep" library="BuiltIn">
<doc>Pauses the test executed for the given time.</doc>
<arguments>
<arg>5s</arg>
</arguments>
<msg timestamp="20190627 16:25:06.954" level="INFO">Slept 5 seconds</msg>
<status status="PASS" starttime="20190627 16:25:01.954" endtime="20190627 16:25:06.954"></status>
</kw>
<doc>配置频宽，使能radio2的频谱检测</doc>
<status status="PASS" starttime="20190627 16:23:43.892" endtime="20190627 16:25:06.955" critical="yes"></status>
</test>
<test id="s1-t2" name="Test end and reset configure">
<kw name="Switch Connection" library="Telnet">
<doc>Switches between active connections using an index or an alias.</doc>
<arguments>
<arg>1</arg>
</arguments>
<status status="PASS" starttime="20190627 16:25:06.974" endtime="20190627 16:25:06.975"></status>
</kw>
<kw name="Write Bare" library="Telnet">
<doc>Writes the given text, and nothing else, into the connection.</doc>
<arguments>
<arg>\r\n</arg>
</arguments>
<status status="PASS" starttime="20190627 16:25:06.976" endtime="20190627 16:25:06.976"></status>
</kw>
<kw name="Read Until Prompt" library="Telnet">
<doc>Reads output until the prompt is encountered.</doc>
<msg timestamp="20190627 16:25:07.190" level="INFO">WS5308(config-ap)#</msg>
<status status="PASS" starttime="20190627 16:25:06.976" endtime="20190627 16:25:07.191"></status>
</kw>
<kw name="Write" library="Telnet">
<doc>Writes the given text plus a newline into the connection.</doc>
<arguments>
<arg>no spectral enable radio 1</arg>
</arguments>
<msg timestamp="20190627 16:25:07.212" level="INFO">no spectral enable radio 1</msg>
<status status="PASS" starttime="20190627 16:25:07.192" endtime="20190627 16:25:07.213"></status>
</kw>
<kw name="Write" library="Telnet">
<doc>Writes the given text plus a newline into the connection.</doc>
<arguments>
<arg>no spectral enable radio 2</arg>
</arguments>
<msg timestamp="20190627 16:25:07.269" level="INFO">WS5308(config-ap)#no spectral enable radio 2</msg>
<status status="PASS" starttime="20190627 16:25:07.213" endtime="20190627 16:25:07.269"></status>
</kw>
<kw name="Write" library="Telnet">
<doc>Writes the given text plus a newline into the connection.</doc>
<arguments>
<arg>no spectral enable radio 3</arg>
</arguments>
<msg timestamp="20190627 16:25:07.338" level="INFO">WS5308(config-ap)#no spectral enable radio 3</msg>
<status status="PASS" starttime="20190627 16:25:07.269" endtime="20190627 16:25:07.339"></status>
</kw>
<kw name="Write" library="Telnet">
<doc>Writes the given text plus a newline into the connection.</doc>
<arguments>
<arg>no spectral enable</arg>
</arguments>
<msg timestamp="20190627 16:25:07.409" level="INFO">WS5308(config-ap)#no spectral enable</msg>
<status status="PASS" starttime="20190627 16:25:07.339" endtime="20190627 16:25:07.409"></status>
</kw>
<kw name="Write" library="Telnet">
<doc>Writes the given text plus a newline into the connection.</doc>
<arguments>
<arg>no device mode</arg>
</arguments>
<msg timestamp="20190627 16:25:07.469" level="INFO">WS5308(config-ap)#no device mode</msg>
<status status="PASS" starttime="20190627 16:25:07.409" endtime="20190627 16:25:07.469"></status>
</kw>
<kw name="Read Until Prompt" library="Telnet">
<doc>Reads output until the prompt is encountered.</doc>
<msg timestamp="20190627 16:25:07.670" level="INFO">WS5308(config-ap)#</msg>
<status status="PASS" starttime="20190627 16:25:07.470" endtime="20190627 16:25:07.671"></status>
</kw>
<kw name="Execute Command" library="Telnet">
<doc>Executes the given ``command`` and reads, logs, and returns everything until the prompt.</doc>
<arguments>
<arg>show ap-config running ${AP_NAME}</arg>
</arguments>
<assign>
<var>${output}</var>
</assign>
<msg timestamp="20190627 16:25:07.690" level="INFO">show ap-config running AP740-I-newFlash</msg>
<msg timestamp="20190627 16:25:08.191" level="INFO">Building configuration...
Current configuration: 177 bytes

!
ap-config AP740-I-newFlash
 ap-mac 00d0.f822.334c
 wlan-cap enable 1
 channel 157 radio 2
 chan-width 40 radio 1
 chan-width 40 radio 2
 chan-width 40 radio 3
!
end
WS5308(config-ap)#</msg>
<msg timestamp="20190627 16:25:08.191" level="INFO">${output} = 
Building configuration...
Current configuration: 177 bytes

!
ap-config AP740-I-newFlash
 ap-mac 00d0.f822.334c
 wlan-cap enable 1
 channel 157 radio 2
 chan-width 40 radio 1
 cha...</msg>
<status status="PASS" starttime="20190627 16:25:07.672" endtime="20190627 16:25:08.191"></status>
</kw>
<kw name="Should Not Match" library="BuiltIn">
<doc>Fails if the given ``string`` matches the given ``pattern``.</doc>
<arguments>
<arg>${output}</arg>
<arg>*spectral enable*</arg>
</arguments>
<status status="PASS" starttime="20190627 16:25:08.192" endtime="20190627 16:25:08.193"></status>
</kw>
<kw name="Switch Connection" library="Telnet">
<doc>Switches between active connections using an index or an alias.</doc>
<arguments>
<arg>2</arg>
</arguments>
<status status="PASS" starttime="20190627 16:25:08.193" endtime="20190627 16:25:08.193"></status>
</kw>
<kw name="Write Bare" library="Telnet">
<doc>Writes the given text, and nothing else, into the connection.</doc>
<arguments>
<arg>\r\n</arg>
</arguments>
<status status="PASS" starttime="20190627 16:25:08.194" endtime="20190627 16:25:08.194"></status>
</kw>
<kw name="Read" library="Telnet">
<doc>Reads everything that is currently available in the output.</doc>
<status status="PASS" starttime="20190627 16:25:08.195" endtime="20190627 16:25:08.195"></status>
</kw>
<kw name="Write" library="Telnet">
<doc>Writes the given text plus a newline into the connection.</doc>
<arguments>
<arg>no spectral debug level</arg>
</arguments>
<status status="PASS" starttime="20190627 16:25:08.196" endtime="20190627 16:25:08.197"></status>
</kw>
<kw name="Write" library="Telnet">
<doc>Writes the given text plus a newline into the connection.</doc>
<arguments>
<arg>end</arg>
</arguments>
<msg timestamp="20190627 16:25:08.415" level="INFO">AP740-I-newFlash(config-spectral)#no spectral debug level</msg>
<status status="PASS" starttime="20190627 16:25:08.198" endtime="20190627 16:25:08.415"></status>
</kw>
<status status="PASS" starttime="20190627 16:25:06.963" endtime="20190627 16:25:08.415" critical="yes"></status>
</test>
<kw name="Close All Connections" library="Telnet" type="teardown">
<doc>Closes all open connections and empties the connection cache.</doc>
<status status="PASS" starttime="20190627 16:25:08.420" endtime="20190627 16:25:08.421"></status>
</kw>
<status status="PASS" starttime="20190627 16:23:39.487" endtime="20190627 16:25:08.421"></status>
</suite>
<statistics>
<total>
<stat pass="2" fail="0">Critical Tests</stat>
<stat pass="2" fail="0">All Tests</stat>
</total>
<tag>
</tag>
<suite>
<stat pass="2" fail="0" id="s1" name="Spectral Case1 02 5G High">Spectral Case1 02 5G High</stat>
</suite>
</statistics>
<errors>
</errors>
</robot>
